d:\baidunetdiskdownload\最后一战\[moba手游]最后一战\[moba手游]最后一战\server\balanceserver\balanceserver\x64\release\balanceserver.pch
d:\baidunetdiskdownload\最后一战\[moba手游]最后一战\[moba手游]最后一战\server\balanceserver\balanceserver\x64\release\vc140.pdb
d:\baidunetdiskdownload\最后一战\[moba手游]最后一战\[moba手游]最后一战\server\balanceserver\balanceserver\x64\release\stdafx.obj
d:\baidunetdiskdownload\最后一战\[moba手游]最后一战\[moba手游]最后一战\server\balanceserver\balanceserver\x64\release\gatesession.obj
d:\baidunetdiskdownload\最后一战\[moba手游]最后一战\[moba手游]最后一战\server\balanceserver\balanceserver\x64\release\clientsession.obj
d:\baidunetdiskdownload\最后一战\[moba手游]最后一战\[moba手游]最后一战\server\balanceserver\balanceserver\x64\release\bsnetsessionmgr.obj
d:\baidunetdiskdownload\最后一战\[moba手游]最后一战\[moba手游]最后一战\server\balanceserver\balanceserver\x64\release\b2lsession.obj
d:\baidunetdiskdownload\最后一战\[moba手游]最后一战\[moba手游]最后一战\server\balanceserver\balanceserver\x64\release\balanceserver.obj
d:\baidunetdiskdownload\最后一战\[moba手游]最后一战\[moba手游]最后一战\server\balanceserver\balanceserver\x64\release\parseproto.obj
d:\baidunetdiskdownload\最后一战\[moba手游]最后一战\[moba手游]最后一战\server\balanceserver\balanceserver\x64\release\gstobs.pb.obj
d:\baidunetdiskdownload\最后一战\[moba手游]最后一战\[moba手游]最后一战\server\balanceserver\balanceserver\x64\release\gctobs.pb.obj
d:\baidunetdiskdownload\最后一战\[moba手游]最后一战\[moba手游]最后一战\server\balanceserver\balanceserver\x64\release\bstols.pb.obj
d:\baidunetdiskdownload\最后一战\[moba手游]最后一战\[moba手游]最后一战\server\balanceserver\balanceserver\x64\release\bstogs.pb.obj
d:\baidunetdiskdownload\最后一战\[moba手游]最后一战\[moba手游]最后一战\server\balanceserver\balanceserver\x64\release\bstogc.pb.obj
d:\baidunetdiskdownload\最后一战\[moba手游]最后一战\[moba手游]最后一战\server\balanceserver\balanceserver\x64\release\isrvclisession.obj
d:\baidunetdiskdownload\最后一战\[moba手游]最后一战\[moba手游]最后一战\server\balanceserver\balanceserver\x64\release\inetsessionmgr.obj
d:\baidunetdiskdownload\最后一战\[moba手游]最后一战\[moba手游]最后一战\server\balanceserver\balanceserver\x64\release\inetsession.obj
d:\baidunetdiskdownload\最后一战\[moba手游]最后一战\[moba手游]最后一战\server\balanceserver\balanceserver\x64\release\imsghandle.obj
d:\baidunetdiskdownload\最后一战\[moba手游]最后一战\[moba手游]最后一战\server\balanceserver\balanceserver\x64\release\iclisession.obj
d:\baidunetdiskdownload\最后一战\[moba手游]最后一战\[moba手游]最后一战\server\balanceserver\balanceserver\x64\release\logger.obj
d:\baidunetdiskdownload\最后一战\[moba手游]最后一战\[moba手游]最后一战\server\balanceserver\balanceserver\x64\release\deflogging.obj
d:\baidunetdiskdownload\最后一战\[moba手游]最后一战\[moba手游]最后一战\server\balanceserver\balanceserver\x64\release\balanceserver.tlog\cl.command.1.tlog
d:\baidunetdiskdownload\最后一战\[moba手游]最后一战\[moba手游]最后一战\server\balanceserver\balanceserver\x64\release\balanceserver.tlog\cl.read.1.tlog
d:\baidunetdiskdownload\最后一战\[moba手游]最后一战\[moba手游]最后一战\server\balanceserver\balanceserver\x64\release\balanceserver.tlog\cl.write.1.tlog
d:\baidunetdiskdownload\最后一战\[moba手游]最后一战\[moba手游]最后一战\server\balanceserver\balanceserver\x64\release\balanceserver.tlog\link.command.1.tlog
d:\baidunetdiskdownload\最后一战\[moba手游]最后一战\[moba手游]最后一战\server\balanceserver\balanceserver\x64\release\balanceserver.tlog\link.read.1.tlog
d:\baidunetdiskdownload\最后一战\[moba手游]最后一战\[moba手游]最后一战\server\balanceserver\balanceserver\x64\release\balanceserver.tlog\link.write.1.tlog
