04-21-10:38:16.0582 66532 SceneServer::CSSCfgMgr::LoadMapStaticData:970 Add 1000 MapStaticData
04-21-10:38:16.0592 66532 SceneServer::CSSCfgMgr::LoadMapStaticData:970 Add 1001 MapStaticData
04-21-10:38:16.0602 66532 SceneServer::CSSCfgMgr::LoadMapStaticData:970 Add 1002 MapStaticData
04-21-10:38:16.0762 66532 SceneServer::CSSCfgMgr::LoadMapStaticData:970 Add 1003 MapStaticData
04-21-10:38:16.6026 66532 CCentralSession::SendInitData:30 CS Connected, try to register me.
04-21-10:38:16.6046 66532 CCentralSession::Msg_Handle_Init:90 GSKernel Start success, Got 10 GSInfo and 8 GS defined, Milsec error 218.
04-21-10:38:16.6056 66532 CCentralSession::OnRealEstablish:41 CS Connected and register ok, try to ask global config.
04-21-10:38:16.6066 66532 SceneServer::CSSCfgMgr::OnMsgFromCS_NotifyGameSwitchCfg:1359 --set this ss gamelog switch .....ok!--
04-21-10:38:16.6076 66532 SceneServer::CSSCfgMgr::OnMsgFromCS_NotifyNPCCfgList:1035 Load 52 Cfgs.
04-21-10:38:16.6086 66532 SceneServer::CSSCfgMgr::OnMsgFromCS_NotifyHeroCfgList:1049 Load 22 Cfgs.
04-21-10:38:16.6086 66532 SceneServer::CSSCfgMgr::OnMsgFromCS_NotifyShopCfgList:1077 Load 3 Cfgs.
04-21-10:38:16.6096 66532 SceneServer::CSSCfgMgr::OnMsgFromCS_NotifyGoodsCfgList:1063 Load 103 Cfgs.
04-21-10:38:16.6106 66532 SceneServer::CSSCfgMgr::OnMsgFromCS_NotifyRobotAICfgList:1091 Load 609 Cfgs.
04-21-10:38:16.6116 66532 SceneServer::CSSCfgMgr::OnMsgFromCS_NotifyRobotAIPathCfgList:1105 Load 197 Cfgs.
04-21-10:38:16.6126 66532 SceneServer::CSSCfgMgr::OnMsgFromCS_NotifyNewSkillCfgList:1119 Load 268 Cfgs.
04-21-10:38:16.6136 66532 SceneServer::CSSCfgMgr::OnMsgFromCS_NotifySkillModelAccountCfgCfgList:1133 Load 322 Cfgs.
04-21-10:38:16.6136 66532 SceneServer::CSSCfgMgr::OnMsgFromCS_NotifySkillModelEmitCfgList:1147 Load 96 Cfgs.
04-21-10:38:16.6156 66532 SceneServer::CSSCfgMgr::OnMsgFromCS_NotifySkillModelRangeCfgList:1161 Load 123 Cfgs.
04-21-10:38:16.6166 66532 SceneServer::CSSCfgMgr::OnMsgFromCS_NotifySkillModelLeadingCfgList:1175 Load 17 Cfgs.
04-21-10:38:16.6226 66532 SceneServer::CSSCfgMgr::OnMsgFromCS_NotifySkillModelBufCfgList:1189 Load 302 Cfgs.
04-21-10:38:16.6236 66532 SceneServer::CSSCfgMgr::OnMsgFromCS_NotifySkillModelSummonCfgList:1203 Load 5 Cfgs.
04-21-10:38:16.6246 66532 SceneServer::CSSCfgMgr::OnMsgFromCS_NotifySkillModelMoveCfgList:1217 Load 26 Cfgs.
04-21-10:38:16.6256 66532 SceneServer::CSSCfgMgr::OnMsgFromCS_NotifySkillModelSwitchCfgList:1232 Load 1 Cfgs.
04-21-10:38:16.6266 66532 SceneServer::CSSCfgMgr::OnMsgFromCS_NotifySkillModelPurificationCfgList:1247 Load 1 Cfgs.
04-21-10:38:16.6276 66532 SceneServer::CSSCfgMgr::OnMsgFromCS_NotifySkillModelLinkCfgList:1262 Load 1 Cfgs.
04-21-10:38:16.6286 66532 SceneServer::CSSCfgMgr::OnMsgFromCS_NotifyPassitiveSkillCfgList:1276 Load 126 Cfgs.
04-21-10:38:16.6296 66532 SceneServer::CSSCfgMgr::OnMsgFromCS_NotifyPassitiveEffectBloodSeekCfgList:1290 Load 6 Cfgs.
04-21-10:38:16.6426 66532 SceneServer::CSSCfgMgr::OnMsgFromCS_NotifyPassitiveEffectReboundCfgList:1304 Load 4 Cfgs.
04-21-10:38:16.6436 66532 SceneServer::CSSCfgMgr::OnMsgFromCS_NotifyPassitiveEffectReliveCfgList:1319 Load 1 Cfgs.
04-21-10:38:16.7377 66532 SceneServer::CSSWorkThreadMgr::OnMsgFromGS_GSAskRegiste:224 GS 30001 registed at net session 3.
04-21-10:38:16.7387 66532 CGateSession::OnRealEstablish:39 GS(30001) Connected.
04-21-10:38:17.0979 66532 CSSLogSession::SendInitData:28  LogServer Connected, try to register me.
04-21-12:19:58.2198 66532 CCentralSession::OnClose:47 CS DisConnect.

