11-22-01:25:23.0347 35920 SceneServer::CSSCfgMgr::LoadMapStaticData:970 Add 1000 MapStaticData
11-22-01:25:23.0357 35920 SceneServer::CSSCfgMgr::LoadMapStaticData:970 Add 1001 MapStaticData
11-22-01:25:23.0407 35920 SceneServer::CSSCfgMgr::LoadMapStaticData:970 Add 1002 MapStaticData
11-22-01:25:23.0697 35920 SceneServer::CSSCfgMgr::LoadMapStaticData:970 Add 1003 MapStaticData
11-22-01:25:23.0847 35920 CSSLogSession::SendInitData:28  LogServer Connected, try to register me.
11-22-01:25:24.0917 35920 CCentralSession::SendInitData:30 CS Connected, try to register me.
11-22-01:25:24.0932 35920 CCentralSession::Msg_Handle_Init:90 GSKernel Start success, Got 10 GSInfo and 8 GS defined, Milsec error 41.
11-22-01:25:24.0952 35920 CCentralSession::OnRealEstablish:41 CS Connected and register ok, try to ask global config.
11-22-01:25:24.0972 35920 SceneServer::CSSCfgMgr::OnMsgFromCS_NotifyGameSwitchCfg:1359 --set this ss gamelog switch .....ok!--
11-22-01:25:24.0987 35920 SceneServer::CSSCfgMgr::OnMsgFromCS_NotifyNPCCfgList:1035 Load 52 Cfgs.
11-22-01:25:24.1002 35920 SceneServer::CSSCfgMgr::OnMsgFromCS_NotifyHeroCfgList:1049 Load 22 Cfgs.
11-22-01:25:24.1012 35920 SceneServer::CSSCfgMgr::OnMsgFromCS_NotifyShopCfgList:1077 Load 3 Cfgs.
11-22-01:25:24.1027 35920 SceneServer::CSSCfgMgr::OnMsgFromCS_NotifyGoodsCfgList:1063 Load 103 Cfgs.
11-22-01:25:24.1037 35920 SceneServer::CSSCfgMgr::OnMsgFromCS_NotifyRobotAICfgList:1091 Load 609 Cfgs.
11-22-01:25:24.1062 35920 SceneServer::CSSCfgMgr::OnMsgFromCS_NotifyRobotAIPathCfgList:1105 Load 197 Cfgs.
11-22-01:25:24.1082 35920 SceneServer::CSSCfgMgr::OnMsgFromCS_NotifyNewSkillCfgList:1119 Load 268 Cfgs.
11-22-01:25:24.1102 35920 SceneServer::CSSCfgMgr::OnMsgFromCS_NotifySkillModelAccountCfgCfgList:1133 Load 322 Cfgs.
11-22-01:25:24.1117 35920 SceneServer::CSSCfgMgr::OnMsgFromCS_NotifySkillModelEmitCfgList:1147 Load 96 Cfgs.
11-22-01:25:24.1132 35920 SceneServer::CSSCfgMgr::OnMsgFromCS_NotifySkillModelRangeCfgList:1161 Load 123 Cfgs.
11-22-01:25:24.1147 35920 SceneServer::CSSCfgMgr::OnMsgFromCS_NotifySkillModelLeadingCfgList:1175 Load 17 Cfgs.
11-22-01:25:24.1157 35920 SceneServer::CSSWorkThreadMgr::OnMsgFromGS_GSAskRegiste:224 GS 30001 registed at net session 3.
11-22-01:25:24.1177 35920 CGateSession::OnRealEstablish:39 GS(30001) Connected.
11-22-01:25:24.1187 35920 SceneServer::CSSCfgMgr::OnMsgFromCS_NotifySkillModelBufCfgList:1189 Load 302 Cfgs.
11-22-01:25:24.1197 35920 SceneServer::CSSCfgMgr::OnMsgFromCS_NotifySkillModelSummonCfgList:1203 Load 5 Cfgs.
11-22-01:25:24.1212 35920 SceneServer::CSSCfgMgr::OnMsgFromCS_NotifySkillModelMoveCfgList:1217 Load 26 Cfgs.
11-22-01:25:24.1232 35920 SceneServer::CSSCfgMgr::OnMsgFromCS_NotifySkillModelSwitchCfgList:1232 Load 1 Cfgs.
11-22-01:25:24.1252 35920 SceneServer::CSSCfgMgr::OnMsgFromCS_NotifySkillModelPurificationCfgList:1247 Load 1 Cfgs.
11-22-01:25:24.1272 35920 SceneServer::CSSCfgMgr::OnMsgFromCS_NotifySkillModelLinkCfgList:1262 Load 1 Cfgs.
11-22-01:25:24.1292 35920 SceneServer::CSSCfgMgr::OnMsgFromCS_NotifyPassitiveSkillCfgList:1276 Load 126 Cfgs.
11-22-01:25:24.1312 35920 SceneServer::CSSCfgMgr::OnMsgFromCS_NotifyPassitiveEffectBloodSeekCfgList:1290 Load 6 Cfgs.
11-22-01:25:24.1322 35920 SceneServer::CSSCfgMgr::OnMsgFromCS_NotifyPassitiveEffectReboundCfgList:1304 Load 4 Cfgs.
11-22-01:25:24.1342 35920 SceneServer::CSSCfgMgr::OnMsgFromCS_NotifyPassitiveEffectReliveCfgList:1319 Load 1 Cfgs.
11-22-01:26:05.5574 35920 CCentralSession::OnClose:47 CS DisConnect.
2-00:20:58.5938 17668 CGateSession::OnClose:48 GS(30001) DisConnect.
