04-15-19:26:49.9696 6992 SceneServer::CSSCfgMgr::LoadMapStaticData:970 Add 1000 MapStaticData
04-15-19:26:49.9706 6992 SceneServer::CSSCfgMgr::LoadMapStaticData:970 Add 1001 MapStaticData
04-15-19:26:49.9726 6992 SceneServer::CSSCfgMgr::LoadMapStaticData:970 Add 1002 MapStaticData
04-15-19:26:49.9736 6992 SceneServer::CSSCfgMgr::LoadMapStaticData:970 Add 1003 MapStaticData
04-15-19:26:51.9750 6992 CCentralSession::SendInitData:30 CS Connected, try to register me.
04-15-19:26:52.0120 6992 CCentralSession::OnClose:47 CS DisConnect.
04-15-19:27:01.4808 6992 CCentralSession::SendInitData:30 CS Connected, try to register me.
04-15-19:27:01.4837 6992 CSSLogSession::SendInitData:28  LogServer Connected, try to register me.
04-15-19:27:01.4867 6992 CCentralSession::Msg_Handle_Init:90 GSKernel Start success, Got 10 GSInfo and 8 GS defined, Milsec error 285.
04-15-19:27:01.4907 6992 CCentralSession::OnRealEstablish:41 CS Connected and register ok, try to ask global config.
04-15-19:27:01.4947 6992 SceneServer::CSSCfgMgr::OnMsgFromCS_NotifyGameSwitchCfg:1359 --set this ss gamelog switch .....ok!--
04-15-19:27:01.4988 6992 SceneServer::CSSCfgMgr::OnMsgFromCS_NotifyNPCCfgList:1035 Load 52 Cfgs.
04-15-19:27:01.5008 6992 SceneServer::CSSCfgMgr::OnMsgFromCS_NotifyHeroCfgList:1049 Load 22 Cfgs.
04-15-19:27:01.5018 6992 SceneServer::CSSCfgMgr::OnMsgFromCS_NotifyShopCfgList:1077 Load 3 Cfgs.
04-15-19:27:01.5058 6992 SceneServer::CSSCfgMgr::OnMsgFromCS_NotifyGoodsCfgList:1063 Load 103 Cfgs.
04-15-19:27:01.5058 6992 SceneServer::CSSCfgMgr::OnMsgFromCS_NotifyRobotAICfgList:1091 Load 609 Cfgs.
04-15-19:27:01.5068 6992 SceneServer::CSSCfgMgr::OnMsgFromCS_NotifyRobotAIPathCfgList:1105 Load 197 Cfgs.
04-15-19:27:01.5068 6992 SceneServer::CSSCfgMgr::OnMsgFromCS_NotifyNewSkillCfgList:1119 Load 268 Cfgs.
04-15-19:27:01.5098 6992 SceneServer::CSSCfgMgr::OnMsgFromCS_NotifySkillModelAccountCfgCfgList:1133 Load 322 Cfgs.
04-15-19:27:01.5148 6992 SceneServer::CSSCfgMgr::OnMsgFromCS_NotifySkillModelEmitCfgList:1147 Load 96 Cfgs.
04-15-19:27:01.5178 6992 SceneServer::CSSCfgMgr::OnMsgFromCS_NotifySkillModelRangeCfgList:1161 Load 123 Cfgs.
04-15-19:27:01.5198 6992 SceneServer::CSSCfgMgr::OnMsgFromCS_NotifySkillModelLeadingCfgList:1175 Load 17 Cfgs.
04-15-19:27:01.5208 6992 SceneServer::CSSCfgMgr::OnMsgFromCS_NotifySkillModelBufCfgList:1189 Load 302 Cfgs.
04-15-19:27:01.5228 6992 SceneServer::CSSCfgMgr::OnMsgFromCS_NotifySkillModelSummonCfgList:1203 Load 5 Cfgs.
04-15-19:27:01.5248 6992 SceneServer::CSSCfgMgr::OnMsgFromCS_NotifySkillModelMoveCfgList:1217 Load 26 Cfgs.
04-15-19:27:01.5258 6992 SceneServer::CSSCfgMgr::OnMsgFromCS_NotifySkillModelSwitchCfgList:1232 Load 1 Cfgs.
04-15-19:27:01.5268 6992 SceneServer::CSSCfgMgr::OnMsgFromCS_NotifySkillModelPurificationCfgList:1247 Load 1 Cfgs.
04-15-19:27:01.5278 6992 SceneServer::CSSCfgMgr::OnMsgFromCS_NotifySkillModelLinkCfgList:1262 Load 1 Cfgs.
04-15-19:27:01.5288 6992 SceneServer::CSSCfgMgr::OnMsgFromCS_NotifyPassitiveSkillCfgList:1276 Load 126 Cfgs.
04-15-19:27:01.5288 6992 SceneServer::CSSCfgMgr::OnMsgFromCS_NotifyPassitiveEffectBloodSeekCfgList:1290 Load 6 Cfgs.
04-15-19:27:01.5298 6992 SceneServer::CSSCfgMgr::OnMsgFromCS_NotifyPassitiveEffectReboundCfgList:1304 Load 4 Cfgs.
04-15-19:27:01.5318 6992 SceneServer::CSSCfgMgr::OnMsgFromCS_NotifyPassitiveEffectReliveCfgList:1319 Load 1 Cfgs.
04-15-19:27:01.5328 6992 SceneServer::CSSWorkThreadMgr::OnMsgFromGS_GSAskRegiste:224 GS 30001 registed at net session 3.
04-15-19:27:01.5338 6992 CGateSession::OnRealEstablish:39 GS(30001) Connected.
nMsgFromCS_NotifyPassitiveEffectReliveCfgList:1319 Load 1 Cfgs.
04-15-15:47:09.1665 3344 CSSLogSession::SendInitData:28  LogServer Connected, try to register me.
04-15-15:58:42.3072 204 SceneServer::CSSGuideBattle::CheckBornSolderOrHero:213 ==start  born hero:10009,taskid:16001
04-15-15:58:55.4915 204 SceneServer::CSSGuideBattle::CheckBornSolderOrHero:213 ==start  born hero:10008,taskid:16002
04-15-15:58:58.0033 204 SceneServer::CSSGuideBattle::CheckBornSolderOrHero:213 ==start  born hero:10007,taskid:16003
04-15-16:25:25.8461 7872 SceneServer::CSSBattle::OnBornNPCFunc:117 super solder:20016
04-15-16:25:26.9509 7872 SceneServer::CSSBattle::OnBornNPCFunc:117 super solder:20016
04-15-16:25:28.0166 7872 SceneServer::CSSBattle::OnBornNPCFunc:117 super solder:20017
04-15-16:25:58.0843 7872 SceneServer::CSSBattle::OnBornNPCFunc:117 super solder:20016
04-15-16:25:59.0880 7872 SceneServer::CSSBattle::OnBornNPCFunc:117 super solder:20016
04-15-16:26:00.0947 7872 SceneServer::CSSBattle::OnBornNPCFunc:117 super solder:20016
04-15-16:26:01.1064 7872 SceneServer::CSSBattle::OnBornNPCFunc:117 super solder:20017
04-15-16:26:31.1739 7872 SceneServer::CSSBattle::OnBornNPCFunc:117 super solder:20016
04-15-16:26:32.1796 7872 SceneServer::CSSBattle::OnBornNPCFunc:117 super solder:20016
04-15-16:26:33.1886 7872 SceneServer::CSSBattle::OnBornNPCFunc:117 super solder:20016
04-15-16:26:34.2097 7872 SceneServer::CSSBattle::OnBornNPCFunc:117 super solder:20017
04-15-16:27:04.2254 7872 SceneServer::CSSBattle::OnBornNPCFunc:117 super solder:20016
04-15-16:27:05.2317 7872 SceneServer::CSSBattle::OnBornNPCFunc:117 super solder:20016
04-15-16:27:06.2344 7872 SceneServer::CSSBattle::OnBornNPCFunc:117 super solder:20016
04-15-16:27:07.2421 7872 SceneServer::CSSBattle::OnBornNPCFunc:117 super solder:20017
04-15-16:27:37.2710 7872 SceneServer::CSSBattle::OnBornNPCFunc:117 super solder:20020
04-15-16:27:38.2907 7872 SceneServer::CSSBattle::OnBornNPCFunc:117 super solder:20016
04-15-16:27:39.3094 7872 SceneServer::CSSBattle::OnBornNPCFunc:117 super solder:20016
04-15-16:27:40.3272 7872 SceneServer::CSSBattle::OnBornNPCFunc:117 super solder:20016
04-15-16:27:41.3429 7872 SceneServer::CSSBattle::OnBornNPCFunc:117 super solder:20017
04-15-16:28:11.3919 7872 SceneServer::CSSBattle::OnBornNPCFunc:117 super solder:20016
04-15-16:28:12.3976 7872 SceneServer::CSSBattle::OnBornNPCFunc:117 super solder:20016
04-15-16:28:13.4013 7872 SceneServer::CSSBattle::OnBornNPCFunc:117 super solder:20016
04-15-16:28:14.5077 7872 SceneServer::CSSBattle::OnBornNPCFunc:117 super solder:20017
04-15-16:28:44.5551 7872 SceneServer::CSSBattle::OnBornNPCFunc:117 super solder:20016
04-15-16:28:45.5858 7872 SceneServer::CSSBattle::OnBornNPCFunc:117 super solder:20016
04-15-16:28:46.5906 7872 SceneServer::CSSBattle::OnBornNPCFunc:117 super solder:20016
04-15-16:28:47.5983 7872 SceneServer::CSSBattle::OnBornNPCFunc:117 super solder:20017
04-15-16:29:17.6400 7872 SceneServer::CSSBattle::OnBornNPCFunc:117 super solder:20016
04-15-16:29:18.6404 7872 SceneServer::CSSBattle::OnBornNPCFunc:117 super solder:20016
04-15-16:29:19.6481 7872 SceneServer::CSSBattle::OnBornNPCFunc:117 super solder:20016
04-15-16:29:20.6541 7872 SceneServer::CSSBattle::OnBornNPCFunc:117 super solder:20017
04-15-16:29:50.6925 7872 SceneServer::CSSBattle::OnBornNPCFunc:117 super solder:20020
04-15-16:29:51.7045 7872 SceneServer::CSSBattle::OnBornNPCFunc:117 super solder:20016
04-15-16:29:52.7670 7872 SceneServer::CSSBattle::OnBornNPCFunc:117 super solder:20016
04-15-16:29:53.8458 7872 SceneServer::CSSBattle::OnBornNPCFunc:117 super solder:20016
04-15-16:29:54.8312 7872 SceneServer::CSSBattle::OnBornNPCFunc:117 super solder:20017
04-15-16:30:24.9245 7872 SceneServer::CSSBattle::OnBornNPCFunc:117 super solder:20016
04-15-16:30:25.8819 7872 SceneServer::CSSBattle::OnBornNPCFunc:117 super solder:20016
04-15-16:30:26.8926 7872 SceneServer::CSSBattle::OnBornNPCFunc:117 super solder:20016
04-15-16:30:27.8997 7872 SceneServer::CSSBattle::OnBornNPCFunc:117 super solder:20017
04-15-16:30:57.9623 7872 SceneServer::CSSBattle::OnBornNPCFunc:117 super solder:20016
04-15-16:30:58.9758 7872 SceneServer::CSSBattle::OnBornNPCFunc:117 super solder:20016
04-15-16:30:59.9796 7872 SceneServer::CSSBattle::OnBornNPCFunc:117 super solder:20016
04-15-16:31:01.0824 7872 SceneServer::CSSBattle::OnBornNPCFunc:117 super solder:20017
04-15-16:31:31.1804 7872 SceneServer::CSSBattle::OnBornNPCFunc:117 super solder:20016
04-15-16:31:32.1933 7872 SceneServer::CSSBattle::OnBornNPCFunc:117 super solder:20016
04-15-16:31:33.2010 7872 SceneServer::CSSBattle::OnBornNPCFunc:117 super solder:20016
04-15-16:31:34.2018 7872 SceneServer::CSSBattle::OnBornNPCFunc:117 super solder:20017
04-15-16:32:04.2796 7872 SceneServer::CSSBattle::OnBornNPCFunc:117 super solder:20020
04-15-16:32:04.2876 7872 SceneServer::CSSBattle::OnBornNPCFunc:117 super solder:20020
04-15-16:32:05.2823 7872 SceneServer::CSSBattle::OnBornNPCFunc:117 super solder:20016
04-15-16:32:05.2943 7872 SceneServer::CSSBattle::OnBornNPCFunc:117 super solder:20016
04-15-16:32:06.2859 7872 SceneServer::CSSBattle::OnBornNPCFunc:117 super solder:20016
04-15-16:32:06.2909 7872 SceneServer::CSSBattle::OnBornNPCFunc:117 super solder:20016
04-15-16:32:07.2979 7872 SceneServer::CSSBattle::OnBornNPCFunc:117 super solder:20016
04-15-16:32:07.3640 7872 SceneServer::CSSBattle::OnBornNPCFunc:117 super solder:20016
04-15-16:32:08.3020 7872 SceneServer::CSSBattle::OnBornNPCFunc:117 super solder:20017
04-15-16:32:08.3140 7872 SceneServer::CSSBattle::OnBornNPCFunc:117 super solder:20017
04-15-16:32:38.3868 7872 SceneServer::CSSBattle::OnBornNPCFunc:117 super solder:20016
04-15-16:32:38.4168 7872 SceneServer::CSSBattle::OnBornNPCFunc:117 super solder:20016
04-15-16:32:39.3955 7872 SceneServer::CSSBattle::OnBornNPCFunc:117 super solder:20016
04-15-16:32:39.4015 7872 SceneServer::CSSBattle::OnBornNPCFunc:117 super solder:20016
04-15-16:32:40.4012 7872 SceneServer::CSSBattle::OnBornNPCFunc:117 super solder:20016
04-15-16:32:40.4072 7872 SceneServer::CSSBattle::OnBornNPCFunc:117 super solder:20016
04-15-16:32:41.5007 7872 SceneServer::CSSBattle::OnBornNPCFunc:117 super solder:20017
04-15-16:32:41.5037 7872 SceneServer::CSSBattle::OnBornNPCFunc:117 super solder:20017
04-15-18:01:48.1516 3344 CCentralSession::OnClose:47 CS DisConnect.
