05-19-18:51:53.4349 24480 SceneServer::CSSCfgMgr::LoadMapStaticData:970 Add 1000 MapStaticData
05-19-18:51:53.4429 24480 SceneServer::CSSCfgMgr::LoadMapStaticData:970 Add 1001 MapStaticData
05-19-18:51:53.4499 24480 SceneServer::CSSCfgMgr::LoadMapStaticData:970 Add 1002 MapStaticData
05-19-18:51:53.4689 24480 SceneServer::CSSCfgMgr::LoadMapStaticData:970 Add 1003 MapStaticData
05-19-18:51:54.7789 24480 CCentralSession::SendInitData:30 CS Connected, try to register me.
05-19-18:51:54.7909 24480 CCentralSession::Msg_Handle_Init:90 GSKernel Start success, Got 10 GSInfo and 7 GS defined, Milsec error 748.
05-19-18:51:54.7939 24480 CCentralSession::OnRealEstablish:41 CS Connected and register ok, try to ask global config.
05-19-18:51:54.7959 24480 SceneServer::CSSCfgMgr::OnMsgFromCS_NotifyGameSwitchCfg:1359 --set this ss gamelog switch .....ok!--
05-19-18:51:54.7979 24480 SceneServer::CSSCfgMgr::OnMsgFromCS_NotifyNPCCfgList:1035 Load 52 Cfgs.
05-19-18:51:54.7989 24480 SceneServer::CSSCfgMgr::OnMsgFromCS_NotifyHeroCfgList:1049 Load 22 Cfgs.
05-19-18:51:54.8039 24480 SceneServer::CSSCfgMgr::OnMsgFromCS_NotifyShopCfgList:1077 Load 3 Cfgs.
05-19-18:51:54.8069 24480 SceneServer::CSSCfgMgr::OnMsgFromCS_NotifyGoodsCfgList:1063 Load 103 Cfgs.
05-19-18:51:54.8089 24480 SceneServer::CSSCfgMgr::OnMsgFromCS_NotifyRobotAICfgList:1091 Load 609 Cfgs.
05-19-18:51:54.8099 24480 SceneServer::CSSCfgMgr::OnMsgFromCS_NotifyRobotAIPathCfgList:1105 Load 197 Cfgs.
05-19-18:51:54.8109 24480 SceneServer::CSSCfgMgr::OnMsgFromCS_NotifyNewSkillCfgList:1119 Load 268 Cfgs.
05-19-18:51:54.8129 24480 SceneServer::CSSCfgMgr::OnMsgFromCS_NotifySkillModelAccountCfgCfgList:1133 Load 322 Cfgs.
05-19-18:51:54.8149 24480 SceneServer::CSSCfgMgr::OnMsgFromCS_NotifySkillModelEmitCfgList:1147 Load 96 Cfgs.
05-19-18:51:54.8179 24480 SceneServer::CSSCfgMgr::OnMsgFromCS_NotifySkillModelRangeCfgList:1161 Load 123 Cfgs.
05-19-18:51:54.8189 24480 SceneServer::CSSCfgMgr::OnMsgFromCS_NotifySkillModelLeadingCfgList:1175 Load 17 Cfgs.
05-19-18:51:54.8369 24480 SceneServer::CSSCfgMgr::OnMsgFromCS_NotifySkillModelBufCfgList:1189 Load 302 Cfgs.
05-19-18:51:54.8389 24480 SceneServer::CSSCfgMgr::OnMsgFromCS_NotifySkillModelSummonCfgList:1203 Load 5 Cfgs.
05-19-18:51:54.8479 24480 SceneServer::CSSCfgMgr::OnMsgFromCS_NotifySkillModelMoveCfgList:1217 Load 26 Cfgs.
05-19-18:51:54.8499 24480 SceneServer::CSSCfgMgr::OnMsgFromCS_NotifySkillModelSwitchCfgList:1232 Load 1 Cfgs.
05-19-18:51:54.8519 24480 SceneServer::CSSCfgMgr::OnMsgFromCS_NotifySkillModelPurificationCfgList:1247 Load 1 Cfgs.
05-19-18:51:54.8539 24480 SceneServer::CSSCfgMgr::OnMsgFromCS_NotifySkillModelLinkCfgList:1262 Load 1 Cfgs.
05-19-18:51:54.8549 24480 SceneServer::CSSCfgMgr::OnMsgFromCS_NotifyPassitiveSkillCfgList:1276 Load 126 Cfgs.
05-19-18:51:54.8599 24480 SceneServer::CSSCfgMgr::OnMsgFromCS_NotifyPassitiveEffectBloodSeekCfgList:1290 Load 6 Cfgs.
05-19-18:51:54.8669 24480 SceneServer::CSSCfgMgr::OnMsgFromCS_NotifyPassitiveEffectReboundCfgList:1304 Load 4 Cfgs.
05-19-18:51:54.8679 24480 SceneServer::CSSCfgMgr::OnMsgFromCS_NotifyPassitiveEffectReliveCfgList:1319 Load 1 Cfgs.
05-19-18:51:54.8699 24480 SceneServer::CSSWorkThreadMgr::OnMsgFromGS_GSAskRegiste:224 GS 30001 registed at net session 3.
05-19-18:51:54.8709 24480 CGateSession::OnRealEstablish:39 GS(30001) Connected.
05-19-18:51:55.2852 24480 CSSLogSession::SendInitData:28  LogServer Connected, try to register me.
05-19-19:03:56.0318 24480 CCentralSession::OnClose:47 CS DisConnect.
