02-05-21:31:00.4240 6744 SceneServer::CSSCfgMgr::LoadMapObjCfg:901  Load 38 map obj cfg.
02-05-21:31:00.8930 6744 SceneServer::CSSCfgMgr::LoadMapCfg:787  load 4 map.
02-05-21:31:02.3981 6744 INetSessionMgr::LogText:42 [WRN] CUCODEListener::Start Listen 0:20001, ReuseAddr 1
02-05-21:31:03.4021 6744 INetSessionMgr::LogText:42 [CRT] OnConnectErr:Address:127.0.0.1:1234
02-05-21:31:03.4071 6744 INetSessionMgr::LogText:42 [CRT] OnConnectErr:Address:127.0.0.1:10001
02-05-21:31:04.4052 6744 INetSessionMgr::LogText:42 [CRT] OnConnectErr:Address:127.0.0.1:1234
02-05-21:31:04.4102 6744 INetSessionMgr::LogText:42 [CRT] OnConnectErr:Address:127.0.0.1:10001
02-05-21:39:01.0344 6744 SceneServer::CSSWorkThreadMgr::SendCSMsgToLogicThread:49 Send To 0 actor and now it hv 0 battle
02-05-21:39:38.6486 7196 SceneServer::CSSHero::SynGoodsUseStateToGC:1357 un8GridID:0, num:1, eOT:30018 n32RemainCoolTime:0
02-05-21:39:39.0486 7196 SceneServer::CSSHero::SynGoodsUseStateToGC:1357 un8GridID:0, num:1, eOT:30011 n32RemainCoolTime:0
02-05-21:39:39.0506 7196 SceneServer::CSSHero::SynGoodsUseStateToGC:1357 un8GridID:1, num:1, eOT:30001 n32RemainCoolTime:0
02-05-21:39:42.3488 7196 SceneServer::CSSHero::SynGoodsUseStateToGC:1357 un8GridID:2, num:1, eOT:30003 n32RemainCoolTime:0
02-05-21:39:42.6488 7196 SceneServer::CSSHero::SynGoodsUseStateToGC:1357 un8GridID:0, num:1, eOT:30017 n32RemainCoolTime:0
02-05-21:39:43.2489 7196 SceneServer::CSSHero::SynGoodsUseStateToGC:1357 un8GridID:0, num:1, eOT:30011 n32RemainCoolTime:0
02-05-21:39:43.2519 7196 SceneServer::CSSHero::SynGoodsUseStateToGC:1357 un8GridID:1, num:1, eOT:30001 n32RemainCoolTime:0
02-05-21:39:43.3489 7196 SceneServer::CSSHero::SynGoodsUseStateToGC:1357 un8GridID:2, num:1, eOT:30003 n32RemainCoolTime:0
02-05-21:39:50.4483 7196 SceneServer::CSSHero::SynGoodsUseStateToGC:1357 un8GridID:0, num:1, eOT:30018 n32RemainCoolTime:0
02-05-21:39:57.3487 7196 SceneServer::CSSHero::SynGoodsUseStateToGC:1357 un8GridID:1, num:1, eOT:30001 n32RemainCoolTime:0
02-05-21:39:57.3507 7196 SceneServer::CSSHero::SynGoodsUseStateToGC:1357 un8GridID:1, num:1, eOT:30001 n32RemainCoolTime:0
02-05-21:39:57.3537 7196 SceneServer::CSSHero::SynGoodsUseStateToGC:1357 un8GridID:1, num:1, eOT:30001 n32RemainCoolTime:0
02-05-21:40:14.3496 7196 SceneServer::CSSNPC::ChangeCurHP:305 LastHit:1.
02-05-21:40:15.0487 7196 SceneServer::CSSNPC::ChangeCurHP:305 LastHit:1.
02-05-21:40:15.1487 7196 SceneServer::CSSHero::SynGoodsUseStateToGC:1357 un8GridID:2, num:1, eOT:30003 n32RemainCoolTime:0
02-05-21:40:15.4537 7196 SceneServer::CSSHero::GetCurTitel:1193 1.
02-05-21:40:15.4567 7196 SceneServer::CSSHero::GetCurTitel:1193 0.
02-05-21:40:15.5487 7196 SceneServer::CSSHero::SynGoodsUseStateToGC:1357 un8GridID:2, num:1, eOT:30032 n32RemainCoolTime:0
02-05-21:40:17.1488 7196 SceneServer::CSSHero::SynGoodsUseStateToGC:1357 un8GridID:1, num:0, eOT:30001 n32RemainCoolTime:0
02-05-21:40:17.1538 7196 SceneServer::CSSHero::SynGoodsUseStateToGC:1357 un8GridID:1, num:0, eOT:30001 n32RemainCoolTime:0
02-05-21:40:17.2488 7196 SceneServer::CSSHero::SynGoodsUseStateToGC:1357 un8GridID:2, num:0, eOT:30003 n32RemainCoolTime:0
02-05-21:40:18.4489 7196 SceneServer::CSSHero::SynGoodsUseStateToGC:1357 un8GridID:1, num:0, eOT:30001 n32RemainCoolTime:0
02-05-21:40:18.5489 7196 SceneServer::CSSHero::SynGoodsUseStateToGC:1357 un8GridID:2, num:0, eOT:30003 n32RemainCoolTime:0
02-05-21:40:24.7522 7196 SceneServer::CSSHero::SynGoodsUseStateToGC:1357 un8GridID:1, num:0, eOT:30001 n32RemainCoolTime:0
02-05-21:40:24.8482 7196 SceneServer::CSSHero::SynGoodsUseStateToGC:1357 un8GridID:2, num:0, eOT:30003 n32RemainCoolTime:0
02-05-21:40:25.3483 7196 SceneServer::CSSNPC::ChangeCurHP:305 LastHit:1.
02-05-21:40:25.6513 7196 SceneServer::CSSNPC::ChangeCurHP:305 LastHit:1.
02-05-21:40:25.9523 7196 SceneServer::CSSHero::GetCurTitel:1193 1.
02-05-21:40:25.9563 7196 SceneServer::CSSHero::GetCurTitel:1193 0.
02-05-21:40:26.0483 7196 SceneServer::CSSHero::SynGoodsUseStateToGC:1357 un8GridID:1, num:1, eOT:30032 n32RemainCoolTime:0
02-05-21:40:26.6503 7196 SceneServer::CSSNPC::ChangeCurHP:305 LastHit:2.
02-05-21:40:28.2544 7196 SceneServer::CSSHero::GetCurTitel:1193 2.
02-05-21:40:28.2584 7196 SceneServer::CSSHero::GetCurTitel:1193 1.
02-05-21:40:30.9486 7196 SceneServer::CSSNPC::ChangeCurHP:305 LastHit:2.
02-05-21:40:31.0486 7196 SceneServer::CSSHero::SynGoodsUseStateToGC:1357 un8GridID:2, num:1, eOT:30032 n32RemainCoolTime:0
02-05-21:40:36.6489 7196 SceneServer::CSSNPC::ChangeCurHP:305 LastHit:1.
02-05-21:40:38.5490 7196 SceneServer::CSSHero::GetLastValidHeroHurt:1254 CurTIme:576251, HurtTime:556051.
02-05-21:40:40.1641 7196 SceneServer::CSSHero::GetLastValidHeroHurt:1254 CurTIme:577867, HurtTime:562451.
02-05-21:40:42.7643 7196 SceneServer::CSSNPC::ChangeCurHP:305 LastHit:3.
02-05-21:40:49.1666 7196 SceneServer::CSSNPC::ChangeCurHP:305 LastHit:3.
02-05-21:40:51.3668 7196 SceneServer::CSSNPC::ChangeCurHP:305 LastHit:4.
02-05-21:40:54.2679 7196 SceneServer::CSSNPC::ChangeCurHP:305 LastHit:2.
02-05-21:41:10.8669 7196 SceneServer::CSSHero::GetLastValidHeroHurt:1254 CurTIme:608569, HurtTime:562451.
02-05-21:41:21.8665 7196 SceneServer::CSSNPC::ChangeCurHP:305 LastHit:4.
02-05-21:41:23.1666 7196 SceneServer::CSSNPC::ChangeCurHP:305 LastHit:5.
02-05-21:41:24.5677 7196 SceneServer::CSSNPC::ChangeCurHP:305 LastHit:6.
02-05-21:41:27.3678 7196 SceneServer::CSSHero::SynGoodsUseStateToGC:1357 un8GridID:0, num:0, eOT:30011 n32RemainCoolTime:0
02-05-21:41:27.3708 7196 SceneServer::CSSHero::SynGoodsUseStateToGC:1357 un8GridID:0, num:1, eOT:30087 n32RemainCoolTime:0
02-05-21:41:36.5673 7196 SceneServer::CSSHero::SynGoodsUseStateToGC:1357 un8GridID:1, num:0, eOT:30001 n32RemainCoolTime:0
02-05-21:41:37.2684 7196 SceneServer::CSSNPC::ChangeCurHP:305 LastHit:2.
02-05-21:41:39.5705 7196 SceneServer::CSSHero::GetLastValidHeroHurt:1254 CurTIme:637270, HurtTime:637270.
02-05-21:41:39.5775 7196 SceneServer::CSSHero::GetCurTitel:1193 1.
02-05-21:41:39.5815 7196 SceneServer::CSSHero::GetCurTitel:1193 0.
02-05-21:41:53.9703 7196 SceneServer::CSSNPC::ChangeCurHP:305 LastHit:3.
02-05-21:42:02.6708 7196 SceneServer::CSSNPC::ChangeCurHP:305 LastHit:3.
02-05-21:42:07.8731 7196 SceneServer::CSSHero::GetLastValidHeroHurt:1254 CurTIme:665574, HurtTime:665574.
02-05-21:42:07.8771 7196 SceneServer::CSSHero::GetCurTitel:1193 2.
02-05-21:42:07.8811 7196 SceneServer::CSSHero::GetCurTitel:1193 0.
02-05-21:42:08.4732 7196 SceneServer::CSSHero::GetCurTitel:1193 1.
02-05-21:42:08.4762 7196 SceneServer::CSSHero::GetCurTitel:1193 0.
02-05-21:42:08.5702 7196 SceneServer::CSSHero::SynGoodsUseStateToGC:1357 un8GridID:0, num:0, eOT:30018 n32RemainCoolTime:0
02-05-21:42:08.5722 7196 SceneServer::CSSHero::SynGoodsUseStateToGC:1357 un8GridID:0, num:1, eOT:30027 n32RemainCoolTime:0
02-05-21:42:11.4713 7196 SceneServer::CSSHero::GetLastValidHeroHurt:1254 CurTIme:669173, HurtTime:665973.
02-05-21:42:11.4743 7196 SceneServer::CSSHero::GetCurTitel:1193 1.
02-05-21:42:11.4763 7196 SceneServer::CSSHero::GetCurTitel:1193 2.
02-05-21:42:28.1713 7196 SceneServer::CSSNPC::ChangeCurHP:305 LastHit:2.
02-05-21:42:30.2734 7196 SceneServer::CSSNPC::ChangeCurHP:305 LastHit:4.
02-05-21:42:30.9715 7196 SceneServer::CSSNPC::ChangeCurHP:305 LastHit:3.
02-05-21:42:35.7717 7196 SceneServer::CSSNPC::ChangeCurHP:305 LastHit:4.
02-05-21:42:38.5719 7196 SceneServer::CSSNPC::ChangeCurHP:305 LastHit:5.
02-05-21:42:42.0721 7196 SceneServer::CSSHero::GetLastValidHeroHurt:1254 CurTIme:699775, HurtTime:695174.
02-05-21:42:42.0751 7196 SceneServer::CSSHero::GetCurTitel:1193 2.
02-05-21:42:42.0771 7196 SceneServer::CSSHero::GetCurTitel:1193 1.
02-05-21:42:45.6713 7196 SceneServer::CSSNPC::ChangeCurHP:305 LastHit:4.
02-05-21:42:50.5716 7196 SceneServer::CSSNPC::ChangeCurHP:305 LastHit:5.
02-05-21:42:53.1727 7196 SceneServer::CSSNPC::ChangeCurHP:305 LastHit:5.
02-05-21:42:54.5758 7196 SceneServer::CSSHero::GetCurTitel:1193 3.
02-05-21:42:54.5788 7196 SceneServer::CSSHero::GetCurTitel:1193 0.
02-05-21:42:56.2729 7196 SceneServer::CSSNPC::ChangeCurHP:305 LastHit:6.
02-05-21:43:05.1714 7196 SceneServer::CSSNPC::ChangeCurHP:305 LastHit:5.
02-05-21:43:06.6715 7196 SceneServer::CSSNPC::ChangeCurHP:305 LastHit:6.
02-05-21:43:08.9716 7196 SceneServer::CSSNPC::ChangeCurHP:305 LastHit:7.
02-05-21:43:10.1737 7196 SceneServer::CSSNPC::ChangeCurHP:305 LastHit:7.
02-05-21:43:10.9747 7196 SceneServer::CSSNPC::ChangeCurHP:305 LastHit:8.
02-05-21:43:11.7748 7196 SceneServer::CSSHero::GetCurTitel:1193 1.
02-05-21:43:11.7778 7196 SceneServer::CSSHero::GetCurTitel:1193 0.
02-05-21:43:11.8718 7196 SceneServer::CSSHero::SynGoodsUseStateToGC:1357 un8GridID:0, num:0, eOT:30017 n32RemainCoolTime:0
02-05-21:43:11.8738 7196 SceneServer::CSSHero::SynGoodsUseStateToGC:1357 un8GridID:0, num:1, eOT:30026 n32RemainCoolTime:0
02-05-21:43:28.6728 7196 SceneServer::CSSNPC::ChangeCurHP:305 LastHit:6.
02-05-21:43:30.2718 7196 SceneServer::CSSHero::GetLastValidHeroHurt:1254 CurTIme:747974, HurtTime:698374.
02-05-21:43:34.7721 7196 SceneServer::CSSNPC::ChangeCurHP:305 LastHit:8.
02-05-21:43:37.0722 7196 SceneServer::CSSNPC::ChangeCurHP:305 LastHit:9.
02-05-21:43:40.4744 7196 SceneServer::CSSNPC::ChangeCurHP:305 LastHit:6.
02-05-21:43:47.2748 7196 SceneServer::CSSNPC::ChangeCurHP:305 LastHit:7.
02-05-21:44:04.9748 7196 SceneServer::CSSNPC::ChangeCurHP:305 LastHit:9.
02-05-21:44:06.7749 7196 SceneServer::CSSNPC::ChangeCurHP:305 LastHit:8.
02-05-21:44:10.2771 7196 SceneServer::CSSHero::GetCurTitel:1193 4.
02-05-21:44:10.2801 7196 SceneServer::CSSHero::GetCurTitel:1193 0.
02-05-21:44:17.8756 7196 SceneServer::CSSNPC::ChangeCurHP:305 LastHit:7.
02-05-21:44:20.3767 7196 SceneServer::CSSHero::GetLastValidHeroHurt:1254 CurTIme:798077, HurtTime:798077.
02-05-21:44:20.3797 7196 SceneServer::CSSHero::GetCurTitel:1193 1.
02-05-21:44:20.3817 7196 SceneServer::CSSHero::GetCurTitel:1193 0.
02-05-21:44:31.9774 7196 SceneServer::CSSNPC::ChangeCurHP:305 LastHit:10.
02-05-21:44:32.9764 7196 SceneServer::CSSNPC::ChangeCurHP:305 LastHit:11.
02-05-21:44:33.2744 7196 SceneServer::CSSNPC::ChangeCurHP:305 LastHit:9.
02-05-21:44:42.1790 7196 SceneServer::CSSNPC::ChangeCurHP:305 LastHit:8.
02-05-21:44:42.6770 7196 SceneServer::CSSNPC::ChangeCurHP:305 LastHit:9.
02-05-21:44:42.6780 7196 SceneServer::CSSNPC::ChangeCurHP:305 LastHit:10.
02-05-21:44:51.9755 7196 SceneServer::CSSNPC::ChangeCurHP:305 LastHit:7.
02-05-21:44:53.4756 7196 SceneServer::CSSNPC::ChangeCurHP:305 LastHit:8.
02-05-21:44:53.5756 7196 SceneServer::CSSHero::SynGoodsUseStateToGC:1357 un8GridID:0, num:0, eOT:30011 n32RemainCoolTime:0
02-05-21:44:53.5776 7196 SceneServer::CSSHero::SynGoodsUseStateToGC:1357 un8GridID:0, num:1, eOT:30087 n32RemainCoolTime:0
02-05-21:45:06.1793 7196 SceneServer::CSSHero::GetCurTitel:1193 1.
02-05-21:45:06.1813 7196 SceneServer::CSSHero::GetCurTitel:1193 4.
02-05-21:45:15.1758 7196 SceneServer::CSSNPC::ChangeCurHP:305 LastHit:12.
02-05-21:45:18.1760 7196 SceneServer::CSSNPC::ChangeCurHP:305 LastHit:13.
02-05-21:45:18.5760 7196 SceneServer::CSSNPC::ChangeCurHP:305 LastHit:9.
02-05-21:45:23.0753 7196 SceneServer::CSSNPC::ChangeCurHP:305 LastHit:10.
02-05-21:45:25.1754 7196 SceneServer::CSSNPC::ChangeCurHP:305 LastHit:11.
02-05-21:45:25.1804 7196 SceneServer::CSSNPC::ChangeCurHP:305 LastHit:12.
02-05-21:45:25.2754 7196 SceneServer::CSSNPC::ChangeCurHP:305 LastHit:11.
02-05-21:45:26.6775 7196 SceneServer::CSSHero::GetLastValidHeroHurt:1254 CurTIme:864378, HurtTime:810177.
02-05-21:45:26.6795 7196 SceneServer::CSSHero::GetLastValidHeroHurt:1254 CurTIme:864378, HurtTime:864378.
02-05-21:45:26.6835 7196 SceneServer::CSSHero::GetCurTitel:1193 2.
02-05-21:45:26.6865 7196 SceneServer::CSSHero::GetCurTitel:1193 0.
02-05-21:45:28.0766 7196 SceneServer::CSSNPC::ChangeCurHP:305 LastHit:13.
02-05-21:45:40.1773 7196 SceneServer::CSSNPC::ChangeCurHP:305 LastHit:14.
02-05-21:45:41.7804 7196 SceneServer::CSSNPC::ChangeCurHP:305 LastHit:12.
02-05-21:45:46.0816 7196 SceneServer::CSSNPC::ChangeCurHP:305 LastHit:15.
02-05-21:45:47.2817 7196 SceneServer::CSSNPC::ChangeCurHP:305 LastHit:16.
02-05-21:45:50.8809 7196 SceneServer::CSSNPC::ChangeCurHP:305 LastHit:17.
02-05-21:45:52.2810 7196 SceneServer::CSSNPC::ChangeCurHP:305 LastHit:13.
02-05-21:45:53.9831 7196 SceneServer::CSSNPC::ChangeCurHP:305 LastHit:14.
02-05-21:45:55.4801 7196 SceneServer::CSSNPC::ChangeCurHP:305 LastHit:15.
02-05-21:45:55.4821 7196 SceneServer::CSSNPC::ChangeCurHP:305 LastHit:16.
02-05-21:46:00.3864 7196 SceneServer::CSSHero::GetCurTitel:1193 3.
02-05-21:46:00.3894 7196 SceneServer::CSSHero::GetCurTitel:1193 0.
02-05-21:46:00.7825 7196 SceneServer::CSSHero::GetLastValidHeroHurt:1254 CurTIme:898485, HurtTime:797577.
02-05-21:46:00.7845 7196 SceneServer::CSSHero::GetLastValidHeroHurt:1254 CurTIme:898485, HurtTime:898184.
02-05-21:46:00.7865 7196 SceneServer::CSSHero::GetLastValidHeroHurt:1254 CurTIme:898485, HurtTime:698374.
02-05-21:46:00.7915 7196 SceneServer::CSSHero::GetCurTitel:1193 1.
02-05-21:46:00.7955 7196 SceneServer::CSSHero::GetCurTitel:1193 3.
02-05-21:46:17.7814 7196 SceneServer::CSSNPC::ChangeCurHP:305 LastHit:14.
02-05-21:46:21.4816 7196 SceneServer::CSSNPC::ChangeCurHP:305 LastHit:10.
02-05-21:46:22.3817 7196 SceneServer::CSSNPC::ChangeCurHP:305 LastHit:15.
02-05-21:46:29.8831 7196 SceneServer::CSSNPC::ChangeCurHP:305 LastHit:17.
02-05-21:46:33.5813 7196 SceneServer::CSSHero::SynGoodsUseStateToGC:1357 un8GridID:1, num:1, eOT:30007 n32RemainCoolTime:0
02-05-21:46:33.6813 7196 SceneServer::CSSHero::SynGoodsUseStateToGC:1357 un8GridID:1, num:1, eOT:30053 n32RemainCoolTime:0
02-05-21:46:35.5824 7196 SceneServer::CSSNPC::ChangeCurHP:305 LastHit:18.
02-05-21:46:37.7826 7196 SceneServer::CSSNPC::ChangeCurHP:305 LastHit:11.
02-05-21:46:38.2816 7196 SceneServer::CSSNPC::ChangeCurHP:305 LastHit:10.
02-05-21:46:41.4858 7196 SceneServer::CSSNPC::ChangeCurHP:305 LastHit:16.
02-05-21:46:44.3859 7196 SceneServer::CSSNPC::ChangeCurHP:305 LastHit:17.
02-05-21:46:45.3850 7196 SceneServer::CSSNPC::ChangeCurHP:305 LastHit:18.
02-05-21:46:47.8841 7196 SceneServer::CSSNPC::ChangeCurHP:305 LastHit:11.
02-05-21:46:48.2842 7196 SceneServer::CSSNPC::ChangeCurHP:305 LastHit:18.
02-05-21:46:50.6843 7196 SceneServer::CSSNPC::ChangeCurHP:305 LastHit:19.
02-05-21:46:52.5844 7196 SceneServer::CSSNPC::ChangeCurHP:305 LastHit:19.
02-05-21:46:54.3845 7196 SceneServer::CSSNPC::ChangeCurHP:305 LastHit:20.
02-05-21:47:03.8861 7196 SceneServer::CSSNPC::ChangeCurHP:305 LastHit:20.
02-05-21:47:08.3853 7196 SceneServer::CSSHero::SynGoodsUseStateToGC:1357 un8GridID:0, num:0, eOT:30026 n32RemainCoolTime:0
02-05-21:47:08.3873 7196 SceneServer::CSSHero::SynGoodsUseStateToGC:1357 un8GridID:0, num:1, eOT:30008 n32RemainCoolTime:0
02-05-21:47:11.1865 7196 SceneServer::CSSNPC::ChangeCurHP:305 LastHit:21.
02-05-21:47:15.1857 7196 SceneServer::CSSNPC::ChangeCurHP:305 LastHit:22.
02-05-21:47:15.9858 7196 SceneServer::CSSNPC::ChangeCurHP:305 LastHit:21.
02-05-21:47:16.4858 7196 SceneServer::CSSNPC::ChangeCurHP:305 LastHit:19.
02-05-21:47:18.5859 7196 SceneServer::CSSNPC::ChangeCurHP:305 LastHit:20.
02-05-21:47:19.8870 7196 SceneServer::CSSNPC::ChangeCurHP:305 LastHit:22.
02-05-21:47:35.8859 7196 SceneServer::CSSNPC::ChangeCurHP:305 LastHit:23.
02-05-21:47:42.4893 7196 SceneServer::CSSNPC::ChangeCurHP:305 LastHit:23.
02-05-21:47:45.5894 7196 SceneServer::CSSNPC::ChangeCurHP:305 LastHit:21.
02-05-21:47:47.3895 7196 SceneServer::CSSNPC::ChangeCurHP:305 LastHit:22.
02-05-21:47:47.8896 7196 SceneServer::CSSNPC::ChangeCurHP:305 LastHit:24.
02-05-21:47:49.1897 7196 SceneServer::CSSNPC::ChangeCurHP:305 LastHit:23.
02-05-21:47:49.3907 7196 SceneServer::CSSNPC::ChangeCurHP:305 LastHit:25.
02-05-21:47:51.3898 7196 SceneServer::CSSHero::SynGoodsUseStateToGC:1357 un8GridID:1, num:1, eOT:30089 n32RemainCoolTime:0
02-05-21:47:51.4898 7196 SceneServer::CSSNPC::ChangeCurHP:305 LastHit:24.
02-05-21:47:51.6898 7196 SceneServer::CSSNPC::ChangeCurHP:305 LastHit:12.
02-05-21:47:52.3898 7196 SceneServer::CSSHero::SynGoodsUseStateToGC:1357 un8GridID:2, num:0, eOT:30032 n32RemainCoolTime:0
02-05-21:47:52.3918 7196 SceneServer::CSSHero::SynGoodsUseStateToGC:1357 un8GridID:1, num:1, eOT:30084 n32RemainCoolTime:0
02-05-21:47:53.6909 7196 SceneServer::CSSHero::SynGoodsUseStateToGC:1357 un8GridID:2, num:1, eOT:30005 n32RemainCoolTime:0
02-05-21:47:55.0920 7196 SceneServer::CSSNPC::ChangeCurHP:305 LastHit:13.
02-05-21:47:56.7931 7196 SceneServer::CSSNPC::ChangeCurHP:305 LastHit:12.
02-05-21:47:58.0952 7196 SceneServer::CSSHero::GetCurTitel:1193 1.
02-05-21:47:58.0982 7196 SceneServer::CSSHero::GetCurTitel:1193 0.
02-05-21:47:58.1892 7196 SceneServer::CSSHero::SynGoodsUseStateToGC:1357 un8GridID:3, num:1, eOT:30023 n32RemainCoolTime:0
02-05-21:48:15.7892 7196 SceneServer::CSSNPC::ChangeCurHP:305 LastHit:25.
02-05-21:48:16.6902 7196 SceneServer::CSSNPC::ChangeCurHP:305 LastHit:26.
02-05-21:48:17.7893 7196 SceneServer::CSSNPC::ChangeCurHP:305 LastHit:24.
02-05-21:48:18.9894 7196 SceneServer::CSSNPC::ChangeCurHP:305 LastHit:25.
02-05-21:48:32.6891 7196 SceneServer::CSSNPC::ChangeCurHP:305 LastHit:26.
02-05-21:48:40.3936 7196 SceneServer::CSSNPC::ChangeCurHP:305 LastHit:14.
02-05-21:48:40.3966 7196 SceneServer::CSSNPC::ChangeCurHP:305 LastHit:15.
02-05-21:48:44.1928 7196 SceneServer::CSSNPC::ChangeCurHP:305 LastHit:27.
02-05-21:48:49.5921 7196 SceneServer::CSSNPC::ChangeCurHP:305 LastHit:28.
02-05-21:48:50.2941 7196 SceneServer::CSSHero::GetCurTitel:1193 1.
02-05-21:48:50.2971 7196 SceneServer::CSSHero::GetCurTitel:1193 1.
02-05-21:49:04.0929 7196 SceneServer::CSSNPC::ChangeCurHP:305 LastHit:26.
02-05-21:49:10.3963 7196 SceneServer::CSSHero::GetCurTitel:1193 1.
02-05-21:49:10.3983 7196 SceneServer::CSSHero::GetCurTitel:1193 1.
02-05-21:49:10.4913 7196 SceneServer::CSSHero::SynGoodsUseStateToGC:1357 un8GridID:2, num:1, eOT:30031 n32RemainCoolTime:0
02-05-21:49:29.1924 7196 SceneServer::CSSNPC::ChangeCurHP:305 LastHit:16.
02-05-21:49:31.5925 7196 SceneServer::CSSNPC::ChangeCurHP:305 LastHit:17.
02-05-21:49:32.0935 7196 SceneServer::CSSNPC::ChangeCurHP:305 LastHit:18.
02-05-21:49:32.4916 7196 SceneServer::CSSNPC::ChangeCurHP:305 LastHit:29.
02-05-21:49:34.4937 7196 SceneServer::CSSNPC::ChangeCurHP:305 LastHit:19.
02-05-21:49:36.8928 7196 SceneServer::CSSNPC::ChangeCurHP:305 LastHit:27.
02-05-21:49:37.3918 7196 SceneServer::CSSHero::SynGoodsUseStateToGC:1357 un8GridID:2, num:1, eOT:30027 n32RemainCoolTime:0
02-05-21:49:39.1949 7196 SceneServer::CSSHero::GetCurTitel:1193 2.
02-05-21:49:39.1969 7196 SceneServer::CSSHero::GetCurTitel:1193 1.
02-05-21:49:59.3931 7196 SceneServer::CSSNPC::ChangeCurHP:305 LastHit:13.
02-05-21:50:02.0933 7196 SceneServer::CSSNPC::ChangeCurHP:305 LastHit:14.
02-05-21:50:08.4936 7196 SceneServer::CSSNPC::ChangeCurHP:305 LastHit:15.
02-05-21:50:09.0937 7196 SceneServer::CSSHero::GetLastValidHeroHurt:1254 CurTIme:1146796, HurtTime:1115994.
02-05-21:50:09.0957 7196 SceneServer::CSSHero::GetLastValidHeroHurt:1254 CurTIme:1146796, HurtTime:1146196.
02-05-21:50:09.0977 7196 SceneServer::CSSHero::GetLastValidHeroHurt:1254 CurTIme:1146796, HurtTime:1056092.
02-05-21:50:09.0997 7196 SceneServer::CSSHero::GetCurTitel:1193 1.
02-05-21:50:09.1027 7196 SceneServer::CSSHero::GetCurTitel:1193 2.
02-05-21:50:20.6963 7196 SceneServer::CSSHero::GetCurTitel:1193 1.
02-05-21:50:20.6983 7196 SceneServer::CSSHero::GetCurTitel:1193 0.
02-05-21:50:20.7933 7196 SceneServer::CSSHero::SynGoodsUseStateToGC:1357 un8GridID:2, num:0, eOT:30032 n32RemainCoolTime:0
02-05-21:50:20.7953 7196 SceneServer::CSSHero::SynGoodsUseStateToGC:1357 un8GridID:2, num:1, eOT:30086 n32RemainCoolTime:0
02-05-21:50:25.9946 7196 SceneServer::CSSHero::GetLastValidHeroHurt:1254 CurTIme:1163697, HurtTime:1157396.
02-05-21:50:25.9976 7196 SceneServer::CSSHero::GetLastValidHeroHurt:1254 CurTIme:1163697, HurtTime:1163396.
02-05-21:50:26.0006 7196 SceneServer::CSSHero::GetCurTitel:1193 2.
02-05-21:50:26.0026 7196 SceneServer::CSSHero::GetCurTitel:1193 1.
02-05-21:50:31.9940 7196 SceneServer::CSSNPC::ChangeCurHP:305 LastHit:30.
02-05-21:50:32.7950 7196 SceneServer::CSSNPC::ChangeCurHP:305 LastHit:28.
02-05-21:50:40.5415 7196 SceneServer::CSSNPC::ChangeCurHP:305 LastHit:31.
02-05-21:50:45.1437 7196 SceneServer::CSSNPC::ChangeCurHP:305 LastHit:32.
02-05-21:50:48.0439 7196 SceneServer::CSSNPC::ChangeCurHP:305 LastHit:33.
02-05-21:50:51.3421 7196 SceneServer::CSSNPC::ChangeCurHP:305 LastHit:34.
02-05-21:50:53.0452 7196 SceneServer::CSSNPC::ChangeCurHP:305 LastHit:20.
02-05-21:50:54.4452 7196 SceneServer::CSSHero::GetCurTitel:1193 1.
02-05-21:50:54.4472 7196 SceneServer::CSSHero::GetCurTitel:1193 0.
02-05-21:50:56.1453 7196 SceneServer::CSSHero::GetCurTitel:1193 2.
02-05-21:50:56.1483 7196 SceneServer::CSSHero::GetCurTitel:1193 1.
02-05-21:50:59.1425 7196 SceneServer::CSSNPC::ChangeCurHP:305 LastHit:21.
02-05-21:51:01.5417 7196 SceneServer::CSSNPC::ChangeCurHP:305 LastHit:35.
02-05-21:51:03.4418 7196 SceneServer::CSSHero::SynGoodsUseStateToGC:1357 un8GridID:1, num:0, eOT:30032 n32RemainCoolTime:0
02-05-21:51:03.4438 7196 SceneServer::CSSHero::SynGoodsUseStateToGC:1357 un8GridID:1, num:-1, eOT:30088 n32RemainCoolTime:0
02-05-21:51:06.6429 7196 SceneServer::CSSNPC::ChangeCurHP:305 LastHit:36.
02-05-21:51:09.4421 7196 SceneServer::CSSNPC::ChangeCurHP:305 LastHit:37.
02-05-21:51:13.3423 7196 SceneServer::CSSNPC::ChangeCurHP:305 LastHit:38.
02-05-21:51:15.1434 7196 SceneServer::CSSNPC::ChangeCurHP:305 LastHit:39.
02-05-21:51:17.1455 7196 SceneServer::CSSNPC::ChangeCurHP:305 LastHit:16.
02-05-21:51:18.5436 7196 SceneServer::CSSNPC::ChangeCurHP:305 LastHit:22.
02-05-21:51:18.5456 7196 SceneServer::CSSNPC::ChangeCurHP:305 LastHit:17.
02-05-21:51:18.5466 7196 SceneServer::CSSNPC::ChangeCurHP:305 LastHit:18.
02-05-21:51:18.5476 7196 SceneServer::CSSNPC::ChangeCurHP:305 LastHit:19.
02-05-21:51:18.9416 7196 SceneServer::CSSNPC::ChangeCurHP:305 LastHit:40.
02-05-21:51:22.4418 7196 SceneServer::CSSNPC::ChangeCurHP:305 LastHit:20.
02-05-21:51:23.0429 7196 SceneServer::CSSNPC::ChangeCurHP:305 LastHit:27.
02-05-21:51:30.3423 7196 SceneServer::CSSNPC::ChangeCurHP:305 LastHit:28.
02-05-21:51:32.2414 7196 SceneServer::CSSNPC::ChangeCurHP:305 LastHit:29.
02-05-21:51:33.6415 7196 SceneServer::CSSNPC::ChangeCurHP:305 LastHit:29.
02-05-21:51:33.7465 7196 SceneServer::CSSHero::GetCurTitel:1193 1.
02-05-21:51:33.7485 7196 SceneServer::CSSHero::GetCurTitel:1193 2.
02-05-21:51:33.8435 7196 SceneServer::CSSNPC::ChangeCurHP:305 LastHit:23.
02-05-21:51:33.8445 7196 SceneServer::CSSNPC::ChangeCurHP:305 LastHit:24.
02-05-21:51:33.8455 7196 SceneServer::CSSNPC::ChangeCurHP:305 LastHit:25.
02-05-21:51:36.2416 7196 SceneServer::CSSNPC::ChangeCurHP:305 LastHit:41.
02-05-21:51:39.6458 7196 SceneServer::CSSHero::GetCurTitel:1193 1.
02-05-21:51:39.6488 7196 SceneServer::CSSHero::GetCurTitel:1193 2.
02-05-21:51:45.3482 7196 SceneServer::CSSNPC::ChangeCurHP:305 LastHit:30.
02-05-21:51:55.9488 7196 SceneServer::CSSNPC::ChangeCurHP:305 LastHit:31.
02-05-21:51:57.0488 7196 SceneServer::CSSNPC::ChangeCurHP:305 LastHit:32.
02-05-21:51:59.5480 7196 SceneServer::CSSNPC::ChangeCurHP:305 LastHit:33.
02-05-21:52:11.6497 7196 SceneServer::CSSNPC::ChangeCurHP:305 LastHit:30.
02-05-21:52:16.1489 7196 SceneServer::CSSNPC::ChangeCurHP:305 LastHit:26.
02-05-21:52:22.4483 7196 SceneServer::CSSNPC::ChangeCurHP:305 LastHit:21.
02-05-21:52:23.5503 7196 SceneServer::CSSNPC::ChangeCurHP:305 LastHit:22.
02-05-21:52:30.3527 7196 SceneServer::CSSNPC::ChangeCurHP:305 LastHit:27.
02-05-21:52:30.3537 7196 SceneServer::CSSNPC::ChangeCurHP:305 LastHit:28.
02-05-21:52:30.7498 7196 SceneServer::CSSNPC::ChangeCurHP:305 LastHit:42.
02-05-21:52:31.5518 7196 SceneServer::CSSHero::GetCurTitel:1193 1.
02-05-21:52:31.5548 7196 SceneServer::CSSHero::GetCurTitel:1193 0.
02-05-21:52:32.6489 7196 SceneServer::CSSNPC::ChangeCurHP:305 LastHit:43.
02-05-21:52:34.7490 7196 SceneServer::CSSNPC::ChangeCurHP:305 LastHit:34.
02-05-21:52:36.6481 7196 SceneServer::CSSNPC::ChangeCurHP:305 LastHit:44.
02-05-21:52:36.8481 7196 SceneServer::CSSNPC::ChangeCurHP:305 LastHit:35.
02-05-21:52:39.7493 7196 SceneServer::CSSNPC::ChangeCurHP:305 LastHit:36.
02-05-21:52:44.8496 7196 SceneServer::CSSNPC::ChangeCurHP:305 LastHit:37.
02-05-21:52:46.9497 7196 SceneServer::CSSNPC::ChangeCurHP:305 LastHit:29.
02-05-21:52:57.4513 7196 SceneServer::CSSNPC::ChangeCurHP:305 LastHit:45.
02-05-21:52:59.0504 7196 SceneServer::CSSNPC::ChangeCurHP:305 LastHit:46.
02-05-21:52:59.1494 7196 SceneServer::CSSHero::SynGoodsUseStateToGC:1357 un8GridID:2, num:1, eOT:30008 n32RemainCoolTime:0
02-05-21:53:00.1504 7196 SceneServer::CSSNPC::ChangeCurHP:305 LastHit:47.
02-05-21:53:00.7505 7196 SceneServer::CSSHero::GetLastValidHeroHurt:1254 CurTIme:1318453, HurtTime:1315753.
02-05-21:53:00.7555 7196 SceneServer::CSSHero::GetCurTitel:1193 2.
02-05-21:53:00.7575 7196 SceneServer::CSSHero::GetCurTitel:1193 1.
02-05-21:53:22.4497 7196 SceneServer::CSSHero::SynGoodsUseStateToGC:1357 un8GridID:1, num:0, eOT:30089 n32RemainCoolTime:0
02-05-21:53:22.4517 7196 SceneServer::CSSHero::SynGoodsUseStateToGC:1357 un8GridID:1, num:1, eOT:30091 n32RemainCoolTime:0
02-05-21:53:23.5518 7196 SceneServer::CSSNPC::ChangeCurHP:305 LastHit:31.
02-05-21:53:24.2518 7196 SceneServer::CSSNPC::ChangeCurHP:305 LastHit:32.
02-05-21:53:26.9510 7196 SceneServer::CSSNPC::ChangeCurHP:305 LastHit:33.
02-05-21:53:29.5491 7196 SceneServer::CSSNPC::ChangeCurHP:305 LastHit:48.
02-05-21:53:31.1492 7196 SceneServer::CSSNPC::ChangeCurHP:305 LastHit:49.
02-05-21:53:32.3493 7196 SceneServer::CSSNPC::ChangeCurHP:305 LastHit:30.
02-05-21:53:34.1504 7196 SceneServer::CSSNPC::ChangeCurHP:305 LastHit:50.
02-05-21:53:46.0501 7196 SceneServer::CSSNPC::ChangeCurHP:305 LastHit:38.
02-05-21:53:46.4501 7196 SceneServer::CSSNPC::ChangeCurHP:305 LastHit:51.
02-05-21:53:47.1501 7196 SceneServer::CSSNPC::ChangeCurHP:305 LastHit:31.
02-05-21:53:47.1521 7196 SceneServer::CSSNPC::ChangeCurHP:305 LastHit:39.
02-05-21:53:48.3512 7196 SceneServer::CSSNPC::ChangeCurHP:305 LastHit:32.
02-05-21:53:51.2504 7196 SceneServer::CSSNPC::ChangeCurHP:305 LastHit:52.
02-05-21:53:51.8504 7196 SceneServer::CSSNPC::ChangeCurHP:305 LastHit:40.
02-05-21:53:55.4516 7196 SceneServer::CSSNPC::ChangeCurHP:305 LastHit:53.
02-05-21:53:56.9517 7196 SceneServer::CSSNPC::ChangeCurHP:305 LastHit:54.
02-05-21:54:00.5509 7196 SceneServer::CSSHero::GetLastValidHeroHurt:1254 CurTIme:1378253, HurtTime:1157396.
02-05-21:54:00.5539 7196 SceneServer::CSSHero::GetLastValidHeroHurt:1254 CurTIme:1378253, HurtTime:1283552.
02-05-21:54:00.5549 7196 SceneServer::CSSHero::GetLastValidHeroHurt:1254 CurTIme:1378253, HurtTime:1378053.
02-05-21:54:00.5579 7196 SceneServer::CSSHero::GetCurTitel:1193 3.
02-05-21:54:00.5599 7196 SceneServer::CSSHero::GetCurTitel:1193 1.
02-05-21:54:00.9529 7196 SceneServer::CSSNPC::ChangeCurHP:305 LastHit:23.
02-05-21:54:00.9539 7196 SceneServer::CSSNPC::ChangeCurHP:305 LastHit:24.
02-05-21:54:00.9559 7196 SceneServer::CSSNPC::ChangeCurHP:305 LastHit:25.
02-05-21:54:15.8528 7196 SceneServer::CSSNPC::ChangeCurHP:305 LastHit:41.
02-05-21:54:16.8518 7196 SceneServer::CSSNPC::ChangeCurHP:305 LastHit:42.
02-05-21:54:18.5519 7196 SceneServer::CSSNPC::ChangeCurHP:305 LastHit:33.
02-05-21:54:18.5539 7196 SceneServer::CSSNPC::ChangeCurHP:305 LastHit:43.
02-05-21:54:20.0520 7196 SceneServer::CSSNPC::ChangeCurHP:305 LastHit:34.
02-05-21:54:23.9512 7196 SceneServer::CSSNPC::ChangeCurHP:305 LastHit:34.
02-05-21:54:27.5524 7196 SceneServer::CSSNPC::ChangeCurHP:305 LastHit:35.
02-05-21:54:30.2526 7196 SceneServer::CSSNPC::ChangeCurHP:305 LastHit:44.
02-05-21:54:32.5527 7196 SceneServer::CSSNPC::ChangeCurHP:305 LastHit:36.
02-05-21:54:36.7520 7196 SceneServer::CSSNPC::ChangeCurHP:305 LastHit:55.
02-05-21:54:41.8543 7196 SceneServer::CSSHero::GetLastValidHeroHurt:1254 CurTIme:1419555, HurtTime:1289151.
02-05-21:54:41.8553 7196 SceneServer::CSSHero::GetLastValidHeroHurt:1254 CurTIme:1419555, HurtTime:1419555.
02-05-21:54:41.8603 7196 SceneServer::CSSHero::GetCurTitel:1193 4.
02-05-21:54:41.8633 7196 SceneServer::CSSHero::GetCurTitel:1193 0.
02-05-21:54:54.3530 7196 SceneServer::CSSNPC::ChangeCurHP:305 LastHit:45.
02-05-21:54:59.8533 7196 SceneServer::CSSNPC::ChangeCurHP:305 LastHit:46.
02-05-21:55:01.7534 7196 SceneServer::CSSNPC::ChangeCurHP:305 LastHit:47.
02-05-21:55:08.3528 7196 SceneServer::CSSNPC::ChangeCurHP:305 LastHit:37.
02-05-21:55:10.7529 7196 SceneServer::CSSNPC::ChangeCurHP:305 LastHit:38.
02-05-21:55:14.0521 7196 SceneServer::CSSNPC::ChangeCurHP:305 LastHit:26.
02-05-21:55:15.8522 7196 SceneServer::CSSNPC::ChangeCurHP:305 LastHit:39.
02-05-21:55:15.8542 7196 SceneServer::CSSNPC::ChangeCurHP:305 LastHit:40.
02-05-21:55:16.4522 7196 SceneServer::CSSNPC::ChangeCurHP:305 LastHit:48.
02-05-21:55:17.7523 7196 SceneServer::CSSNPC::ChangeCurHP:305 LastHit:41.
02-05-21:55:17.7573 7196 SceneServer::CSSHero::GetLastValidHeroHurt:1254 CurTIme:1455455, HurtTime:1441955.
02-05-21:55:17.7593 7196 SceneServer::CSSHero::GetLastValidHeroHurt:1254 CurTIme:1455455, HurtTime:1283552.
02-05-21:55:17.7603 7196 SceneServer::CSSHero::GetLastValidHeroHurt:1254 CurTIme:1455455, HurtTime:1455455.
02-05-21:55:17.7643 7196 SceneServer::CSSHero::GetCurTitel:1193 5.
02-05-21:55:17.7673 7196 SceneServer::CSSHero::GetCurTitel:1193 0.
02-05-21:55:24.6567 7196 SceneServer::CSSHero::GetCurTitel:1193 6.
02-05-21:55:24.6597 7196 SceneServer::CSSHero::GetCurTitel:1193 0.
02-05-21:55:29.3540 7196 SceneServer::CSSBattle::PostMsgToCS_BattleEnd:127 herokills:0.
02-05-21:55:29.3570 7196 SceneServer::CSSBattle::~CSSBattle:72 Destroy a battle : 1
