04-16-09:22:13.8540 5020 SceneServer::CSSCfgMgr::LoadMapStaticData:970 Add 1000 MapStaticData
04-16-09:22:13.8610 5020 SceneServer::CSSCfgMgr::LoadMapStaticData:970 Add 1001 MapStaticData
04-16-09:22:13.8670 5020 SceneServer::CSSCfgMgr::LoadMapStaticData:970 Add 1002 MapStaticData
04-16-09:22:13.8870 5020 SceneServer::CSSCfgMgr::LoadMapStaticData:970 Add 1003 MapStaticData
04-16-09:22:14.4144 5020 CCentralSession::SendInitData:30 CS Connected, try to register me.
04-16-09:22:14.4164 5020 CCentralSession::Msg_Handle_Init:90 GSKernel Start success, Got 10 GSInfo and 8 GS defined, Milsec error 237.
04-16-09:22:14.4214 5020 CCentralSession::OnRealEstablish:41 CS Connected and register ok, try to ask global config.
04-16-09:22:14.4274 5020 SceneServer::CSSCfgMgr::OnMsgFromCS_NotifyGameSwitchCfg:1359 --set this ss gamelog switch .....ok!--
04-16-09:22:14.4274 5020 SceneServer::CSSCfgMgr::OnMsgFromCS_NotifyNPCCfgList:1035 Load 52 Cfgs.
04-16-09:22:14.4344 5020 SceneServer::CSSCfgMgr::OnMsgFromCS_NotifyHeroCfgList:1049 Load 22 Cfgs.
04-16-09:22:14.4354 5020 SceneServer::CSSCfgMgr::OnMsgFromCS_NotifyShopCfgList:1077 Load 3 Cfgs.
04-16-09:22:14.4364 5020 SceneServer::CSSCfgMgr::OnMsgFromCS_NotifyGoodsCfgList:1063 Load 103 Cfgs.
04-16-09:22:14.4374 5020 SceneServer::CSSCfgMgr::OnMsgFromCS_NotifyRobotAICfgList:1091 Load 609 Cfgs.
04-16-09:22:14.4384 5020 SceneServer::CSSCfgMgr::OnMsgFromCS_NotifyRobotAIPathCfgList:1105 Load 197 Cfgs.
04-16-09:22:14.4394 5020 SceneServer::CSSCfgMgr::OnMsgFromCS_NotifyNewSkillCfgList:1119 Load 268 Cfgs.
04-16-09:22:14.4404 5020 SceneServer::CSSCfgMgr::OnMsgFromCS_NotifySkillModelAccountCfgCfgList:1133 Load 322 Cfgs.
04-16-09:22:14.4414 5020 SceneServer::CSSCfgMgr::OnMsgFromCS_NotifySkillModelEmitCfgList:1147 Load 96 Cfgs.
04-16-09:22:14.4424 5020 SceneServer::CSSCfgMgr::OnMsgFromCS_NotifySkillModelRangeCfgList:1161 Load 123 Cfgs.
04-16-09:22:14.4424 5020 SceneServer::CSSCfgMgr::OnMsgFromCS_NotifySkillModelLeadingCfgList:1175 Load 17 Cfgs.
04-16-09:22:14.4434 5020 SceneServer::CSSCfgMgr::OnMsgFromCS_NotifySkillModelBufCfgList:1189 Load 302 Cfgs.
04-16-09:22:14.4444 5020 SceneServer::CSSCfgMgr::OnMsgFromCS_NotifySkillModelSummonCfgList:1203 Load 5 Cfgs.
04-16-09:22:14.4454 5020 SceneServer::CSSCfgMgr::OnMsgFromCS_NotifySkillModelMoveCfgList:1217 Load 26 Cfgs.
04-16-09:22:14.4464 5020 SceneServer::CSSCfgMgr::OnMsgFromCS_NotifySkillModelSwitchCfgList:1232 Load 1 Cfgs.
04-16-09:22:14.4474 5020 SceneServer::CSSCfgMgr::OnMsgFromCS_NotifySkillModelPurificationCfgList:1247 Load 1 Cfgs.
04-16-09:22:14.4484 5020 SceneServer::CSSCfgMgr::OnMsgFromCS_NotifySkillModelLinkCfgList:1262 Load 1 Cfgs.
04-16-09:22:14.4494 5020 SceneServer::CSSCfgMgr::OnMsgFromCS_NotifyPassitiveSkillCfgList:1276 Load 126 Cfgs.
04-16-09:22:14.4494 5020 SceneServer::CSSCfgMgr::OnMsgFromCS_NotifyPassitiveEffectBloodSeekCfgList:1290 Load 6 Cfgs.
04-16-09:22:14.4504 5020 SceneServer::CSSCfgMgr::OnMsgFromCS_NotifyPassitiveEffectReboundCfgList:1304 Load 4 Cfgs.
04-16-09:22:14.4514 5020 SceneServer::CSSCfgMgr::OnMsgFromCS_NotifyPassitiveEffectReliveCfgList:1319 Load 1 Cfgs.
04-16-09:22:14.5715 5020 SceneServer::CSSWorkThreadMgr::OnMsgFromGS_GSAskRegiste:224 GS 30001 registed at net session 3.
04-16-09:22:14.5725 5020 CGateSession::OnRealEstablish:39 GS(30001) Connected.
04-16-09:22:14.9098 5020 CSSLogSession::SendInitData:28  LogServer Connected, try to register me.
04-16-09:50:32.3696 5020 CCentralSession::OnClose:47 CS DisConnect.

