02-04-20:35:01.9995 6344 SceneServer::CSSCfgMgr::LoadMapStaticData:970 Add 1000 MapStaticData
02-04-20:35:02.0075 6344 SceneServer::CSSCfgMgr::LoadMapStaticData:970 Add 1001 MapStaticData
02-04-20:35:02.0155 6344 SceneServer::CSSCfgMgr::LoadMapStaticData:970 Add 1002 MapStaticData
02-04-20:35:02.0365 6344 SceneServer::CSSCfgMgr::LoadMapStaticData:970 Add 1003 MapStaticData
02-04-20:35:02.3426 6344 CSSLogSession::SendInitData:28  LogServer Connected, try to register me.
02-04-20:35:03.7546 6344 CCentralSession::SendInitData:30 CS Connected, try to register me.
02-04-20:35:03.8076 6344 CCentralSession::Msg_Handle_Init:90 GSKernel Start success, Got 10 GSInfo and 8 GS defined, Milsec error 1832.
02-04-20:35:03.8197 6344 CCentralSession::OnRealEstablish:41 CS Connected and register ok, try to ask global config.
02-04-20:35:03.8277 6344 SceneServer::CSSCfgMgr::OnMsgFromCS_NotifyGameSwitchCfg:1359 --set this ss gamelog switch .....ok!--
02-04-20:35:03.8297 6344 SceneServer::CSSCfgMgr::OnMsgFromCS_NotifyNPCCfgList:1035 Load 52 Cfgs.
02-04-20:35:03.8317 6344 SceneServer::CSSCfgMgr::OnMsgFromCS_NotifyHeroCfgList:1049 Load 22 Cfgs.
02-04-20:35:03.8337 6344 SceneServer::CSSCfgMgr::OnMsgFromCS_NotifyShopCfgList:1077 Load 3 Cfgs.
02-04-20:35:03.8357 6344 SceneServer::CSSCfgMgr::OnMsgFromCS_NotifyGoodsCfgList:1063 Load 103 Cfgs.
02-04-20:35:03.8367 6344 SceneServer::CSSCfgMgr::OnMsgFromCS_NotifyRobotAICfgList:1091 Load 609 Cfgs.
02-04-20:35:03.8387 6344 SceneServer::CSSCfgMgr::OnMsgFromCS_NotifyRobotAIPathCfgList:1105 Load 197 Cfgs.
02-04-20:35:03.8407 6344 SceneServer::CSSCfgMgr::OnMsgFromCS_NotifyNewSkillCfgList:1119 Load 268 Cfgs.
02-04-20:35:03.8417 6344 SceneServer::CSSCfgMgr::OnMsgFromCS_NotifySkillModelAccountCfgCfgList:1133 Load 322 Cfgs.
02-04-20:35:03.8437 6344 SceneServer::CSSCfgMgr::OnMsgFromCS_NotifySkillModelEmitCfgList:1147 Load 96 Cfgs.
02-04-20:35:03.8467 6344 SceneServer::CSSCfgMgr::OnMsgFromCS_NotifySkillModelRangeCfgList:1161 Load 123 Cfgs.
02-04-20:35:03.8477 6344 SceneServer::CSSCfgMgr::OnMsgFromCS_NotifySkillModelLeadingCfgList:1175 Load 17 Cfgs.
02-04-20:35:03.8577 6344 SceneServer::CSSCfgMgr::OnMsgFromCS_NotifySkillModelBufCfgList:1189 Load 302 Cfgs.
02-04-20:35:03.8607 6344 SceneServer::CSSCfgMgr::OnMsgFromCS_NotifySkillModelSummonCfgList:1203 Load 5 Cfgs.
02-04-20:35:03.8627 6344 SceneServer::CSSCfgMgr::OnMsgFromCS_NotifySkillModelMoveCfgList:1217 Load 26 Cfgs.
02-04-20:35:03.8637 6344 SceneServer::CSSCfgMgr::OnMsgFromCS_NotifySkillModelSwitchCfgList:1232 Load 1 Cfgs.
02-04-20:35:03.8657 6344 SceneServer::CSSCfgMgr::OnMsgFromCS_NotifySkillModelPurificationCfgList:1247 Load 1 Cfgs.
02-04-20:35:03.8677 6344 SceneServer::CSSCfgMgr::OnMsgFromCS_NotifySkillModelLinkCfgList:1262 Load 1 Cfgs.
02-04-20:35:03.8697 6344 SceneServer::CSSCfgMgr::OnMsgFromCS_NotifyPassitiveSkillCfgList:1276 Load 126 Cfgs.
02-04-20:35:03.8707 6344 SceneServer::CSSCfgMgr::OnMsgFromCS_NotifyPassitiveEffectBloodSeekCfgList:1290 Load 6 Cfgs.
02-04-20:35:03.8727 6344 SceneServer::CSSCfgMgr::OnMsgFromCS_NotifyPassitiveEffectReboundCfgList:1304 Load 4 Cfgs.
02-04-20:35:03.8747 6344 SceneServer::CSSCfgMgr::OnMsgFromCS_NotifyPassitiveEffectReliveCfgList:1319 Load 1 Cfgs.
02-04-20:35:12.2961 6344 SceneServer::CSSWorkThreadMgr::OnMsgFromGS_GSAskRegiste:224 GS 30001 registed at net session 3.
02-04-20:35:12.3001 6344 CGateSession::OnRealEstablish:39 GS(30001) Connected.
02-04-20:46:38.1294 6344 CSSLogSession::OnClose:36 DisConnect.
02-05-00:17:20.8185 6344 CCentralSession::OnClose:47 CS DisConnect.
