01-15-22:57:03.4586 2032 SceneServer::CSSCfgMgr::LoadMapStaticData:970 Add 1000 MapStaticData
01-15-22:57:03.4606 2032 SceneServer::CSSCfgMgr::LoadMapStaticData:970 Add 1001 MapStaticData
01-15-22:57:03.4616 2032 SceneServer::CSSCfgMgr::LoadMapStaticData:970 Add 1002 MapStaticData
01-15-22:57:03.4826 2032 SceneServer::CSSCfgMgr::LoadMapStaticData:970 Add 1003 MapStaticData
01-15-22:57:04.4987 2032 CSSLogSession::SendInitData:28  LogServer Connected, try to register me.
01-15-22:57:04.5077 2032 CCentralSession::SendInitData:30 CS Connected, try to register me.
01-15-22:57:04.5107 2032 CCentralSession::Msg_Handle_Init:90 GSKernel Start success, Got 10 GSInfo and 7 GS defined, Milsec error 239.
01-15-22:57:04.5217 2032 CCentralSession::OnRealEstablish:41 CS Connected and register ok, try to ask global config.
01-15-22:57:04.5237 2032 SceneServer::CSSCfgMgr::OnMsgFromCS_NotifyGameSwitchCfg:1359 --set this ss gamelog switch .....ok!--
01-15-22:57:04.5277 2032 SceneServer::CSSCfgMgr::OnMsgFromCS_NotifyNPCCfgList:1035 Load 52 Cfgs.
01-15-22:57:04.5307 2032 SceneServer::CSSCfgMgr::OnMsgFromCS_NotifyHeroCfgList:1049 Load 22 Cfgs.
01-15-22:57:04.5317 2032 SceneServer::CSSCfgMgr::OnMsgFromCS_NotifyShopCfgList:1077 Load 3 Cfgs.
01-15-22:57:04.5337 2032 SceneServer::CSSCfgMgr::OnMsgFromCS_NotifyGoodsCfgList:1063 Load 103 Cfgs.
01-15-22:57:04.5357 2032 SceneServer::CSSCfgMgr::OnMsgFromCS_NotifyRobotAICfgList:1091 Load 609 Cfgs.
01-15-22:57:04.5377 2032 SceneServer::CSSCfgMgr::OnMsgFromCS_NotifyRobotAIPathCfgList:1105 Load 197 Cfgs.
01-15-22:57:04.5387 2032 SceneServer::CSSWorkThreadMgr::OnMsgFromGS_GSAskRegiste:224 GS 30001 registed at net session 3.
01-15-22:57:04.5407 2032 CGateSession::OnRealEstablish:39 GS(30001) Connected.
01-15-22:57:04.5417 2032 SceneServer::CSSCfgMgr::OnMsgFromCS_NotifyNewSkillCfgList:1119 Load 268 Cfgs.
01-15-22:57:04.5437 2032 SceneServer::CSSCfgMgr::OnMsgFromCS_NotifySkillModelAccountCfgCfgList:1133 Load 322 Cfgs.
01-15-22:57:04.5457 2032 SceneServer::CSSCfgMgr::OnMsgFromCS_NotifySkillModelEmitCfgList:1147 Load 96 Cfgs.
01-15-22:57:04.5487 2032 SceneServer::CSSCfgMgr::OnMsgFromCS_NotifySkillModelRangeCfgList:1161 Load 123 Cfgs.
01-15-22:57:04.5507 2032 SceneServer::CSSCfgMgr::OnMsgFromCS_NotifySkillModelLeadingCfgList:1175 Load 17 Cfgs.
01-15-22:57:04.5527 2032 SceneServer::CSSCfgMgr::OnMsgFromCS_NotifySkillModelBufCfgList:1189 Load 302 Cfgs.
01-15-22:57:04.5547 2032 SceneServer::CSSCfgMgr::OnMsgFromCS_NotifySkillModelSummonCfgList:1203 Load 5 Cfgs.
01-15-22:57:04.5567 2032 SceneServer::CSSCfgMgr::OnMsgFromCS_NotifySkillModelMoveCfgList:1217 Load 26 Cfgs.
01-15-22:57:04.5587 2032 SceneServer::CSSCfgMgr::OnMsgFromCS_NotifySkillModelSwitchCfgList:1232 Load 1 Cfgs.
01-15-22:57:04.5597 2032 SceneServer::CSSCfgMgr::OnMsgFromCS_NotifySkillModelPurificationCfgList:1247 Load 1 Cfgs.
01-15-22:57:04.5617 2032 SceneServer::CSSCfgMgr::OnMsgFromCS_NotifySkillModelLinkCfgList:1262 Load 1 Cfgs.
01-15-22:57:04.5637 2032 SceneServer::CSSCfgMgr::OnMsgFromCS_NotifyPassitiveSkillCfgList:1276 Load 126 Cfgs.
01-15-22:57:04.5657 2032 SceneServer::CSSCfgMgr::OnMsgFromCS_NotifyPassitiveEffectBloodSeekCfgList:1290 Load 6 Cfgs.
01-15-22:57:04.5677 2032 SceneServer::CSSCfgMgr::OnMsgFromCS_NotifyPassitiveEffectReboundCfgList:1304 Load 4 Cfgs.
01-15-22:57:04.5687 2032 SceneServer::CSSCfgMgr::OnMsgFromCS_NotifyPassitiveEffectReliveCfgList:1319 Load 1 Cfgs.
01-15-23:06:44.8169 6696 SceneServer::CSSGuideBattle::CheckBornSolderOrHero:213 ==start  born hero:10009,taskid:16001
01-15-23:08:43.0226 6696 SceneServer::CSSGuideBattle::CheckBornSolderOrHero:213 ==start  born hero:10008,taskid:16002
01-15-23:08:46.8498 6696 SceneServer::CSSGuideBattle::CheckBornSolderOrHero:213 ==start  born hero:10007,taskid:16003
01-15-23:13:39.5196 2032 CSSLogSession::OnClose:36 DisConnect.
01-15-23:13:42.4878 2032 CGateSession::OnClose:48 GS(30001) DisConnect.
