f:\source\最后一战\server\loginserver\loginserver\x64\release\loginserver.pch
f:\source\最后一战\server\loginserver\loginserver\x64\release\stdafx.obj
f:\source\最后一战\server\loginserver\loginserver\x64\release\vc100.pdb
f:\source\最后一战\server\loginserver\loginserver\x64\release\json_writer.obj
f:\source\最后一战\server\loginserver\loginserver\x64\release\json_value.obj
f:\source\最后一战\server\loginserver\loginserver\x64\release\json_reader.obj
f:\source\最后一战\server\loginserver\loginserver\x64\release\sdktols.pb.obj
f:\source\最后一战\server\loginserver\loginserver\x64\release\parseproto.obj
f:\source\最后一战\server\loginserver\loginserver\x64\release\lstosdk.pb.obj
f:\source\最后一战\server\loginserver\loginserver\x64\release\lstogc.pb.obj
f:\source\最后一战\server\loginserver\loginserver\x64\release\lstobs.pb.obj
f:\source\最后一战\server\loginserver\loginserver\x64\release\gctols.pb.obj
f:\source\最后一战\server\loginserver\loginserver\x64\release\gctobs.pb.obj
f:\source\最后一战\server\loginserver\loginserver\x64\release\bstols.pb.obj
f:\source\最后一战\server\loginserver\loginserver\x64\release\isrvclisession.obj
f:\source\最后一战\server\loginserver\loginserver\x64\release\inetsessionmgr.obj
f:\source\最后一战\server\loginserver\loginserver\x64\release\inetsession.obj
f:\source\最后一战\server\loginserver\loginserver\x64\release\imsghandle.obj
f:\source\最后一战\server\loginserver\loginserver\x64\release\iclisession.obj
f:\source\最后一战\server\loginserver\loginserver\x64\release\logger.obj
f:\source\最后一战\server\loginserver\loginserver\x64\release\timer.obj
f:\source\最后一战\server\loginserver\loginserver\x64\release\ssactive.obj
f:\source\最后一战\server\loginserver\loginserver\x64\release\deflogging.obj
f:\source\最后一战\server\loginserver\loginserver\x64\release\sdksession.obj
f:\source\最后一战\server\loginserver\loginserver\x64\release\sdkconnector.obj
f:\source\最后一战\server\loginserver\loginserver\x64\release\sdkasynhandler.obj
f:\source\最后一战\server\loginserver\loginserver\x64\release\lsnetsessionmgr.obj
f:\source\最后一战\server\loginserver\loginserver\x64\release\clientsession.obj
f:\source\最后一战\server\loginserver\loginserver\x64\release\balancesession.obj
f:\source\最后一战\server\loginserver\loginserver\x64\release\md5hanlder.obj
f:\source\最后一战\server\loginserver\loginserver\x64\release\loginserver.obj
e:\src\lastwar\server\loginserver\loginserver\x64\release\loginserver.pch
e:\src\lastwar\server\loginserver\loginserver\x64\release\stdafx.obj
e:\src\lastwar\server\loginserver\loginserver\x64\release\vc100.pdb
e:\src\lastwar\server\loginserver\loginserver\x64\release\json_writer.obj
e:\src\lastwar\server\loginserver\loginserver\x64\release\json_value.obj
e:\src\lastwar\server\loginserver\loginserver\x64\release\json_reader.obj
e:\src\lastwar\server\loginserver\loginserver\x64\release\sdktols.pb.obj
e:\src\lastwar\server\loginserver\loginserver\x64\release\parseproto.obj
e:\src\lastwar\server\loginserver\loginserver\x64\release\lstosdk.pb.obj
e:\src\lastwar\server\loginserver\loginserver\x64\release\lstogc.pb.obj
e:\src\lastwar\server\loginserver\loginserver\x64\release\lstobs.pb.obj
e:\src\lastwar\server\loginserver\loginserver\x64\release\gctols.pb.obj
e:\src\lastwar\server\loginserver\loginserver\x64\release\gctobs.pb.obj
e:\src\lastwar\server\loginserver\loginserver\x64\release\bstols.pb.obj
e:\src\lastwar\server\loginserver\loginserver\x64\release\isrvclisession.obj
e:\src\lastwar\server\loginserver\loginserver\x64\release\inetsessionmgr.obj
e:\src\lastwar\server\loginserver\loginserver\x64\release\inetsession.obj
e:\src\lastwar\server\loginserver\loginserver\x64\release\imsghandle.obj
e:\src\lastwar\server\loginserver\loginserver\x64\release\iclisession.obj
e:\src\lastwar\server\loginserver\loginserver\x64\release\logger.obj
e:\src\lastwar\server\loginserver\loginserver\x64\release\timer.obj
e:\src\lastwar\server\loginserver\loginserver\x64\release\ssactive.obj
e:\src\lastwar\server\loginserver\loginserver\x64\release\deflogging.obj
e:\src\lastwar\server\loginserver\loginserver\x64\release\sdksession.obj
e:\src\lastwar\server\loginserver\loginserver\x64\release\sdkconnector.obj
e:\src\lastwar\server\loginserver\loginserver\x64\release\sdkasynhandler.obj
e:\src\lastwar\server\loginserver\loginserver\x64\release\lsnetsessionmgr.obj
e:\src\lastwar\server\loginserver\loginserver\x64\release\clientsession.obj
e:\src\lastwar\server\loginserver\loginserver\x64\release\balancesession.obj
e:\src\lastwar\server\loginserver\loginserver\x64\release\md5hanlder.obj
e:\src\lastwar\server\loginserver\loginserver\x64\release\loginserver.obj
e:\src\[src.cool]最后一战\server\loginserver\loginserver\x64\release\loginserver.pch
e:\src\[src.cool]最后一战\server\loginserver\loginserver\x64\release\stdafx.obj
e:\src\[src.cool]最后一战\server\loginserver\loginserver\x64\release\vc100.pdb
e:\src\[src.cool]最后一战\server\loginserver\loginserver\x64\release\json_writer.obj
e:\src\[src.cool]最后一战\server\loginserver\loginserver\x64\release\json_value.obj
e:\src\[src.cool]最后一战\server\loginserver\loginserver\x64\release\json_reader.obj
e:\src\[src.cool]最后一战\server\loginserver\loginserver\x64\release\sdktols.pb.obj
e:\src\[src.cool]最后一战\server\loginserver\loginserver\x64\release\parseproto.obj
e:\src\[src.cool]最后一战\server\loginserver\loginserver\x64\release\lstosdk.pb.obj
e:\src\[src.cool]最后一战\server\loginserver\loginserver\x64\release\lstogc.pb.obj
e:\src\[src.cool]最后一战\server\loginserver\loginserver\x64\release\lstobs.pb.obj
e:\src\[src.cool]最后一战\server\loginserver\loginserver\x64\release\gctols.pb.obj
e:\src\[src.cool]最后一战\server\loginserver\loginserver\x64\release\gctobs.pb.obj
e:\src\[src.cool]最后一战\server\loginserver\loginserver\x64\release\bstols.pb.obj
e:\src\[src.cool]最后一战\server\loginserver\loginserver\x64\release\isrvclisession.obj
e:\src\[src.cool]最后一战\server\loginserver\loginserver\x64\release\inetsessionmgr.obj
e:\src\[src.cool]最后一战\server\loginserver\loginserver\x64\release\inetsession.obj
e:\src\[src.cool]最后一战\server\loginserver\loginserver\x64\release\imsghandle.obj
e:\src\[src.cool]最后一战\server\loginserver\loginserver\x64\release\iclisession.obj
e:\src\[src.cool]最后一战\server\loginserver\loginserver\x64\release\logger.obj
e:\src\[src.cool]最后一战\server\loginserver\loginserver\x64\release\timer.obj
e:\src\[src.cool]最后一战\server\loginserver\loginserver\x64\release\ssactive.obj
e:\src\[src.cool]最后一战\server\loginserver\loginserver\x64\release\deflogging.obj
e:\src\[src.cool]最后一战\server\loginserver\loginserver\x64\release\sdksession.obj
e:\src\[src.cool]最后一战\server\loginserver\loginserver\x64\release\sdkconnector.obj
e:\src\[src.cool]最后一战\server\loginserver\loginserver\x64\release\sdkasynhandler.obj
e:\src\[src.cool]最后一战\server\loginserver\loginserver\x64\release\lsnetsessionmgr.obj
e:\src\[src.cool]最后一战\server\loginserver\loginserver\x64\release\clientsession.obj
e:\src\[src.cool]最后一战\server\loginserver\loginserver\x64\release\balancesession.obj
e:\src\[src.cool]最后一战\server\loginserver\loginserver\x64\release\md5hanlder.obj
e:\src\[src.cool]最后一战\server\loginserver\loginserver\x64\release\loginserver.obj
f:\source\最后一战\server\bin\x64\release\loginserver.exe
f:\source\最后一战\server\loginserver\loginserver\x64\release\loginserver.exe.intermediate.manifest
f:\source\最后一战\server\bin\x64\release\loginserver.pdb
e:\src\lastwar\server\bin\x64\release\loginserver.exe
e:\src\lastwar\server\loginserver\loginserver\x64\release\loginserver.exe.intermediate.manifest
e:\src\lastwar\server\bin\x64\release\loginserver.pdb
e:\src\[src.cool]最后一战\server\bin\x64\release\loginserver.exe
e:\src\[src.cool]最后一战\server\loginserver\loginserver\x64\release\loginserver.exe.intermediate.manifest
e:\src\[src.cool]最后一战\server\bin\x64\release\loginserver.pdb
d:\baidunetdiskdownload\最后一战\[moba手游]最后一战\[moba手游]最后一战\server\loginserver\loginserver\x64\release\balancesession.obj
d:\baidunetdiskdownload\最后一战\[moba手游]最后一战\[moba手游]最后一战\server\loginserver\loginserver\x64\release\bstols.pb.obj
d:\baidunetdiskdownload\最后一战\[moba手游]最后一战\[moba手游]最后一战\server\loginserver\loginserver\x64\release\clientsession.obj
d:\baidunetdiskdownload\最后一战\[moba手游]最后一战\[moba手游]最后一战\server\loginserver\loginserver\x64\release\deflogging.obj
d:\baidunetdiskdownload\最后一战\[moba手游]最后一战\[moba手游]最后一战\server\loginserver\loginserver\x64\release\gctobs.pb.obj
d:\baidunetdiskdownload\最后一战\[moba手游]最后一战\[moba手游]最后一战\server\loginserver\loginserver\x64\release\gctols.pb.obj
d:\baidunetdiskdownload\最后一战\[moba手游]最后一战\[moba手游]最后一战\server\loginserver\loginserver\x64\release\iclisession.obj
d:\baidunetdiskdownload\最后一战\[moba手游]最后一战\[moba手游]最后一战\server\loginserver\loginserver\x64\release\imsghandle.obj
d:\baidunetdiskdownload\最后一战\[moba手游]最后一战\[moba手游]最后一战\server\loginserver\loginserver\x64\release\inetsession.obj
d:\baidunetdiskdownload\最后一战\[moba手游]最后一战\[moba手游]最后一战\server\loginserver\loginserver\x64\release\inetsessionmgr.obj
d:\baidunetdiskdownload\最后一战\[moba手游]最后一战\[moba手游]最后一战\server\loginserver\loginserver\x64\release\isrvclisession.obj
d:\baidunetdiskdownload\最后一战\[moba手游]最后一战\[moba手游]最后一战\server\loginserver\loginserver\x64\release\json_reader.obj
d:\baidunetdiskdownload\最后一战\[moba手游]最后一战\[moba手游]最后一战\server\loginserver\loginserver\x64\release\json_value.obj
d:\baidunetdiskdownload\最后一战\[moba手游]最后一战\[moba手游]最后一战\server\loginserver\loginserver\x64\release\json_writer.obj
d:\baidunetdiskdownload\最后一战\[moba手游]最后一战\[moba手游]最后一战\server\loginserver\loginserver\x64\release\logger.obj
d:\baidunetdiskdownload\最后一战\[moba手游]最后一战\[moba手游]最后一战\server\loginserver\loginserver\x64\release\loginserver.obj
d:\baidunetdiskdownload\最后一战\[moba手游]最后一战\[moba手游]最后一战\server\loginserver\loginserver\x64\release\lsnetsessionmgr.obj
d:\baidunetdiskdownload\最后一战\[moba手游]最后一战\[moba手游]最后一战\server\loginserver\loginserver\x64\release\lstobs.pb.obj
d:\baidunetdiskdownload\最后一战\[moba手游]最后一战\[moba手游]最后一战\server\loginserver\loginserver\x64\release\lstogc.pb.obj
d:\baidunetdiskdownload\最后一战\[moba手游]最后一战\[moba手游]最后一战\server\loginserver\loginserver\x64\release\lstosdk.pb.obj
d:\baidunetdiskdownload\最后一战\[moba手游]最后一战\[moba手游]最后一战\server\loginserver\loginserver\x64\release\md5hanlder.obj
d:\baidunetdiskdownload\最后一战\[moba手游]最后一战\[moba手游]最后一战\server\loginserver\loginserver\x64\release\parseproto.obj
d:\baidunetdiskdownload\最后一战\[moba手游]最后一战\[moba手游]最后一战\server\loginserver\loginserver\x64\release\sdkasynhandler.obj
d:\baidunetdiskdownload\最后一战\[moba手游]最后一战\[moba手游]最后一战\server\loginserver\loginserver\x64\release\sdkconnector.obj
d:\baidunetdiskdownload\最后一战\[moba手游]最后一战\[moba手游]最后一战\server\loginserver\loginserver\x64\release\sdksession.obj
d:\baidunetdiskdownload\最后一战\[moba手游]最后一战\[moba手游]最后一战\server\loginserver\loginserver\x64\release\sdktols.pb.obj
d:\baidunetdiskdownload\最后一战\[moba手游]最后一战\[moba手游]最后一战\server\loginserver\loginserver\x64\release\ssactive.obj
d:\baidunetdiskdownload\最后一战\[moba手游]最后一战\[moba手游]最后一战\server\loginserver\loginserver\x64\release\stdafx.obj
d:\baidunetdiskdownload\最后一战\[moba手游]最后一战\[moba手游]最后一战\server\loginserver\loginserver\x64\release\timer.obj
d:\baidunetdiskdownload\最后一战\[moba手游]最后一战\[moba手游]最后一战\server\loginserver\loginserver\x64\release\cl.command.1.tlog
d:\baidunetdiskdownload\最后一战\[moba手游]最后一战\[moba手游]最后一战\server\loginserver\loginserver\x64\release\cl.read.1.tlog
d:\baidunetdiskdownload\最后一战\[moba手游]最后一战\[moba手游]最后一战\server\loginserver\loginserver\x64\release\cl.write.1.tlog
d:\baidunetdiskdownload\最后一战\[moba手游]最后一战\[moba手游]最后一战\server\loginserver\loginserver\x64\release\link.command.1.tlog
d:\baidunetdiskdownload\最后一战\[moba手游]最后一战\[moba手游]最后一战\server\loginserver\loginserver\x64\release\link.read.1.tlog
d:\baidunetdiskdownload\最后一战\[moba手游]最后一战\[moba手游]最后一战\server\loginserver\loginserver\x64\release\link.write.1.tlog
d:\baidunetdiskdownload\最后一战\[moba手游]最后一战\[moba手游]最后一战\server\loginserver\loginserver\x64\release\loginserver.write.1.tlog
d:\baidunetdiskdownload\最后一战\[moba手游]最后一战\[moba手游]最后一战\server\loginserver\loginserver\x64\release\mt.command.1.tlog
d:\baidunetdiskdownload\最后一战\[moba手游]最后一战\[moba手游]最后一战\server\loginserver\loginserver\x64\release\mt.read.1.tlog
d:\baidunetdiskdownload\最后一战\[moba手游]最后一战\[moba手游]最后一战\server\loginserver\loginserver\x64\release\mt.write.1.tlog
d:\baidunetdiskdownload\最后一战\[moba手游]最后一战\[moba手游]最后一战\server\loginserver\loginserver\x64\release\loginserver.exe.intermediate.manifest
d:\baidunetdiskdownload\最后一战\[moba手游]最后一战\[moba手游]最后一战\server\loginserver\loginserver\x64\release\vc100.pdb
d:\baidunetdiskdownload\最后一战\[moba手游]最后一战\[moba手游]最后一战\server\loginserver\loginserver\x64\release\vc140.pdb
d:\baidunetdiskdownload\最后一战\[moba手游]最后一战\[moba手游]最后一战\server\loginserver\loginserver\..\..\bin\x64\release\loginserver.exe
d:\baidunetdiskdownload\最后一战\[moba手游]最后一战\[moba手游]最后一战\server\loginserver\loginserver\x64\release\loginserver.tlog\cl.command.1.tlog
