f:\source\最后一战\server\centralserver\csbattlemgr\x64\release\vc100.pdb
f:\source\最后一战\server\centralserver\csbattlemgr\x64\release\dict.obj
e:\src\lastwar\server\centralserver\csbattlemgr\x64\release\commlog.obj
e:\src\lastwar\server\centralserver\csbattlemgr\x64\release\cstodb.pb.obj
e:\src\lastwar\server\centralserver\csbattlemgr\x64\release\gstocs.pb.obj
e:\src\lastwar\server\centralserver\csbattlemgr\x64\release\async.obj
e:\src\lastwar\server\centralserver\csbattlemgr\x64\release\csbattle.obj
e:\src\lastwar\server\centralserver\csbattlemgr\x64\release\csbattle_msgposter.obj
e:\src\lastwar\server\centralserver\csbattlemgr\x64\release\csscript.obj
e:\src\lastwar\server\centralserver\csbattlemgr\x64\release\csuserdbdatamgr.obj
e:\src\lastwar\server\centralserver\csbattlemgr\x64\release\csusermgr_notice.obj
e:\src\lastwar\server\centralserver\csbattlemgr\x64\release\csusermgr_useraskdbasyn.obj
e:\src\lastwar\server\centralserver\csbattlemgr\x64\release\redissession.obj
e:\src\lastwar\server\centralserver\csbattlemgr\x64\release\ssactive.obj
e:\src\lastwar\server\centralserver\csbattlemgr\x64\release\gctobs.pb.obj
e:\src\lastwar\server\centralserver\csbattlemgr\x64\release\gstogc.pb.obj
e:\src\lastwar\server\centralserver\csbattlemgr\x64\release\csbattlematcher.obj
e:\src\lastwar\server\centralserver\csbattlemgr\x64\release\csbattlemgr_askhandler.obj
e:\src\lastwar\server\centralserver\csbattlemgr\x64\release\cskernel.obj
e:\src\lastwar\server\centralserver\csbattlemgr\x64\release\csusermgr_gcguidemsg.obj
e:\src\lastwar\server\centralserver\csbattlemgr\x64\release\csusermgr_ssmsg.obj
e:\src\lastwar\server\centralserver\csbattlemgr\x64\release\csuser_msgposter.obj
e:\src\lastwar\server\centralserver\csbattlemgr\x64\release\scenesession.obj
e:\src\lastwar\server\centralserver\csbattlemgr\x64\release\timer.obj
e:\src\lastwar\server\centralserver\csbattlemgr\x64\release\isrvclisession.obj
e:\src\lastwar\server\centralserver\csbattlemgr\x64\release\cstoss.pb.obj
e:\src\lastwar\server\centralserver\csbattlemgr\x64\release\parseproto.obj
e:\src\lastwar\server\centralserver\csbattlemgr\x64\release\sstocs.pb.obj
e:\src\lastwar\server\centralserver\csbattlemgr\x64\release\cmatchteam.obj
e:\src\lastwar\server\centralserver\csbattlemgr\x64\release\csbattleroom.obj
e:\src\lastwar\server\centralserver\csbattlemgr\x64\release\cskernel_mainthread.obj
e:\src\lastwar\server\centralserver\csbattlemgr\x64\release\csusermgr_askhandler.obj
e:\src\lastwar\server\centralserver\csbattlemgr\x64\release\csusermgr_redissyncallback.obj
e:\src\lastwar\server\centralserver\csbattlemgr\x64\release\cswordfilter.obj
e:\src\lastwar\server\centralserver\csbattlemgr\x64\release\gatesession.obj
e:\src\lastwar\server\centralserver\csbattlemgr\x64\release\zmalloc.obj
e:\src\lastwar\server\centralserver\csbattlemgr\x64\release\deflogging.obj
e:\src\lastwar\server\centralserver\csbattlemgr\x64\release\imsghandle.obj
e:\src\lastwar\server\centralserver\csbattlemgr\x64\release\inetsessionmgr.obj
e:\src\lastwar\server\centralserver\csbattlemgr\x64\release\bstogs.pb.obj
e:\src\lastwar\server\centralserver\csbattlemgr\x64\release\gctocs.pb.obj
e:\src\lastwar\server\centralserver\csbattlemgr\x64\release\rctocs.pb.obj
e:\src\lastwar\server\centralserver\csbattlemgr\x64\release\cmatchmgr.obj
e:\src\lastwar\server\centralserver\csbattlemgr\x64\release\csbattlemgr_gcmsg.obj
e:\src\lastwar\server\centralserver\csbattlemgr\x64\release\csgsinfo.obj
e:\src\lastwar\server\centralserver\csbattlemgr\x64\release\csusercfgmgr.obj
e:\src\lastwar\server\centralserver\csbattlemgr\x64\release\csusermgr_gsmsg.obj
e:\src\lastwar\server\centralserver\csbattlemgr\x64\release\csusermgr_synuseraskdbcallback.obj
e:\src\lastwar\server\centralserver\csbattlemgr\x64\release\logicredissession.obj
e:\src\lastwar\server\centralserver\csbattlemgr\x64\release\dbactivewrapper.obj
e:\src\lastwar\server\centralserver\csbattlemgr\x64\release\cmatchlist_vsai.obj
e:\src\lastwar\server\centralserver\csbattlemgr\x64\release\csbattlemgr_gsmsg.obj
e:\src\lastwar\server\centralserver\csbattlemgr\x64\release\csgamelogmgr.obj
e:\src\lastwar\server\centralserver\csbattlemgr\x64\release\csuser.obj
e:\src\lastwar\server\centralserver\csbattlemgr\x64\release\csusermgr_gmmsg.obj
e:\src\lastwar\server\centralserver\csbattlemgr\x64\release\csusermgr_synmoneydbcalback.obj
e:\src\lastwar\server\centralserver\csbattlemgr\x64\release\csnetsessionmgr.obj
e:\src\lastwar\server\centralserver\csbattlemgr\x64\release\taskmgr.obj
e:\src\lastwar\server\centralserver\csbattlemgr\x64\release\csdatasource.obj
e:\src\lastwar\server\centralserver\csbattlemgr\x64\release\dbtocs.pb.obj
e:\src\lastwar\server\centralserver\csbattlemgr\x64\release\gstoss.pb.obj
e:\src\lastwar\server\centralserver\csbattlemgr\x64\release\cmatchlist_tianti.obj
e:\src\lastwar\server\centralserver\csbattlemgr\x64\release\csbattlemgr.obj
e:\src\lastwar\server\centralserver\csbattlemgr\x64\release\cscfgmgr.obj
e:\src\lastwar\server\centralserver\csbattlemgr\x64\release\csssinfo.obj
e:\src\lastwar\server\centralserver\csbattlemgr\x64\release\csusermgr_gcmsg.obj
e:\src\lastwar\server\centralserver\csbattlemgr\x64\release\csusermgr_syncdkeydbcalback.obj
e:\src\lastwar\server\centralserver\csbattlemgr\x64\release\cslogsession.obj
e:\src\lastwar\server\centralserver\csbattlemgr\x64\release\sds.obj
e:\src\lastwar\server\centralserver\csbattlemgr\x64\release\stdafx.obj
e:\src\lastwar\server\centralserver\csbattlemgr\x64\release\dbmgr.obj
e:\src\lastwar\server\centralserver\csbattlemgr\x64\release\cstorc.pb.obj
e:\src\lastwar\server\centralserver\csbattlemgr\x64\release\gstobs.pb.obj
e:\src\lastwar\server\centralserver\csbattlemgr\x64\release\tolog.pb.obj
e:\src\lastwar\server\centralserver\csbattlemgr\x64\release\imatchlist.obj
e:\src\lastwar\server\centralserver\csbattlemgr\x64\release\csbattlemgr_rcmsg.obj
e:\src\lastwar\server\centralserver\csbattlemgr\x64\release\csmailmgr.obj
e:\src\lastwar\server\centralserver\csbattlemgr\x64\release\csusermgr.obj
e:\src\lastwar\server\centralserver\csbattlemgr\x64\release\csusermgr_mailmsg.obj
e:\src\lastwar\server\centralserver\csbattlemgr\x64\release\hiredis.obj
e:\src\lastwar\server\centralserver\csbattlemgr\x64\release\main.obj
e:\src\lastwar\server\centralserver\csbattlemgr\x64\release\task.obj
e:\src\lastwar\server\centralserver\csbattlemgr\x64\release\iclisession.obj
e:\src\lastwar\server\centralserver\csbattlemgr\x64\release\inetsession.obj
e:\src\lastwar\server\centralserver\csbattlemgr\x64\release\bstogc.pb.obj
e:\src\lastwar\server\centralserver\csbattlemgr\x64\release\cstogs.pb.obj
e:\src\lastwar\server\centralserver\csbattlemgr\x64\release\gctoss.pb.obj
e:\src\lastwar\server\centralserver\csbattlemgr\x64\release\cmatchlist_nomal.obj
e:\src\lastwar\server\centralserver\csbattlemgr\x64\release\csbattlemgr_ssmsg.obj
e:\src\lastwar\server\centralserver\csbattlemgr\x64\release\csguidebattle.obj
e:\src\lastwar\server\centralserver\csbattlemgr\x64\release\csuserguidefunc.obj
e:\src\lastwar\server\centralserver\csbattlemgr\x64\release\csusermgr_rcmsg.obj
e:\src\lastwar\server\centralserver\csbattlemgr\x64\release\csusermgr_usercachedbasynhandler.obj
e:\src\lastwar\server\centralserver\csbattlemgr\x64\release\remoteconsolesession.obj
e:\src\lastwar\server\centralserver\csbattlemgr\x64\release\vc100.pdb
e:\src\lastwar\server\centralserver\csbattlemgr\x64\release\dict.obj
e:\src\[src.cool]最后一战\server\centralserver\csbattlemgr\x64\release\timer.obj
e:\src\[src.cool]最后一战\server\centralserver\csbattlemgr\x64\release\bstogs.pb.obj
e:\src\[src.cool]最后一战\server\centralserver\csbattlemgr\x64\release\cstorc.pb.obj
e:\src\[src.cool]最后一战\server\centralserver\csbattlemgr\x64\release\gstocs.pb.obj
e:\src\[src.cool]最后一战\server\centralserver\csbattlemgr\x64\release\sstocs.pb.obj
e:\src\[src.cool]最后一战\server\centralserver\csbattlemgr\x64\release\cmatchteam.obj
e:\src\[src.cool]最后一战\server\centralserver\csbattlemgr\x64\release\csbattleroom.obj
e:\src\[src.cool]最后一战\server\centralserver\csbattlemgr\x64\release\cskernel_mainthread.obj
e:\src\[src.cool]最后一战\server\centralserver\csbattlemgr\x64\release\csusermgr_askhandler.obj
e:\src\[src.cool]最后一战\server\centralserver\csbattlemgr\x64\release\csusermgr_redissyncallback.obj
e:\src\[src.cool]最后一战\server\centralserver\csbattlemgr\x64\release\cswordfilter.obj
e:\src\[src.cool]最后一战\server\centralserver\csbattlemgr\x64\release\redissession.obj
e:\src\[src.cool]最后一战\server\centralserver\csbattlemgr\x64\release\commlog.obj
e:\src\[src.cool]最后一战\server\centralserver\csbattlemgr\x64\release\cstoss.pb.obj
e:\src\[src.cool]最后一战\server\centralserver\csbattlemgr\x64\release\parseproto.obj
e:\src\[src.cool]最后一战\server\centralserver\csbattlemgr\x64\release\cmatchlist_nomal.obj
e:\src\[src.cool]最后一战\server\centralserver\csbattlemgr\x64\release\csbattlemgr_ssmsg.obj
e:\src\[src.cool]最后一战\server\centralserver\csbattlemgr\x64\release\csgsinfo.obj
e:\src\[src.cool]最后一战\server\centralserver\csbattlemgr\x64\release\csusercfgmgr.obj
e:\src\[src.cool]最后一战\server\centralserver\csbattlemgr\x64\release\csusermgr_gsmsg.obj
e:\src\[src.cool]最后一战\server\centralserver\csbattlemgr\x64\release\csusermgr_synuseraskdbcallback.obj
e:\src\[src.cool]最后一战\server\centralserver\csbattlemgr\x64\release\gatesession.obj
e:\src\[src.cool]最后一战\server\centralserver\csbattlemgr\x64\release\zmalloc.obj
e:\src\[src.cool]最后一战\server\centralserver\csbattlemgr\x64\release\csdatasource.obj
e:\src\[src.cool]最后一战\server\centralserver\csbattlemgr\x64\release\dbtocs.pb.obj
e:\src\[src.cool]最后一战\server\centralserver\csbattlemgr\x64\release\gstoss.pb.obj
e:\src\[src.cool]最后一战\server\centralserver\csbattlemgr\x64\release\cmatchlist_tianti.obj
e:\src\[src.cool]最后一战\server\centralserver\csbattlemgr\x64\release\csbattlemgr.obj
e:\src\[src.cool]最后一战\server\centralserver\csbattlemgr\x64\release\cscfgmgr.obj
e:\src\[src.cool]最后一战\server\centralserver\csbattlemgr\x64\release\csuser.obj
e:\src\[src.cool]最后一战\server\centralserver\csbattlemgr\x64\release\csusermgr_gmmsg.obj
e:\src\[src.cool]最后一战\server\centralserver\csbattlemgr\x64\release\csusermgr_synmoneydbcalback.obj
e:\src\[src.cool]最后一战\server\centralserver\csbattlemgr\x64\release\csnetsessionmgr.obj
e:\src\[src.cool]最后一战\server\centralserver\csbattlemgr\x64\release\taskmgr.obj
e:\src\[src.cool]最后一战\server\centralserver\csbattlemgr\x64\release\dbmgr.obj
e:\src\[src.cool]最后一战\server\centralserver\csbattlemgr\x64\release\gctobs.pb.obj
e:\src\[src.cool]最后一战\server\centralserver\csbattlemgr\x64\release\gstogc.pb.obj
e:\src\[src.cool]最后一战\server\centralserver\csbattlemgr\x64\release\csbattlematcher.obj
e:\src\[src.cool]最后一战\server\centralserver\csbattlemgr\x64\release\csbattlemgr_gcmsg.obj
e:\src\[src.cool]最后一战\server\centralserver\csbattlemgr\x64\release\csguidebattle.obj
e:\src\[src.cool]最后一战\server\centralserver\csbattlemgr\x64\release\csuserguidefunc.obj
e:\src\[src.cool]最后一战\server\centralserver\csbattlemgr\x64\release\csusermgr_rcmsg.obj
e:\src\[src.cool]最后一战\server\centralserver\csbattlemgr\x64\release\csusermgr_usercachedbasynhandler.obj
e:\src\[src.cool]最后一战\server\centralserver\csbattlemgr\x64\release\remoteconsolesession.obj
e:\src\[src.cool]最后一战\server\centralserver\csbattlemgr\x64\release\iclisession.obj
e:\src\[src.cool]最后一战\server\centralserver\csbattlemgr\x64\release\inetsession.obj
e:\src\[src.cool]最后一战\server\centralserver\csbattlemgr\x64\release\isrvclisession.obj
e:\src\[src.cool]最后一战\server\centralserver\csbattlemgr\x64\release\cstodb.pb.obj
e:\src\[src.cool]最后一战\server\centralserver\csbattlemgr\x64\release\gctoss.pb.obj
e:\src\[src.cool]最后一战\server\centralserver\csbattlemgr\x64\release\tolog.pb.obj
e:\src\[src.cool]最后一战\server\centralserver\csbattlemgr\x64\release\cmatchlist_vsai.obj
e:\src\[src.cool]最后一战\server\centralserver\csbattlemgr\x64\release\csbattlemgr_rcmsg.obj
e:\src\[src.cool]最后一战\server\centralserver\csbattlemgr\x64\release\csmailmgr.obj
e:\src\[src.cool]最后一战\server\centralserver\csbattlemgr\x64\release\csusermgr.obj
e:\src\[src.cool]最后一战\server\centralserver\csbattlemgr\x64\release\csusermgr_mailmsg.obj
e:\src\[src.cool]最后一战\server\centralserver\csbattlemgr\x64\release\hiredis.obj
e:\src\[src.cool]最后一战\server\centralserver\csbattlemgr\x64\release\main.obj
e:\src\[src.cool]最后一战\server\centralserver\csbattlemgr\x64\release\task.obj
e:\src\[src.cool]最后一战\server\centralserver\csbattlemgr\x64\release\deflogging.obj
e:\src\[src.cool]最后一战\server\centralserver\csbattlemgr\x64\release\imsghandle.obj
e:\src\[src.cool]最后一战\server\centralserver\csbattlemgr\x64\release\inetsessionmgr.obj
e:\src\[src.cool]最后一战\server\centralserver\csbattlemgr\x64\release\bstogc.pb.obj
e:\src\[src.cool]最后一战\server\centralserver\csbattlemgr\x64\release\cstogs.pb.obj
e:\src\[src.cool]最后一战\server\centralserver\csbattlemgr\x64\release\gctocs.pb.obj
e:\src\[src.cool]最后一战\server\centralserver\csbattlemgr\x64\release\async.obj
e:\src\[src.cool]最后一战\server\centralserver\csbattlemgr\x64\release\imatchlist.obj
e:\src\[src.cool]最后一战\server\centralserver\csbattlemgr\x64\release\csbattlemgr_gsmsg.obj
e:\src\[src.cool]最后一战\server\centralserver\csbattlemgr\x64\release\csgamelogmgr.obj
e:\src\[src.cool]最后一战\server\centralserver\csbattlemgr\x64\release\csssinfo.obj
e:\src\[src.cool]最后一战\server\centralserver\csbattlemgr\x64\release\csusermgr_gcmsg.obj
e:\src\[src.cool]最后一战\server\centralserver\csbattlemgr\x64\release\csusermgr_syncdkeydbcalback.obj
e:\src\[src.cool]最后一战\server\centralserver\csbattlemgr\x64\release\cslogsession.obj
e:\src\[src.cool]最后一战\server\centralserver\csbattlemgr\x64\release\sds.obj
e:\src\[src.cool]最后一战\server\centralserver\csbattlemgr\x64\release\stdafx.obj
e:\src\[src.cool]最后一战\server\centralserver\csbattlemgr\x64\release\dbactivewrapper.obj
e:\src\[src.cool]最后一战\server\centralserver\csbattlemgr\x64\release\csbattle.obj
e:\src\[src.cool]最后一战\server\centralserver\csbattlemgr\x64\release\csbattle_msgposter.obj
e:\src\[src.cool]最后一战\server\centralserver\csbattlemgr\x64\release\csscript.obj
e:\src\[src.cool]最后一战\server\centralserver\csbattlemgr\x64\release\csuserdbdatamgr.obj
e:\src\[src.cool]最后一战\server\centralserver\csbattlemgr\x64\release\csusermgr_notice.obj
e:\src\[src.cool]最后一战\server\centralserver\csbattlemgr\x64\release\csusermgr_useraskdbasyn.obj
e:\src\[src.cool]最后一战\server\centralserver\csbattlemgr\x64\release\logicredissession.obj
e:\src\[src.cool]最后一战\server\centralserver\csbattlemgr\x64\release\ssactive.obj
e:\src\[src.cool]最后一战\server\centralserver\csbattlemgr\x64\release\gstobs.pb.obj
e:\src\[src.cool]最后一战\server\centralserver\csbattlemgr\x64\release\rctocs.pb.obj
e:\src\[src.cool]最后一战\server\centralserver\csbattlemgr\x64\release\cmatchmgr.obj
e:\src\[src.cool]最后一战\server\centralserver\csbattlemgr\x64\release\csbattlemgr_askhandler.obj
e:\src\[src.cool]最后一战\server\centralserver\csbattlemgr\x64\release\cskernel.obj
e:\src\[src.cool]最后一战\server\centralserver\csbattlemgr\x64\release\csusermgr_gcguidemsg.obj
e:\src\[src.cool]最后一战\server\centralserver\csbattlemgr\x64\release\csusermgr_ssmsg.obj
e:\src\[src.cool]最后一战\server\centralserver\csbattlemgr\x64\release\csuser_msgposter.obj
e:\src\[src.cool]最后一战\server\centralserver\csbattlemgr\x64\release\scenesession.obj
e:\src\[src.cool]最后一战\server\centralserver\csbattlemgr\x64\release\vc100.pdb
e:\src\[src.cool]最后一战\server\centralserver\csbattlemgr\x64\release\dict.obj
f:\source\最后一战\server\bin\x64\release\csbattlemgr.exe
f:\source\最后一战\server\centralserver\csbattlemgr\x64\release\csbattlemgr.exe.intermediate.manifest
f:\source\最后一战\server\bin\x64\release\csbattlemgr.pdb
e:\src\lastwar\server\bin\x64\release\csbattlemgr.exe
e:\src\lastwar\server\centralserver\csbattlemgr\x64\release\csbattlemgr.exe.intermediate.manifest
e:\src\lastwar\server\bin\x64\release\csbattlemgr.pdb
e:\src\[src.cool]最后一战\server\bin\x64\release\csbattlemgr.exe
e:\src\[src.cool]最后一战\server\centralserver\csbattlemgr\x64\release\csbattlemgr.exe.intermediate.manifest
e:\src\[src.cool]最后一战\server\bin\x64\release\csbattlemgr.pdb
d:\baidunetdiskdownload\最后一战\[moba手游]最后一战\[moba手游]最后一战\server\centralserver\csbattlemgr\x64\release\imsghandle.obj
d:\baidunetdiskdownload\最后一战\[moba手游]最后一战\[moba手游]最后一战\server\centralserver\csbattlemgr\x64\release\inetsession.obj
d:\baidunetdiskdownload\最后一战\[moba手游]最后一战\[moba手游]最后一战\server\centralserver\csbattlemgr\x64\release\bstogc.pb.obj
d:\baidunetdiskdownload\最后一战\[moba手游]最后一战\[moba手游]最后一战\server\centralserver\csbattlemgr\x64\release\cstorc.pb.obj
d:\baidunetdiskdownload\最后一战\[moba手游]最后一战\[moba手游]最后一战\server\centralserver\csbattlemgr\x64\release\gctobs.pb.obj
d:\baidunetdiskdownload\最后一战\[moba手游]最后一战\[moba手游]最后一战\server\centralserver\csbattlemgr\x64\release\gstobs.pb.obj
d:\baidunetdiskdownload\最后一战\[moba手游]最后一战\[moba手游]最后一战\server\centralserver\csbattlemgr\x64\release\parseproto.obj
d:\baidunetdiskdownload\最后一战\[moba手游]最后一战\[moba手游]最后一战\server\centralserver\csbattlemgr\x64\release\rctocs.pb.obj
d:\baidunetdiskdownload\最后一战\[moba手游]最后一战\[moba手游]最后一战\server\centralserver\csbattlemgr\x64\release\async.obj
d:\baidunetdiskdownload\最后一战\[moba手游]最后一战\[moba手游]最后一战\server\centralserver\csbattlemgr\x64\release\sds.obj
d:\baidunetdiskdownload\最后一战\[moba手游]最后一战\[moba手游]最后一战\server\centralserver\csbattlemgr\x64\release\zmalloc.obj
d:\baidunetdiskdownload\最后一战\[moba手游]最后一战\[moba手游]最后一战\server\centralserver\csbattlemgr\x64\release\ssactive.obj
d:\baidunetdiskdownload\最后一战\[moba手游]最后一战\[moba手游]最后一战\server\centralserver\csbattlemgr\x64\release\bstogs.pb.obj
d:\baidunetdiskdownload\最后一战\[moba手游]最后一战\[moba手游]最后一战\server\centralserver\csbattlemgr\x64\release\cstoss.pb.obj
d:\baidunetdiskdownload\最后一战\[moba手游]最后一战\[moba手游]最后一战\server\centralserver\csbattlemgr\x64\release\gctoss.pb.obj
d:\baidunetdiskdownload\最后一战\[moba手游]最后一战\[moba手游]最后一战\server\centralserver\csbattlemgr\x64\release\gstogc.pb.obj
d:\baidunetdiskdownload\最后一战\[moba手游]最后一战\[moba手游]最后一战\server\centralserver\csbattlemgr\x64\release\isrvclisession.obj
d:\baidunetdiskdownload\最后一战\[moba手游]最后一战\[moba手游]最后一战\server\centralserver\csbattlemgr\x64\release\cstogs.pb.obj
d:\baidunetdiskdownload\最后一战\[moba手游]最后一战\[moba手游]最后一战\server\centralserver\csbattlemgr\x64\release\gctocs.pb.obj
d:\baidunetdiskdownload\最后一战\[moba手游]最后一战\[moba手游]最后一战\server\centralserver\csbattlemgr\x64\release\gstoss.pb.obj
d:\baidunetdiskdownload\最后一战\[moba手游]最后一战\[moba手游]最后一战\server\centralserver\csbattlemgr\x64\release\tolog.pb.obj
d:\baidunetdiskdownload\最后一战\[moba手游]最后一战\[moba手游]最后一战\server\centralserver\csbattlemgr\x64\release\deflogging.obj
d:\baidunetdiskdownload\最后一战\[moba手游]最后一战\[moba手游]最后一战\server\centralserver\csbattlemgr\x64\release\iclisession.obj
d:\baidunetdiskdownload\最后一战\[moba手游]最后一战\[moba手游]最后一战\server\centralserver\csbattlemgr\x64\release\inetsessionmgr.obj
d:\baidunetdiskdownload\最后一战\[moba手游]最后一战\[moba手游]最后一战\server\centralserver\csbattlemgr\x64\release\cstodb.pb.obj
d:\baidunetdiskdownload\最后一战\[moba手游]最后一战\[moba手游]最后一战\server\centralserver\csbattlemgr\x64\release\dbtocs.pb.obj
d:\baidunetdiskdownload\最后一战\[moba手游]最后一战\[moba手游]最后一战\server\centralserver\csbattlemgr\x64\release\gstocs.pb.obj
d:\baidunetdiskdownload\最后一战\[moba手游]最后一战\[moba手游]最后一战\server\centralserver\csbattlemgr\x64\release\sstocs.pb.obj
d:\baidunetdiskdownload\最后一战\[moba手游]最后一战\[moba手游]最后一战\server\centralserver\csbattlemgr\x64\release\hiredis.obj
d:\baidunetdiskdownload\最后一战\[moba手游]最后一战\[moba手游]最后一战\server\centralserver\csbattlemgr\x64\release\csdatasource.obj
d:\baidunetdiskdownload\最后一战\[moba手游]最后一战\[moba手游]最后一战\server\centralserver\csbattlemgr\x64\release\dbactivewrapper.obj
d:\baidunetdiskdownload\最后一战\[moba手游]最后一战\[moba手游]最后一战\server\centralserver\csbattlemgr\x64\release\dbmgr.obj
d:\baidunetdiskdownload\最后一战\[moba手游]最后一战\[moba手游]最后一战\server\centralserver\csbattlemgr\x64\release\timer.obj
d:\baidunetdiskdownload\最后一战\[moba手游]最后一战\[moba手游]最后一战\server\centralserver\csbattlemgr\x64\release\cmatchlist_nomal.obj
d:\baidunetdiskdownload\最后一战\[moba手游]最后一战\[moba手游]最后一战\server\centralserver\csbattlemgr\x64\release\cmatchlist_tianti.obj
d:\baidunetdiskdownload\最后一战\[moba手游]最后一战\[moba手游]最后一战\server\centralserver\csbattlemgr\x64\release\cmatchlist_vsai.obj
d:\baidunetdiskdownload\最后一战\[moba手游]最后一战\[moba手游]最后一战\server\centralserver\csbattlemgr\x64\release\cmatchmgr.obj
d:\baidunetdiskdownload\最后一战\[moba手游]最后一战\[moba手游]最后一战\server\centralserver\csbattlemgr\x64\release\cmatchteam.obj
d:\baidunetdiskdownload\最后一战\[moba手游]最后一战\[moba手游]最后一战\server\centralserver\csbattlemgr\x64\release\imatchlist.obj
d:\baidunetdiskdownload\最后一战\[moba手游]最后一战\[moba手游]最后一战\server\centralserver\csbattlemgr\x64\release\csbattle.obj
d:\baidunetdiskdownload\最后一战\[moba手游]最后一战\[moba手游]最后一战\server\centralserver\csbattlemgr\x64\release\csbattlematcher.obj
d:\baidunetdiskdownload\最后一战\[moba手游]最后一战\[moba手游]最后一战\server\centralserver\csbattlemgr\x64\release\csbattlemgr.obj
d:\baidunetdiskdownload\最后一战\[moba手游]最后一战\[moba手游]最后一战\server\centralserver\csbattlemgr\x64\release\csbattlemgr_askhandler.obj
d:\baidunetdiskdownload\最后一战\[moba手游]最后一战\[moba手游]最后一战\server\centralserver\csbattlemgr\x64\release\csbattlemgr_gcmsg.obj
d:\baidunetdiskdownload\最后一战\[moba手游]最后一战\[moba手游]最后一战\server\centralserver\csbattlemgr\x64\release\csbattlemgr_gsmsg.obj
d:\baidunetdiskdownload\最后一战\[moba手游]最后一战\[moba手游]最后一战\server\centralserver\csbattlemgr\x64\release\csbattlemgr_rcmsg.obj
d:\baidunetdiskdownload\最后一战\[moba手游]最后一战\[moba手游]最后一战\server\centralserver\csbattlemgr\x64\release\csbattlemgr_ssmsg.obj
d:\baidunetdiskdownload\最后一战\[moba手游]最后一战\[moba手游]最后一战\server\centralserver\csbattlemgr\x64\release\csbattleroom.obj
d:\baidunetdiskdownload\最后一战\[moba手游]最后一战\[moba手游]最后一战\server\centralserver\csbattlemgr\x64\release\csbattle_msgposter.obj
d:\baidunetdiskdownload\最后一战\[moba手游]最后一战\[moba手游]最后一战\server\centralserver\csbattlemgr\x64\release\cscfgmgr.obj
d:\baidunetdiskdownload\最后一战\[moba手游]最后一战\[moba手游]最后一战\server\centralserver\csbattlemgr\x64\release\csgamelogmgr.obj
d:\baidunetdiskdownload\最后一战\[moba手游]最后一战\[moba手游]最后一战\server\centralserver\csbattlemgr\x64\release\csgsinfo.obj
d:\baidunetdiskdownload\最后一战\[moba手游]最后一战\[moba手游]最后一战\server\centralserver\csbattlemgr\x64\release\csguidebattle.obj
d:\baidunetdiskdownload\最后一战\[moba手游]最后一战\[moba手游]最后一战\server\centralserver\csbattlemgr\x64\release\cskernel.obj
d:\baidunetdiskdownload\最后一战\[moba手游]最后一战\[moba手游]最后一战\server\centralserver\csbattlemgr\x64\release\cskernel_mainthread.obj
d:\baidunetdiskdownload\最后一战\[moba手游]最后一战\[moba手游]最后一战\server\centralserver\csbattlemgr\x64\release\csmailmgr.obj
d:\baidunetdiskdownload\最后一战\[moba手游]最后一战\[moba手游]最后一战\server\centralserver\csbattlemgr\x64\release\csscript.obj
d:\baidunetdiskdownload\最后一战\[moba手游]最后一战\[moba手游]最后一战\server\centralserver\csbattlemgr\x64\release\csssinfo.obj
d:\baidunetdiskdownload\最后一战\[moba手游]最后一战\[moba手游]最后一战\server\centralserver\csbattlemgr\x64\release\csuser.obj
d:\baidunetdiskdownload\最后一战\[moba手游]最后一战\[moba手游]最后一战\server\centralserver\csbattlemgr\x64\release\csusercfgmgr.obj
d:\baidunetdiskdownload\最后一战\[moba手游]最后一战\[moba手游]最后一战\server\centralserver\csbattlemgr\x64\release\csuserdbdatamgr.obj
d:\baidunetdiskdownload\最后一战\[moba手游]最后一战\[moba手游]最后一战\server\centralserver\csbattlemgr\x64\release\csuserguidefunc.obj
d:\baidunetdiskdownload\最后一战\[moba手游]最后一战\[moba手游]最后一战\server\centralserver\csbattlemgr\x64\release\csusermgr.obj
d:\baidunetdiskdownload\最后一战\[moba手游]最后一战\[moba手游]最后一战\server\centralserver\csbattlemgr\x64\release\csusermgr_askhandler.obj
d:\baidunetdiskdownload\最后一战\[moba手游]最后一战\[moba手游]最后一战\server\centralserver\csbattlemgr\x64\release\csusermgr_gcguidemsg.obj
d:\baidunetdiskdownload\最后一战\[moba手游]最后一战\[moba手游]最后一战\server\centralserver\csbattlemgr\x64\release\csusermgr_gcmsg.obj
d:\baidunetdiskdownload\最后一战\[moba手游]最后一战\[moba手游]最后一战\server\centralserver\csbattlemgr\x64\release\csusermgr_gmmsg.obj
d:\baidunetdiskdownload\最后一战\[moba手游]最后一战\[moba手游]最后一战\server\centralserver\csbattlemgr\x64\release\csusermgr_gsmsg.obj
d:\baidunetdiskdownload\最后一战\[moba手游]最后一战\[moba手游]最后一战\server\centralserver\csbattlemgr\x64\release\csusermgr_notice.obj
d:\baidunetdiskdownload\最后一战\[moba手游]最后一战\[moba手游]最后一战\server\centralserver\csbattlemgr\x64\release\csusermgr_rcmsg.obj
d:\baidunetdiskdownload\最后一战\[moba手游]最后一战\[moba手游]最后一战\server\centralserver\csbattlemgr\x64\release\csusermgr_redissyncallback.obj
d:\baidunetdiskdownload\最后一战\[moba手游]最后一战\[moba手游]最后一战\server\centralserver\csbattlemgr\x64\release\csusermgr_ssmsg.obj
d:\baidunetdiskdownload\最后一战\[moba手游]最后一战\[moba手游]最后一战\server\centralserver\csbattlemgr\x64\release\csusermgr_mailmsg.obj
d:\baidunetdiskdownload\最后一战\[moba手游]最后一战\[moba手游]最后一战\server\centralserver\csbattlemgr\x64\release\csusermgr_syncdkeydbcalback.obj
d:\baidunetdiskdownload\最后一战\[moba手游]最后一战\[moba手游]最后一战\server\centralserver\csbattlemgr\x64\release\csusermgr_synmoneydbcalback.obj
d:\baidunetdiskdownload\最后一战\[moba手游]最后一战\[moba手游]最后一战\server\centralserver\csbattlemgr\x64\release\csusermgr_synuseraskdbcallback.obj
d:\baidunetdiskdownload\最后一战\[moba手游]最后一战\[moba手游]最后一战\server\centralserver\csbattlemgr\x64\release\csusermgr_useraskdbasyn.obj
d:\baidunetdiskdownload\最后一战\[moba手游]最后一战\[moba手游]最后一战\server\centralserver\csbattlemgr\x64\release\csusermgr_usercachedbasynhandler.obj
d:\baidunetdiskdownload\最后一战\[moba手游]最后一战\[moba手游]最后一战\server\centralserver\csbattlemgr\x64\release\csuser_msgposter.obj
d:\baidunetdiskdownload\最后一战\[moba手游]最后一战\[moba手游]最后一战\server\centralserver\csbattlemgr\x64\release\cswordfilter.obj
d:\baidunetdiskdownload\最后一战\[moba手游]最后一战\[moba手游]最后一战\server\centralserver\csbattlemgr\x64\release\main.obj
d:\baidunetdiskdownload\最后一战\[moba手游]最后一战\[moba手游]最后一战\server\centralserver\csbattlemgr\x64\release\cslogsession.obj
d:\baidunetdiskdownload\最后一战\[moba手游]最后一战\[moba手游]最后一战\server\centralserver\csbattlemgr\x64\release\csnetsessionmgr.obj
d:\baidunetdiskdownload\最后一战\[moba手游]最后一战\[moba手游]最后一战\server\centralserver\csbattlemgr\x64\release\gatesession.obj
d:\baidunetdiskdownload\最后一战\[moba手游]最后一战\[moba手游]最后一战\server\centralserver\csbattlemgr\x64\release\logicredissession.obj
d:\baidunetdiskdownload\最后一战\[moba手游]最后一战\[moba手游]最后一战\server\centralserver\csbattlemgr\x64\release\redissession.obj
d:\baidunetdiskdownload\最后一战\[moba手游]最后一战\[moba手游]最后一战\server\centralserver\csbattlemgr\x64\release\remoteconsolesession.obj
d:\baidunetdiskdownload\最后一战\[moba手游]最后一战\[moba手游]最后一战\server\centralserver\csbattlemgr\x64\release\scenesession.obj
d:\baidunetdiskdownload\最后一战\[moba手游]最后一战\[moba手游]最后一战\server\centralserver\csbattlemgr\x64\release\stdafx.obj
d:\baidunetdiskdownload\最后一战\[moba手游]最后一战\[moba手游]最后一战\server\centralserver\csbattlemgr\x64\release\task.obj
d:\baidunetdiskdownload\最后一战\[moba手游]最后一战\[moba手游]最后一战\server\centralserver\csbattlemgr\x64\release\taskmgr.obj
d:\baidunetdiskdownload\最后一战\[moba手游]最后一战\[moba手游]最后一战\server\centralserver\csbattlemgr\x64\release\csbattlemgr.vcxprojresolveassemblyreference.cache
d:\baidunetdiskdownload\最后一战\[moba手游]最后一战\[moba手游]最后一战\server\centralserver\csbattlemgr\x64\release\dict.obj
d:\baidunetdiskdownload\最后一战\[moba手游]最后一战\[moba手游]最后一战\server\centralserver\csbattlemgr\x64\release\cl.12460.read.1.tlog
d:\baidunetdiskdownload\最后一战\[moba手游]最后一战\[moba手游]最后一战\server\centralserver\csbattlemgr\x64\release\cl.12460.write.1.tlog
d:\baidunetdiskdownload\最后一战\[moba手游]最后一战\[moba手游]最后一战\server\centralserver\csbattlemgr\x64\release\cl.12468.read.1.tlog
d:\baidunetdiskdownload\最后一战\[moba手游]最后一战\[moba手游]最后一战\server\centralserver\csbattlemgr\x64\release\cl.12468.write.1.tlog
d:\baidunetdiskdownload\最后一战\[moba手游]最后一战\[moba手游]最后一战\server\centralserver\csbattlemgr\x64\release\cl.12476.read.1.tlog
d:\baidunetdiskdownload\最后一战\[moba手游]最后一战\[moba手游]最后一战\server\centralserver\csbattlemgr\x64\release\cl.12476.write.1.tlog
d:\baidunetdiskdownload\最后一战\[moba手游]最后一战\[moba手游]最后一战\server\centralserver\csbattlemgr\x64\release\cl.12484.read.1.tlog
d:\baidunetdiskdownload\最后一战\[moba手游]最后一战\[moba手游]最后一战\server\centralserver\csbattlemgr\x64\release\cl.12484.write.1.tlog
d:\baidunetdiskdownload\最后一战\[moba手游]最后一战\[moba手游]最后一战\server\centralserver\csbattlemgr\x64\release\cl.12492.read.1.tlog
d:\baidunetdiskdownload\最后一战\[moba手游]最后一战\[moba手游]最后一战\server\centralserver\csbattlemgr\x64\release\cl.12492.write.1.tlog
d:\baidunetdiskdownload\最后一战\[moba手游]最后一战\[moba手游]最后一战\server\centralserver\csbattlemgr\x64\release\cl.12500.read.1.tlog
d:\baidunetdiskdownload\最后一战\[moba手游]最后一战\[moba手游]最后一战\server\centralserver\csbattlemgr\x64\release\cl.12500.write.1.tlog
d:\baidunetdiskdownload\最后一战\[moba手游]最后一战\[moba手游]最后一战\server\centralserver\csbattlemgr\x64\release\cl.12508.read.1.tlog
d:\baidunetdiskdownload\最后一战\[moba手游]最后一战\[moba手游]最后一战\server\centralserver\csbattlemgr\x64\release\cl.12508.write.1.tlog
d:\baidunetdiskdownload\最后一战\[moba手游]最后一战\[moba手游]最后一战\server\centralserver\csbattlemgr\x64\release\cl.12516.read.1.tlog
d:\baidunetdiskdownload\最后一战\[moba手游]最后一战\[moba手游]最后一战\server\centralserver\csbattlemgr\x64\release\cl.12516.write.1.tlog
d:\baidunetdiskdownload\最后一战\[moba手游]最后一战\[moba手游]最后一战\server\centralserver\csbattlemgr\x64\release\cl.18556.read.1.tlog
d:\baidunetdiskdownload\最后一战\[moba手游]最后一战\[moba手游]最后一战\server\centralserver\csbattlemgr\x64\release\cl.18556.write.1.tlog
d:\baidunetdiskdownload\最后一战\[moba手游]最后一战\[moba手游]最后一战\server\centralserver\csbattlemgr\x64\release\cl.19004.read.1.tlog
d:\baidunetdiskdownload\最后一战\[moba手游]最后一战\[moba手游]最后一战\server\centralserver\csbattlemgr\x64\release\cl.19004.write.1.tlog
d:\baidunetdiskdownload\最后一战\[moba手游]最后一战\[moba手游]最后一战\server\centralserver\csbattlemgr\x64\release\cl.19284.read.1.tlog
d:\baidunetdiskdownload\最后一战\[moba手游]最后一战\[moba手游]最后一战\server\centralserver\csbattlemgr\x64\release\cl.19284.write.1.tlog
d:\baidunetdiskdownload\最后一战\[moba手游]最后一战\[moba手游]最后一战\server\centralserver\csbattlemgr\x64\release\cl.2712.read.1.tlog
d:\baidunetdiskdownload\最后一战\[moba手游]最后一战\[moba手游]最后一战\server\centralserver\csbattlemgr\x64\release\cl.2712.write.1.tlog
d:\baidunetdiskdownload\最后一战\[moba手游]最后一战\[moba手游]最后一战\server\centralserver\csbattlemgr\x64\release\cl.35224.read.1.tlog
d:\baidunetdiskdownload\最后一战\[moba手游]最后一战\[moba手游]最后一战\server\centralserver\csbattlemgr\x64\release\cl.35224.write.1.tlog
d:\baidunetdiskdownload\最后一战\[moba手游]最后一战\[moba手游]最后一战\server\centralserver\csbattlemgr\x64\release\cl.36280.read.1.tlog
d:\baidunetdiskdownload\最后一战\[moba手游]最后一战\[moba手游]最后一战\server\centralserver\csbattlemgr\x64\release\cl.36280.write.1.tlog
d:\baidunetdiskdownload\最后一战\[moba手游]最后一战\[moba手游]最后一战\server\centralserver\csbattlemgr\x64\release\cl.41508.read.1.tlog
d:\baidunetdiskdownload\最后一战\[moba手游]最后一战\[moba手游]最后一战\server\centralserver\csbattlemgr\x64\release\cl.41508.write.1.tlog
d:\baidunetdiskdownload\最后一战\[moba手游]最后一战\[moba手游]最后一战\server\centralserver\csbattlemgr\x64\release\cl.41520.read.1.tlog
d:\baidunetdiskdownload\最后一战\[moba手游]最后一战\[moba手游]最后一战\server\centralserver\csbattlemgr\x64\release\cl.41520.write.1.tlog
d:\baidunetdiskdownload\最后一战\[moba手游]最后一战\[moba手游]最后一战\server\centralserver\csbattlemgr\x64\release\cl.41528.read.1.tlog
d:\baidunetdiskdownload\最后一战\[moba手游]最后一战\[moba手游]最后一战\server\centralserver\csbattlemgr\x64\release\cl.41528.write.1.tlog
d:\baidunetdiskdownload\最后一战\[moba手游]最后一战\[moba手游]最后一战\server\centralserver\csbattlemgr\x64\release\cl.41536.read.1.tlog
d:\baidunetdiskdownload\最后一战\[moba手游]最后一战\[moba手游]最后一战\server\centralserver\csbattlemgr\x64\release\cl.41536.write.1.tlog
d:\baidunetdiskdownload\最后一战\[moba手游]最后一战\[moba手游]最后一战\server\centralserver\csbattlemgr\x64\release\cl.9088.read.1.tlog
d:\baidunetdiskdownload\最后一战\[moba手游]最后一战\[moba手游]最后一战\server\centralserver\csbattlemgr\x64\release\cl.9088.write.1.tlog
d:\baidunetdiskdownload\最后一战\[moba手游]最后一战\[moba手游]最后一战\server\centralserver\csbattlemgr\x64\release\cl.9828.read.1.tlog
d:\baidunetdiskdownload\最后一战\[moba手游]最后一战\[moba手游]最后一战\server\centralserver\csbattlemgr\x64\release\cl.9828.write.1.tlog
d:\baidunetdiskdownload\最后一战\[moba手游]最后一战\[moba手游]最后一战\server\centralserver\csbattlemgr\x64\release\cl.command.1.tlog
d:\baidunetdiskdownload\最后一战\[moba手游]最后一战\[moba手游]最后一战\server\centralserver\csbattlemgr\x64\release\cl.read.1.tlog
d:\baidunetdiskdownload\最后一战\[moba手游]最后一战\[moba手游]最后一战\server\centralserver\csbattlemgr\x64\release\cl.write.1.tlog
d:\baidunetdiskdownload\最后一战\[moba手游]最后一战\[moba手游]最后一战\server\centralserver\csbattlemgr\x64\release\csbattlemgr.write.1.tlog
d:\baidunetdiskdownload\最后一战\[moba手游]最后一战\[moba手游]最后一战\server\centralserver\csbattlemgr\x64\release\link.command.1.tlog
d:\baidunetdiskdownload\最后一战\[moba手游]最后一战\[moba手游]最后一战\server\centralserver\csbattlemgr\x64\release\link.read.1.tlog
d:\baidunetdiskdownload\最后一战\[moba手游]最后一战\[moba手游]最后一战\server\centralserver\csbattlemgr\x64\release\link.write.1.tlog
d:\baidunetdiskdownload\最后一战\[moba手游]最后一战\[moba手游]最后一战\server\centralserver\csbattlemgr\x64\release\mt.command.1.tlog
d:\baidunetdiskdownload\最后一战\[moba手游]最后一战\[moba手游]最后一战\server\centralserver\csbattlemgr\x64\release\mt.read.1.tlog
d:\baidunetdiskdownload\最后一战\[moba手游]最后一战\[moba手游]最后一战\server\centralserver\csbattlemgr\x64\release\mt.write.1.tlog
d:\baidunetdiskdownload\最后一战\[moba手游]最后一战\[moba手游]最后一战\server\centralserver\csbattlemgr\x64\release\csbattlemgr.exe.intermediate.manifest
d:\baidunetdiskdownload\最后一战\[moba手游]最后一战\[moba手游]最后一战\server\centralserver\csbattlemgr\x64\release\vc100.pdb
d:\baidunetdiskdownload\最后一战\[moba手游]最后一战\[moba手游]最后一战\server\centralserver\csbattlemgr\x64\release\vc140.pdb
d:\baidunetdiskdownload\最后一战\[moba手游]最后一战\[moba手游]最后一战\server\centralserver\csbattlemgr\..\..\bin\x64\release\csbattlemgr.exe
d:\baidunetdiskdownload\最后一战\[moba手游]最后一战\[moba手游]最后一战\server\centralserver\csbattlemgr\x64\release\csbattlemgr.tlog\cl.command.1.tlog
d:\baidunetdiskdownload\最后一战\[moba手游]最后一战\[moba手游]最后一战\server\centralserver\csbattlemgr\x64\release\csbattlemgr.tlog\cl.read.1.tlog
d:\baidunetdiskdownload\最后一战\[moba手游]最后一战\[moba手游]最后一战\server\centralserver\csbattlemgr\x64\release\csbattlemgr.tlog\cl.write.1.tlog
