f:\source\最后一战\server\sceneserver\ssbattlemgr\x64\release\gstoss.pb.obj
f:\source\最后一战\server\sceneserver\ssbattlemgr\x64\release\gstogc.pb.obj
f:\source\最后一战\server\sceneserver\ssbattlemgr\x64\release\gctoss.pb.obj
f:\source\最后一战\server\sceneserver\ssbattlemgr\x64\release\cstoss.pb.obj
f:\source\最后一战\server\sceneserver\ssbattlemgr\x64\release\luatableiterator.obj
f:\source\最后一战\server\sceneserver\ssbattlemgr\x64\release\luastate_dumpobject.obj
f:\source\最后一战\server\sceneserver\ssbattlemgr\x64\release\luastateoutfile.obj
f:\source\最后一战\server\sceneserver\ssbattlemgr\x64\release\luastate.obj
f:\source\最后一战\server\sceneserver\ssbattlemgr\x64\release\luaplus_libs.obj
f:\source\最后一战\server\sceneserver\ssbattlemgr\x64\release\luaplus.obj
f:\source\最后一战\server\sceneserver\ssbattlemgr\x64\release\luaobject.obj
f:\source\最后一战\server\sceneserver\ssbattlemgr\x64\release\isrvclisession.obj
f:\source\最后一战\server\sceneserver\ssbattlemgr\x64\release\inetsessionmgr.obj
f:\source\最后一战\server\sceneserver\ssbattlemgr\x64\release\inetsession.obj
f:\source\最后一战\server\sceneserver\ssbattlemgr\x64\release\imsghandle.obj
f:\source\最后一战\server\sceneserver\ssbattlemgr\x64\release\iclisession.obj
f:\source\最后一战\server\sceneserver\ssbattlemgr\x64\release\timer.obj
f:\source\最后一战\server\sceneserver\ssbattlemgr\x64\release\ssactive.obj
f:\source\最后一战\server\sceneserver\ssbattlemgr\x64\release\deflogging.obj
f:\source\最后一战\server\sceneserver\ssbattlemgr\x64\release\commlog.obj
f:\source\最后一战\server\sceneserver\ssbattlemgr\x64\release\ssbtreecon_checkattacktarget.obj
f:\source\最后一战\server\sceneserver\ssbattlemgr\x64\release\ssbtreecon_behurted.obj
f:\source\最后一战\server\sceneserver\ssbattlemgr\x64\release\ssbtreecon_autoattacking.obj
f:\source\最后一战\server\sceneserver\ssbattlemgr\x64\release\ssbtreecon_absorbing.obj
f:\source\最后一战\server\sceneserver\ssbattlemgr\x64\release\ssbtreeact_useskill.obj
f:\source\最后一战\server\sceneserver\ssbattlemgr\x64\release\ssbtreeact_transhome.obj
f:\source\最后一战\server\sceneserver\ssbattlemgr\x64\release\ssbtreeact_putaltarmonster.obj
f:\source\最后一战\server\sceneserver\ssbattlemgr\x64\release\ssbtreeact_normalattack.obj
f:\source\最后一战\server\sceneserver\ssbattlemgr\x64\release\ssbtreeact_movebypath.obj
f:\source\最后一战\server\sceneserver\ssbattlemgr\x64\release\ssbtreeact_furyexpersion.obj
f:\source\最后一战\server\sceneserver\ssbattlemgr\x64\release\ssbtreeact_buyitem.obj
f:\source\最后一战\server\sceneserver\ssbattlemgr\x64\release\ssbtreeact_absorb.obj
f:\source\最后一战\server\sceneserver\ssbattlemgr\x64\release\ssbattle_log.obj
f:\source\最后一战\server\sceneserver\ssbattlemgr\x64\release\ssbattlemgr_gcguidemsg.obj
f:\source\最后一战\server\sceneserver\ssbattlemgr\x64\release\ssbattlemgr_csgmmsg.obj
f:\source\最后一战\server\sceneserver\ssbattlemgr\x64\release\battlelogicthreadactor.obj
f:\source\最后一战\server\sceneserver\ssbattlemgr\x64\release\tolog.pb.obj
f:\source\最后一战\server\sceneserver\ssbattlemgr\x64\release\sstogs.pb.obj
f:\source\最后一战\server\sceneserver\ssbattlemgr\x64\release\sstocs.pb.obj
f:\source\最后一战\server\sceneserver\ssbattlemgr\x64\release\parseproto.obj
f:\source\最后一战\server\sceneserver\ssbattlemgr\x64\release\ssbtreecon_noenemyhero.obj
f:\source\最后一战\server\sceneserver\ssbattlemgr\x64\release\ssbtreecon_noenemy.obj
f:\source\最后一战\server\sceneserver\ssbattlemgr\x64\release\ssbtreecon_monstertype.obj
f:\source\最后一战\server\sceneserver\ssbattlemgr\x64\release\ssbtreecon_levelbigger.obj
f:\source\最后一战\server\sceneserver\ssbattlemgr\x64\release\ssbtreecon_heroinspring.obj
f:\source\最后一战\server\sceneserver\ssbattlemgr\x64\release\ssbtreecon_hasselfaltar.obj
f:\source\最后一战\server\sceneserver\ssbattlemgr\x64\release\ssbtreecon_hastarget.obj
f:\source\最后一战\server\sceneserver\ssbattlemgr\x64\release\ssbtreecon_hasitemtobuy.obj
f:\source\最后一战\server\sceneserver\ssbattlemgr\x64\release\ssbtreecon_hasenemyhero.obj
f:\source\最后一战\server\sceneserver\ssbattlemgr\x64\release\ssbtreecon_hasemptyabsorbslot.obj
f:\source\最后一战\server\sceneserver\ssbattlemgr\x64\release\ssbtreecon_hascptobuyitem.obj
f:\source\最后一战\server\sceneserver\ssbattlemgr\x64\release\ssbtreecon_hascpforabsorb.obj
f:\source\最后一战\server\sceneserver\ssbattlemgr\x64\release\ssbtreecon_hasabsorbmonster.obj
f:\source\最后一战\server\sceneserver\ssbattlemgr\x64\release\ssbtreecon_gameinstarttime.obj
f:\source\最后一战\server\sceneserver\ssbattlemgr\x64\release\ssbtreecon_fullfury.obj
f:\source\最后一战\server\sceneserver\ssbattlemgr\x64\release\ssbtreecon_friendherohurted.obj
f:\source\最后一战\server\sceneserver\ssbattlemgr\x64\release\ssbtreecon_enemytargethplowerthanhit.obj
f:\source\最后一战\server\sceneserver\ssbattlemgr\x64\release\ssbtreecon_enemyherohplower.obj
f:\source\最后一战\server\sceneserver\ssbattlemgr\x64\release\ssbtreecon_enemyheroattackfriendhero.obj
f:\source\最后一战\server\sceneserver\ssbattlemgr\x64\release\ssbtreecon_cpbigger.obj
f:\source\最后一战\server\sceneserver\ssbattlemgr\x64\release\ssbtreecon_control.obj
f:\source\最后一战\server\sceneserver\ssbattlemgr\x64\release\ssai_wild.obj
f:\source\最后一战\server\sceneserver\ssbattlemgr\x64\release\ssai_soldier.obj
f:\source\最后一战\server\sceneserver\ssbattlemgr\x64\release\ssai_herorobot.obj
f:\source\最后一战\server\sceneserver\ssbattlemgr\x64\release\ssai_hero.obj
f:\source\最后一战\server\sceneserver\ssbattlemgr\x64\release\ssai_building.obj
f:\source\最后一战\server\sceneserver\ssbattlemgr\x64\release\ssai.obj
f:\source\最后一战\server\sceneserver\ssbattlemgr\x64\release\sslogsession.obj
f:\source\最后一战\server\sceneserver\ssbattlemgr\x64\release\ssbattlenetsessionmgr.obj
f:\source\最后一战\server\sceneserver\ssbattlemgr\x64\release\gatesession.obj
f:\source\最后一战\server\sceneserver\ssbattlemgr\x64\release\centralsession.obj
f:\source\最后一战\server\sceneserver\ssbattlemgr\x64\release\main.obj
f:\source\最后一战\server\sceneserver\ssbattlemgr\x64\release\ssgamelogmgr.obj
f:\source\最后一战\server\sceneserver\ssbattlemgr\x64\release\ssbtreecon_dead.obj
f:\source\最后一战\server\sceneserver\ssbattlemgr\x64\release\ssbtreecon_attacking.obj
f:\source\最后一战\server\sceneserver\ssbattlemgr\x64\release\ssbtreecon_skillhascost.obj
f:\source\最后一战\server\sceneserver\ssbattlemgr\x64\release\ssbtreecon_random.obj
f:\source\最后一战\server\sceneserver\ssbattlemgr\x64\release\ssbtreecon_prepareskill.obj
f:\source\最后一战\server\sceneserver\ssbattlemgr\x64\release\ssbtreecon_notsilence.obj
f:\source\最后一战\server\sceneserver\ssbattlemgr\x64\release\ssbtreecon_notbehurt.obj
f:\source\最后一战\server\sceneserver\ssbattlemgr\x64\release\ssaltarsev.obj
f:\source\最后一战\server\sceneserver\ssbattlemgr\x64\release\ssightmgr.obj
f:\source\最后一战\server\sceneserver\ssbattlemgr\x64\release\ssightlight.obj
f:\source\最后一战\server\sceneserver\ssbattlemgr\x64\release\ssight.obj
f:\source\最后一战\server\sceneserver\ssbattlemgr\x64\release\ssguparametermgr.obj
f:\source\最后一战\server\sceneserver\ssbattlemgr\x64\release\ssguparameter.obj
f:\source\最后一战\server\sceneserver\ssbattlemgr\x64\release\ssguidebattle.obj
f:\source\最后一战\server\sceneserver\ssbattlemgr\x64\release\ssgsinfo.obj
f:\source\最后一战\server\sceneserver\ssbattlemgr\x64\release\sscfgmgrext.obj
f:\source\最后一战\server\sceneserver\ssbattlemgr\x64\release\ssbtreecon_usingskill.obj
f:\source\最后一战\server\sceneserver\ssbattlemgr\x64\release\ssbtreecon_transhome.obj
f:\source\最后一战\server\sceneserver\ssbattlemgr\x64\release\ssbtreecon_skilltypecheck.obj
f:\source\最后一战\server\sceneserver\ssbattlemgr\x64\release\ssbtreecon_skilloutdist.obj
f:\source\最后一战\server\sceneserver\ssbattlemgr\x64\release\ssbtreecon_skillnotcd.obj
f:\source\最后一战\server\sceneserver\ssbattlemgr\x64\release\ssbtreecon_skillindist.obj
f:\source\最后一战\server\sceneserver\ssbattlemgr\x64\release\ssbtreecon_restrain.obj
f:\source\最后一战\server\sceneserver\ssbattlemgr\x64\release\ssbtreecon_moving.obj
f:\source\最后一战\server\sceneserver\ssbattlemgr\x64\release\ssbtreecon_selfhplower.obj
f:\source\最后一战\server\sceneserver\ssbattlemgr\x64\release\ssbtreecon_heronumlower.obj
f:\source\最后一战\server\sceneserver\ssbattlemgr\x64\release\ssbtreecon_haveskillbytype.obj
f:\source\最后一战\server\sceneserver\ssbattlemgr\x64\release\ssobsev.obj
f:\source\最后一战\server\sceneserver\ssbattlemgr\x64\release\ssmovetool.obj
f:\source\最后一战\server\sceneserver\ssbattlemgr\x64\release\ssmovemgr.obj
f:\source\最后一战\server\sceneserver\ssbattlemgr\x64\release\sshero.obj
f:\source\最后一战\server\sceneserver\ssbattlemgr\x64\release\ssgameunit.obj
f:\source\最后一战\server\sceneserver\ssbattlemgr\x64\release\ssgameobject.obj
f:\source\最后一战\server\sceneserver\ssbattlemgr\x64\release\sseffectmgr.obj
f:\source\最后一战\server\sceneserver\ssbattlemgr\x64\release\sscfgmgr.obj
f:\source\最后一战\server\sceneserver\ssbattlemgr\x64\release\ssbattle_func.obj
f:\source\最后一战\server\sceneserver\ssbattlemgr\x64\release\ssbattle_script.obj
f:\source\最后一战\server\sceneserver\ssbattlemgr\x64\release\ssbattle_scene.obj
f:\source\最后一战\server\sceneserver\ssbattlemgr\x64\release\ssbattle_msgposter.obj
f:\source\最后一战\server\sceneserver\ssbattlemgr\x64\release\ssbattle_askhandler.obj
f:\source\最后一战\server\sceneserver\ssbattlemgr\x64\release\ssbattlemgr_msgposter.obj
f:\source\最后一战\server\sceneserver\ssbattlemgr\x64\release\ssbattlemgr_gsmsg.obj
f:\source\最后一战\server\sceneserver\ssbattlemgr\x64\release\ssbattlemgr_gcmsg.obj
f:\source\最后一战\server\sceneserver\ssbattlemgr\x64\release\ssbattlemgr_csmsg.obj
f:\source\最后一战\server\sceneserver\ssbattlemgr\x64\release\ssbattlemgr.obj
f:\source\最后一战\server\sceneserver\ssbattlemgr\x64\release\ssbattle.obj
f:\source\最后一战\server\sceneserver\ssbattlemgr\x64\release\ssastar.obj
f:\source\最后一战\server\sceneserver\ssbattlemgr\x64\release\ssskilleffect_switch.obj
f:\source\最后一战\server\sceneserver\ssbattlemgr\x64\release\ssskilleffect_summon.obj
f:\source\最后一战\server\sceneserver\ssbattlemgr\x64\release\ssskilleffect_range.obj
f:\source\最后一战\server\sceneserver\ssbattlemgr\x64\release\ssskilleffect_purification.obj
f:\source\最后一战\server\sceneserver\ssbattlemgr\x64\release\ssskilleffect_move.obj
f:\source\最后一战\server\sceneserver\ssbattlemgr\x64\release\ssskilleffect_link.obj
f:\source\最后一战\server\sceneserver\ssbattlemgr\x64\release\ssskilleffect_fly.obj
f:\source\最后一战\server\sceneserver\ssbattlemgr\x64\release\ssskilleffect_caculate.obj
f:\source\最后一战\server\sceneserver\ssbattlemgr\x64\release\ssskilleffect_buf.obj
f:\source\最后一战\server\sceneserver\ssbattlemgr\x64\release\ssskilleffect.obj
f:\source\最后一战\server\sceneserver\ssbattlemgr\x64\release\ssnpc.obj
f:\source\最后一战\server\sceneserver\ssbattlemgr\x64\release\ssskilleffect_leading.obj
f:\source\最后一战\server\sceneserver\ssbattlemgr\x64\release\ssskill.obj
f:\source\最后一战\server\sceneserver\ssbattlemgr\x64\release\ssprofilestatics.obj
f:\source\最后一战\server\sceneserver\ssbattlemgr\x64\release\sspassiveskillmgr.obj
f:\source\最后一战\server\sceneserver\ssbattlemgr\x64\release\sspassiveskill.obj
f:\source\最后一战\server\sceneserver\ssbattlemgr\x64\release\sspassitiveeffect_relive.obj
f:\source\最后一战\server\sceneserver\ssbattlemgr\x64\release\sspassitiveeffect_rebound.obj
f:\source\最后一战\server\sceneserver\ssbattlemgr\x64\release\sspassitiveeffect_bloodseek.obj
f:\source\最后一战\server\sceneserver\ssbattlemgr\x64\release\sspassitiveeffect.obj
f:\source\最后一战\server\sceneserver\ssbattlemgr\x64\release\stdafx.obj
f:\source\最后一战\server\sceneserver\ssbattlemgr\x64\release\ssworkthreadmgr.obj
f:\source\最后一战\server\sceneserver\ssbattlemgr\x64\release\ssvmmgr.obj
f:\source\最后一战\server\sceneserver\ssbattlemgr\x64\release\ssusermgr_gcmsg.obj
f:\source\最后一战\server\sceneserver\ssbattlemgr\x64\release\ssusermgr_csmsg.obj
f:\source\最后一战\server\sceneserver\ssbattlemgr\x64\release\ssusermgr.obj
f:\source\最后一战\server\sceneserver\ssbattlemgr\x64\release\ssuser.obj
f:\source\最后一战\server\sceneserver\ssbattlemgr\x64\release\sssoldersev.obj
f:\source\最后一战\server\sceneserver\ssbattlemgr\x64\release\vc100.pdb
f:\source\最后一战\server\sceneserver\ssbattlemgr\x64\release\lobject.obj
f:\source\最后一战\server\sceneserver\ssbattlemgr\x64\release\loadlib.obj
f:\source\最后一战\server\sceneserver\ssbattlemgr\x64\release\lmem.obj
f:\source\最后一战\server\sceneserver\ssbattlemgr\x64\release\lmathlib.obj
f:\source\最后一战\server\sceneserver\ssbattlemgr\x64\release\llex.obj
f:\source\最后一战\server\sceneserver\ssbattlemgr\x64\release\liolib.obj
f:\source\最后一战\server\sceneserver\ssbattlemgr\x64\release\linit.obj
f:\source\最后一战\server\sceneserver\ssbattlemgr\x64\release\lgc.obj
f:\source\最后一战\server\sceneserver\ssbattlemgr\x64\release\lfunc.obj
f:\source\最后一战\server\sceneserver\ssbattlemgr\x64\release\ldump.obj
f:\source\最后一战\server\sceneserver\ssbattlemgr\x64\release\ldo.obj
f:\source\最后一战\server\sceneserver\ssbattlemgr\x64\release\ldebug.obj
f:\source\最后一战\server\sceneserver\ssbattlemgr\x64\release\ldblib.obj
f:\source\最后一战\server\sceneserver\ssbattlemgr\x64\release\lcode.obj
f:\source\最后一战\server\sceneserver\ssbattlemgr\x64\release\lbaselib.obj
f:\source\最后一战\server\sceneserver\ssbattlemgr\x64\release\lauxlib.obj
f:\source\最后一战\server\sceneserver\ssbattlemgr\x64\release\lapi.obj
f:\source\最后一战\server\sceneserver\ssbattlemgr\x64\release\popen.obj
f:\source\最后一战\server\sceneserver\ssbattlemgr\x64\release\lwstrlib.obj
f:\source\最后一战\server\sceneserver\ssbattlemgr\x64\release\luaplusaddons.obj
f:\source\最后一战\server\sceneserver\ssbattlemgr\x64\release\print.obj
f:\source\最后一战\server\sceneserver\ssbattlemgr\x64\release\lzio.obj
f:\source\最后一战\server\sceneserver\ssbattlemgr\x64\release\lvm.obj
f:\source\最后一战\server\sceneserver\ssbattlemgr\x64\release\lundump.obj
f:\source\最后一战\server\sceneserver\ssbattlemgr\x64\release\lua.obj
f:\source\最后一战\server\sceneserver\ssbattlemgr\x64\release\ltm.obj
f:\source\最后一战\server\sceneserver\ssbattlemgr\x64\release\ltablib.obj
f:\source\最后一战\server\sceneserver\ssbattlemgr\x64\release\ltable.obj
f:\source\最后一战\server\sceneserver\ssbattlemgr\x64\release\lstrlib.obj
f:\source\最后一战\server\sceneserver\ssbattlemgr\x64\release\lstring.obj
f:\source\最后一战\server\sceneserver\ssbattlemgr\x64\release\lstate.obj
f:\source\最后一战\server\sceneserver\ssbattlemgr\x64\release\lparser.obj
f:\source\最后一战\server\sceneserver\ssbattlemgr\x64\release\loslib.obj
f:\source\最后一战\server\sceneserver\ssbattlemgr\x64\release\lopcodes.obj
e:\src\lastwar\server\sceneserver\ssbattlemgr\x64\release\gstoss.pb.obj
e:\src\lastwar\server\sceneserver\ssbattlemgr\x64\release\gstogc.pb.obj
e:\src\lastwar\server\sceneserver\ssbattlemgr\x64\release\gctoss.pb.obj
e:\src\lastwar\server\sceneserver\ssbattlemgr\x64\release\cstoss.pb.obj
e:\src\lastwar\server\sceneserver\ssbattlemgr\x64\release\luatableiterator.obj
e:\src\lastwar\server\sceneserver\ssbattlemgr\x64\release\luastate_dumpobject.obj
e:\src\lastwar\server\sceneserver\ssbattlemgr\x64\release\luastateoutfile.obj
e:\src\lastwar\server\sceneserver\ssbattlemgr\x64\release\luastate.obj
e:\src\lastwar\server\sceneserver\ssbattlemgr\x64\release\luaplus_libs.obj
e:\src\lastwar\server\sceneserver\ssbattlemgr\x64\release\luaplus.obj
e:\src\lastwar\server\sceneserver\ssbattlemgr\x64\release\luaobject.obj
e:\src\lastwar\server\sceneserver\ssbattlemgr\x64\release\isrvclisession.obj
e:\src\lastwar\server\sceneserver\ssbattlemgr\x64\release\inetsessionmgr.obj
e:\src\lastwar\server\sceneserver\ssbattlemgr\x64\release\inetsession.obj
e:\src\lastwar\server\sceneserver\ssbattlemgr\x64\release\imsghandle.obj
e:\src\lastwar\server\sceneserver\ssbattlemgr\x64\release\iclisession.obj
e:\src\lastwar\server\sceneserver\ssbattlemgr\x64\release\timer.obj
e:\src\lastwar\server\sceneserver\ssbattlemgr\x64\release\ssactive.obj
e:\src\lastwar\server\sceneserver\ssbattlemgr\x64\release\deflogging.obj
e:\src\lastwar\server\sceneserver\ssbattlemgr\x64\release\commlog.obj
e:\src\lastwar\server\sceneserver\ssbattlemgr\x64\release\ssbtreecon_checkattacktarget.obj
e:\src\lastwar\server\sceneserver\ssbattlemgr\x64\release\ssbtreecon_behurted.obj
e:\src\lastwar\server\sceneserver\ssbattlemgr\x64\release\ssbtreecon_autoattacking.obj
e:\src\lastwar\server\sceneserver\ssbattlemgr\x64\release\ssbtreecon_absorbing.obj
e:\src\lastwar\server\sceneserver\ssbattlemgr\x64\release\ssbtreeact_useskill.obj
e:\src\lastwar\server\sceneserver\ssbattlemgr\x64\release\ssbtreeact_transhome.obj
e:\src\lastwar\server\sceneserver\ssbattlemgr\x64\release\ssbtreeact_putaltarmonster.obj
e:\src\lastwar\server\sceneserver\ssbattlemgr\x64\release\ssbtreeact_normalattack.obj
e:\src\lastwar\server\sceneserver\ssbattlemgr\x64\release\ssbtreeact_movebypath.obj
e:\src\lastwar\server\sceneserver\ssbattlemgr\x64\release\ssbtreeact_furyexpersion.obj
e:\src\lastwar\server\sceneserver\ssbattlemgr\x64\release\ssbtreeact_buyitem.obj
e:\src\lastwar\server\sceneserver\ssbattlemgr\x64\release\ssbtreeact_absorb.obj
e:\src\lastwar\server\sceneserver\ssbattlemgr\x64\release\ssbattle_log.obj
e:\src\lastwar\server\sceneserver\ssbattlemgr\x64\release\ssbattlemgr_gcguidemsg.obj
e:\src\lastwar\server\sceneserver\ssbattlemgr\x64\release\ssbattlemgr_csgmmsg.obj
e:\src\lastwar\server\sceneserver\ssbattlemgr\x64\release\battlelogicthreadactor.obj
e:\src\lastwar\server\sceneserver\ssbattlemgr\x64\release\tolog.pb.obj
e:\src\lastwar\server\sceneserver\ssbattlemgr\x64\release\sstogs.pb.obj
e:\src\lastwar\server\sceneserver\ssbattlemgr\x64\release\sstocs.pb.obj
e:\src\lastwar\server\sceneserver\ssbattlemgr\x64\release\parseproto.obj
e:\src\lastwar\server\sceneserver\ssbattlemgr\x64\release\ssbtreecon_noenemyhero.obj
e:\src\lastwar\server\sceneserver\ssbattlemgr\x64\release\ssbtreecon_noenemy.obj
e:\src\lastwar\server\sceneserver\ssbattlemgr\x64\release\ssbtreecon_monstertype.obj
e:\src\lastwar\server\sceneserver\ssbattlemgr\x64\release\ssbtreecon_levelbigger.obj
e:\src\lastwar\server\sceneserver\ssbattlemgr\x64\release\ssbtreecon_heroinspring.obj
e:\src\lastwar\server\sceneserver\ssbattlemgr\x64\release\ssbtreecon_hasselfaltar.obj
e:\src\lastwar\server\sceneserver\ssbattlemgr\x64\release\ssbtreecon_hastarget.obj
e:\src\lastwar\server\sceneserver\ssbattlemgr\x64\release\ssbtreecon_hasitemtobuy.obj
e:\src\lastwar\server\sceneserver\ssbattlemgr\x64\release\ssbtreecon_hasenemyhero.obj
e:\src\lastwar\server\sceneserver\ssbattlemgr\x64\release\ssbtreecon_hasemptyabsorbslot.obj
e:\src\lastwar\server\sceneserver\ssbattlemgr\x64\release\ssbtreecon_hascptobuyitem.obj
e:\src\lastwar\server\sceneserver\ssbattlemgr\x64\release\ssbtreecon_hascpforabsorb.obj
e:\src\lastwar\server\sceneserver\ssbattlemgr\x64\release\ssbtreecon_hasabsorbmonster.obj
e:\src\lastwar\server\sceneserver\ssbattlemgr\x64\release\ssbtreecon_gameinstarttime.obj
e:\src\lastwar\server\sceneserver\ssbattlemgr\x64\release\ssbtreecon_fullfury.obj
e:\src\lastwar\server\sceneserver\ssbattlemgr\x64\release\ssbtreecon_friendherohurted.obj
e:\src\lastwar\server\sceneserver\ssbattlemgr\x64\release\ssbtreecon_enemytargethplowerthanhit.obj
e:\src\lastwar\server\sceneserver\ssbattlemgr\x64\release\ssbtreecon_enemyherohplower.obj
e:\src\lastwar\server\sceneserver\ssbattlemgr\x64\release\ssbtreecon_enemyheroattackfriendhero.obj
e:\src\lastwar\server\sceneserver\ssbattlemgr\x64\release\ssbtreecon_cpbigger.obj
e:\src\lastwar\server\sceneserver\ssbattlemgr\x64\release\ssbtreecon_control.obj
e:\src\lastwar\server\sceneserver\ssbattlemgr\x64\release\ssai_wild.obj
e:\src\lastwar\server\sceneserver\ssbattlemgr\x64\release\ssai_soldier.obj
e:\src\lastwar\server\sceneserver\ssbattlemgr\x64\release\ssai_herorobot.obj
e:\src\lastwar\server\sceneserver\ssbattlemgr\x64\release\ssai_hero.obj
e:\src\lastwar\server\sceneserver\ssbattlemgr\x64\release\ssai_building.obj
e:\src\lastwar\server\sceneserver\ssbattlemgr\x64\release\ssai.obj
e:\src\lastwar\server\sceneserver\ssbattlemgr\x64\release\sslogsession.obj
e:\src\lastwar\server\sceneserver\ssbattlemgr\x64\release\ssbattlenetsessionmgr.obj
e:\src\lastwar\server\sceneserver\ssbattlemgr\x64\release\gatesession.obj
e:\src\lastwar\server\sceneserver\ssbattlemgr\x64\release\centralsession.obj
e:\src\lastwar\server\sceneserver\ssbattlemgr\x64\release\main.obj
e:\src\lastwar\server\sceneserver\ssbattlemgr\x64\release\ssgamelogmgr.obj
e:\src\lastwar\server\sceneserver\ssbattlemgr\x64\release\ssbtreecon_dead.obj
e:\src\lastwar\server\sceneserver\ssbattlemgr\x64\release\ssbtreecon_attacking.obj
e:\src\lastwar\server\sceneserver\ssbattlemgr\x64\release\ssbtreecon_skillhascost.obj
e:\src\lastwar\server\sceneserver\ssbattlemgr\x64\release\ssbtreecon_random.obj
e:\src\lastwar\server\sceneserver\ssbattlemgr\x64\release\ssbtreecon_prepareskill.obj
e:\src\lastwar\server\sceneserver\ssbattlemgr\x64\release\ssbtreecon_notsilence.obj
e:\src\lastwar\server\sceneserver\ssbattlemgr\x64\release\ssbtreecon_notbehurt.obj
e:\src\lastwar\server\sceneserver\ssbattlemgr\x64\release\ssaltarsev.obj
e:\src\lastwar\server\sceneserver\ssbattlemgr\x64\release\ssightmgr.obj
e:\src\lastwar\server\sceneserver\ssbattlemgr\x64\release\ssightlight.obj
e:\src\lastwar\server\sceneserver\ssbattlemgr\x64\release\ssight.obj
e:\src\lastwar\server\sceneserver\ssbattlemgr\x64\release\ssguparametermgr.obj
e:\src\lastwar\server\sceneserver\ssbattlemgr\x64\release\ssguparameter.obj
e:\src\lastwar\server\sceneserver\ssbattlemgr\x64\release\ssguidebattle.obj
e:\src\lastwar\server\sceneserver\ssbattlemgr\x64\release\ssgsinfo.obj
e:\src\lastwar\server\sceneserver\ssbattlemgr\x64\release\sscfgmgrext.obj
e:\src\lastwar\server\sceneserver\ssbattlemgr\x64\release\ssbtreecon_usingskill.obj
e:\src\lastwar\server\sceneserver\ssbattlemgr\x64\release\ssbtreecon_transhome.obj
e:\src\lastwar\server\sceneserver\ssbattlemgr\x64\release\ssbtreecon_skilltypecheck.obj
e:\src\lastwar\server\sceneserver\ssbattlemgr\x64\release\ssbtreecon_skilloutdist.obj
e:\src\lastwar\server\sceneserver\ssbattlemgr\x64\release\ssbtreecon_skillnotcd.obj
e:\src\lastwar\server\sceneserver\ssbattlemgr\x64\release\ssbtreecon_skillindist.obj
e:\src\lastwar\server\sceneserver\ssbattlemgr\x64\release\ssbtreecon_restrain.obj
e:\src\lastwar\server\sceneserver\ssbattlemgr\x64\release\ssbtreecon_moving.obj
e:\src\lastwar\server\sceneserver\ssbattlemgr\x64\release\ssbtreecon_selfhplower.obj
e:\src\lastwar\server\sceneserver\ssbattlemgr\x64\release\ssbtreecon_heronumlower.obj
e:\src\lastwar\server\sceneserver\ssbattlemgr\x64\release\ssbtreecon_haveskillbytype.obj
e:\src\lastwar\server\sceneserver\ssbattlemgr\x64\release\ssobsev.obj
e:\src\lastwar\server\sceneserver\ssbattlemgr\x64\release\ssmovetool.obj
e:\src\lastwar\server\sceneserver\ssbattlemgr\x64\release\ssmovemgr.obj
e:\src\lastwar\server\sceneserver\ssbattlemgr\x64\release\sshero.obj
e:\src\lastwar\server\sceneserver\ssbattlemgr\x64\release\ssgameunit.obj
e:\src\lastwar\server\sceneserver\ssbattlemgr\x64\release\ssgameobject.obj
e:\src\lastwar\server\sceneserver\ssbattlemgr\x64\release\sseffectmgr.obj
e:\src\lastwar\server\sceneserver\ssbattlemgr\x64\release\sscfgmgr.obj
e:\src\lastwar\server\sceneserver\ssbattlemgr\x64\release\ssbattle_func.obj
e:\src\lastwar\server\sceneserver\ssbattlemgr\x64\release\ssbattle_script.obj
e:\src\lastwar\server\sceneserver\ssbattlemgr\x64\release\ssbattle_scene.obj
e:\src\lastwar\server\sceneserver\ssbattlemgr\x64\release\ssbattle_msgposter.obj
e:\src\lastwar\server\sceneserver\ssbattlemgr\x64\release\ssbattle_askhandler.obj
e:\src\lastwar\server\sceneserver\ssbattlemgr\x64\release\ssbattlemgr_msgposter.obj
e:\src\lastwar\server\sceneserver\ssbattlemgr\x64\release\ssbattlemgr_gsmsg.obj
e:\src\lastwar\server\sceneserver\ssbattlemgr\x64\release\ssbattlemgr_gcmsg.obj
e:\src\lastwar\server\sceneserver\ssbattlemgr\x64\release\ssbattlemgr_csmsg.obj
e:\src\lastwar\server\sceneserver\ssbattlemgr\x64\release\ssbattlemgr.obj
e:\src\lastwar\server\sceneserver\ssbattlemgr\x64\release\ssbattle.obj
e:\src\lastwar\server\sceneserver\ssbattlemgr\x64\release\ssastar.obj
e:\src\lastwar\server\sceneserver\ssbattlemgr\x64\release\ssskilleffect_switch.obj
e:\src\lastwar\server\sceneserver\ssbattlemgr\x64\release\ssskilleffect_summon.obj
e:\src\lastwar\server\sceneserver\ssbattlemgr\x64\release\ssskilleffect_range.obj
e:\src\lastwar\server\sceneserver\ssbattlemgr\x64\release\ssskilleffect_purification.obj
e:\src\lastwar\server\sceneserver\ssbattlemgr\x64\release\ssskilleffect_move.obj
e:\src\lastwar\server\sceneserver\ssbattlemgr\x64\release\ssskilleffect_link.obj
e:\src\lastwar\server\sceneserver\ssbattlemgr\x64\release\ssskilleffect_fly.obj
e:\src\lastwar\server\sceneserver\ssbattlemgr\x64\release\ssskilleffect_caculate.obj
e:\src\lastwar\server\sceneserver\ssbattlemgr\x64\release\ssskilleffect_buf.obj
e:\src\lastwar\server\sceneserver\ssbattlemgr\x64\release\ssskilleffect.obj
e:\src\lastwar\server\sceneserver\ssbattlemgr\x64\release\ssnpc.obj
e:\src\lastwar\server\sceneserver\ssbattlemgr\x64\release\ssskilleffect_leading.obj
e:\src\lastwar\server\sceneserver\ssbattlemgr\x64\release\ssskill.obj
e:\src\lastwar\server\sceneserver\ssbattlemgr\x64\release\ssprofilestatics.obj
e:\src\lastwar\server\sceneserver\ssbattlemgr\x64\release\sspassiveskillmgr.obj
e:\src\lastwar\server\sceneserver\ssbattlemgr\x64\release\sspassiveskill.obj
e:\src\lastwar\server\sceneserver\ssbattlemgr\x64\release\sspassitiveeffect_relive.obj
e:\src\lastwar\server\sceneserver\ssbattlemgr\x64\release\sspassitiveeffect_rebound.obj
e:\src\lastwar\server\sceneserver\ssbattlemgr\x64\release\sspassitiveeffect_bloodseek.obj
e:\src\lastwar\server\sceneserver\ssbattlemgr\x64\release\sspassitiveeffect.obj
e:\src\lastwar\server\sceneserver\ssbattlemgr\x64\release\stdafx.obj
e:\src\lastwar\server\sceneserver\ssbattlemgr\x64\release\ssworkthreadmgr.obj
e:\src\lastwar\server\sceneserver\ssbattlemgr\x64\release\ssvmmgr.obj
e:\src\lastwar\server\sceneserver\ssbattlemgr\x64\release\ssusermgr_gcmsg.obj
e:\src\lastwar\server\sceneserver\ssbattlemgr\x64\release\ssusermgr_csmsg.obj
e:\src\lastwar\server\sceneserver\ssbattlemgr\x64\release\ssusermgr.obj
e:\src\lastwar\server\sceneserver\ssbattlemgr\x64\release\ssuser.obj
e:\src\lastwar\server\sceneserver\ssbattlemgr\x64\release\sssoldersev.obj
e:\src\lastwar\server\sceneserver\ssbattlemgr\x64\release\vc100.pdb
e:\src\lastwar\server\sceneserver\ssbattlemgr\x64\release\lobject.obj
e:\src\lastwar\server\sceneserver\ssbattlemgr\x64\release\loadlib.obj
e:\src\lastwar\server\sceneserver\ssbattlemgr\x64\release\lmem.obj
e:\src\lastwar\server\sceneserver\ssbattlemgr\x64\release\lmathlib.obj
e:\src\lastwar\server\sceneserver\ssbattlemgr\x64\release\llex.obj
e:\src\lastwar\server\sceneserver\ssbattlemgr\x64\release\liolib.obj
e:\src\lastwar\server\sceneserver\ssbattlemgr\x64\release\linit.obj
e:\src\lastwar\server\sceneserver\ssbattlemgr\x64\release\lgc.obj
e:\src\lastwar\server\sceneserver\ssbattlemgr\x64\release\lfunc.obj
e:\src\lastwar\server\sceneserver\ssbattlemgr\x64\release\ldump.obj
e:\src\lastwar\server\sceneserver\ssbattlemgr\x64\release\ldo.obj
e:\src\lastwar\server\sceneserver\ssbattlemgr\x64\release\ldebug.obj
e:\src\lastwar\server\sceneserver\ssbattlemgr\x64\release\ldblib.obj
e:\src\lastwar\server\sceneserver\ssbattlemgr\x64\release\lcode.obj
e:\src\lastwar\server\sceneserver\ssbattlemgr\x64\release\lbaselib.obj
e:\src\lastwar\server\sceneserver\ssbattlemgr\x64\release\lauxlib.obj
e:\src\lastwar\server\sceneserver\ssbattlemgr\x64\release\lapi.obj
e:\src\lastwar\server\sceneserver\ssbattlemgr\x64\release\popen.obj
e:\src\lastwar\server\sceneserver\ssbattlemgr\x64\release\lwstrlib.obj
e:\src\lastwar\server\sceneserver\ssbattlemgr\x64\release\luaplusaddons.obj
e:\src\lastwar\server\sceneserver\ssbattlemgr\x64\release\print.obj
e:\src\lastwar\server\sceneserver\ssbattlemgr\x64\release\lzio.obj
e:\src\lastwar\server\sceneserver\ssbattlemgr\x64\release\lvm.obj
e:\src\lastwar\server\sceneserver\ssbattlemgr\x64\release\lundump.obj
e:\src\lastwar\server\sceneserver\ssbattlemgr\x64\release\lua.obj
e:\src\lastwar\server\sceneserver\ssbattlemgr\x64\release\ltm.obj
e:\src\lastwar\server\sceneserver\ssbattlemgr\x64\release\ltablib.obj
e:\src\lastwar\server\sceneserver\ssbattlemgr\x64\release\ltable.obj
e:\src\lastwar\server\sceneserver\ssbattlemgr\x64\release\lstrlib.obj
e:\src\lastwar\server\sceneserver\ssbattlemgr\x64\release\lstring.obj
e:\src\lastwar\server\sceneserver\ssbattlemgr\x64\release\lstate.obj
e:\src\lastwar\server\sceneserver\ssbattlemgr\x64\release\lparser.obj
e:\src\lastwar\server\sceneserver\ssbattlemgr\x64\release\loslib.obj
e:\src\lastwar\server\sceneserver\ssbattlemgr\x64\release\lopcodes.obj
e:\src\[src.cool]最后一战\server\sceneserver\ssbattlemgr\x64\release\gstoss.pb.obj
e:\src\[src.cool]最后一战\server\sceneserver\ssbattlemgr\x64\release\gstogc.pb.obj
e:\src\[src.cool]最后一战\server\sceneserver\ssbattlemgr\x64\release\gctoss.pb.obj
e:\src\[src.cool]最后一战\server\sceneserver\ssbattlemgr\x64\release\cstoss.pb.obj
e:\src\[src.cool]最后一战\server\sceneserver\ssbattlemgr\x64\release\luatableiterator.obj
e:\src\[src.cool]最后一战\server\sceneserver\ssbattlemgr\x64\release\luastate_dumpobject.obj
e:\src\[src.cool]最后一战\server\sceneserver\ssbattlemgr\x64\release\luastateoutfile.obj
e:\src\[src.cool]最后一战\server\sceneserver\ssbattlemgr\x64\release\luastate.obj
e:\src\[src.cool]最后一战\server\sceneserver\ssbattlemgr\x64\release\luaplus_libs.obj
e:\src\[src.cool]最后一战\server\sceneserver\ssbattlemgr\x64\release\luaplus.obj
e:\src\[src.cool]最后一战\server\sceneserver\ssbattlemgr\x64\release\luaobject.obj
e:\src\[src.cool]最后一战\server\sceneserver\ssbattlemgr\x64\release\isrvclisession.obj
e:\src\[src.cool]最后一战\server\sceneserver\ssbattlemgr\x64\release\inetsessionmgr.obj
e:\src\[src.cool]最后一战\server\sceneserver\ssbattlemgr\x64\release\inetsession.obj
e:\src\[src.cool]最后一战\server\sceneserver\ssbattlemgr\x64\release\imsghandle.obj
e:\src\[src.cool]最后一战\server\sceneserver\ssbattlemgr\x64\release\iclisession.obj
e:\src\[src.cool]最后一战\server\sceneserver\ssbattlemgr\x64\release\timer.obj
e:\src\[src.cool]最后一战\server\sceneserver\ssbattlemgr\x64\release\ssactive.obj
e:\src\[src.cool]最后一战\server\sceneserver\ssbattlemgr\x64\release\deflogging.obj
e:\src\[src.cool]最后一战\server\sceneserver\ssbattlemgr\x64\release\commlog.obj
e:\src\[src.cool]最后一战\server\sceneserver\ssbattlemgr\x64\release\ssbtreecon_checkattacktarget.obj
e:\src\[src.cool]最后一战\server\sceneserver\ssbattlemgr\x64\release\ssbtreecon_behurted.obj
e:\src\[src.cool]最后一战\server\sceneserver\ssbattlemgr\x64\release\ssbtreecon_autoattacking.obj
e:\src\[src.cool]最后一战\server\sceneserver\ssbattlemgr\x64\release\ssbtreecon_absorbing.obj
e:\src\[src.cool]最后一战\server\sceneserver\ssbattlemgr\x64\release\ssbtreeact_useskill.obj
e:\src\[src.cool]最后一战\server\sceneserver\ssbattlemgr\x64\release\ssbtreeact_transhome.obj
e:\src\[src.cool]最后一战\server\sceneserver\ssbattlemgr\x64\release\ssbtreeact_putaltarmonster.obj
e:\src\[src.cool]最后一战\server\sceneserver\ssbattlemgr\x64\release\ssbtreeact_normalattack.obj
e:\src\[src.cool]最后一战\server\sceneserver\ssbattlemgr\x64\release\ssbtreeact_movebypath.obj
e:\src\[src.cool]最后一战\server\sceneserver\ssbattlemgr\x64\release\ssbtreeact_furyexpersion.obj
e:\src\[src.cool]最后一战\server\sceneserver\ssbattlemgr\x64\release\ssbtreeact_buyitem.obj
e:\src\[src.cool]最后一战\server\sceneserver\ssbattlemgr\x64\release\ssbtreeact_absorb.obj
e:\src\[src.cool]最后一战\server\sceneserver\ssbattlemgr\x64\release\ssbattle_log.obj
e:\src\[src.cool]最后一战\server\sceneserver\ssbattlemgr\x64\release\ssbattlemgr_gcguidemsg.obj
e:\src\[src.cool]最后一战\server\sceneserver\ssbattlemgr\x64\release\ssbattlemgr_csgmmsg.obj
e:\src\[src.cool]最后一战\server\sceneserver\ssbattlemgr\x64\release\battlelogicthreadactor.obj
e:\src\[src.cool]最后一战\server\sceneserver\ssbattlemgr\x64\release\tolog.pb.obj
e:\src\[src.cool]最后一战\server\sceneserver\ssbattlemgr\x64\release\sstogs.pb.obj
e:\src\[src.cool]最后一战\server\sceneserver\ssbattlemgr\x64\release\sstocs.pb.obj
e:\src\[src.cool]最后一战\server\sceneserver\ssbattlemgr\x64\release\parseproto.obj
e:\src\[src.cool]最后一战\server\sceneserver\ssbattlemgr\x64\release\ssbtreecon_noenemyhero.obj
e:\src\[src.cool]最后一战\server\sceneserver\ssbattlemgr\x64\release\ssbtreecon_noenemy.obj
e:\src\[src.cool]最后一战\server\sceneserver\ssbattlemgr\x64\release\ssbtreecon_monstertype.obj
e:\src\[src.cool]最后一战\server\sceneserver\ssbattlemgr\x64\release\ssbtreecon_levelbigger.obj
e:\src\[src.cool]最后一战\server\sceneserver\ssbattlemgr\x64\release\ssbtreecon_heroinspring.obj
e:\src\[src.cool]最后一战\server\sceneserver\ssbattlemgr\x64\release\ssbtreecon_hasselfaltar.obj
e:\src\[src.cool]最后一战\server\sceneserver\ssbattlemgr\x64\release\ssbtreecon_hastarget.obj
e:\src\[src.cool]最后一战\server\sceneserver\ssbattlemgr\x64\release\ssbtreecon_hasitemtobuy.obj
e:\src\[src.cool]最后一战\server\sceneserver\ssbattlemgr\x64\release\ssbtreecon_hasenemyhero.obj
e:\src\[src.cool]最后一战\server\sceneserver\ssbattlemgr\x64\release\ssbtreecon_hasemptyabsorbslot.obj
e:\src\[src.cool]最后一战\server\sceneserver\ssbattlemgr\x64\release\ssbtreecon_hascptobuyitem.obj
e:\src\[src.cool]最后一战\server\sceneserver\ssbattlemgr\x64\release\ssbtreecon_hascpforabsorb.obj
e:\src\[src.cool]最后一战\server\sceneserver\ssbattlemgr\x64\release\ssbtreecon_hasabsorbmonster.obj
e:\src\[src.cool]最后一战\server\sceneserver\ssbattlemgr\x64\release\ssbtreecon_gameinstarttime.obj
e:\src\[src.cool]最后一战\server\sceneserver\ssbattlemgr\x64\release\ssbtreecon_fullfury.obj
e:\src\[src.cool]最后一战\server\sceneserver\ssbattlemgr\x64\release\ssbtreecon_friendherohurted.obj
e:\src\[src.cool]最后一战\server\sceneserver\ssbattlemgr\x64\release\ssbtreecon_enemytargethplowerthanhit.obj
e:\src\[src.cool]最后一战\server\sceneserver\ssbattlemgr\x64\release\ssbtreecon_enemyherohplower.obj
e:\src\[src.cool]最后一战\server\sceneserver\ssbattlemgr\x64\release\ssbtreecon_enemyheroattackfriendhero.obj
e:\src\[src.cool]最后一战\server\sceneserver\ssbattlemgr\x64\release\ssbtreecon_cpbigger.obj
e:\src\[src.cool]最后一战\server\sceneserver\ssbattlemgr\x64\release\ssbtreecon_control.obj
e:\src\[src.cool]最后一战\server\sceneserver\ssbattlemgr\x64\release\ssai_wild.obj
e:\src\[src.cool]最后一战\server\sceneserver\ssbattlemgr\x64\release\ssai_soldier.obj
e:\src\[src.cool]最后一战\server\sceneserver\ssbattlemgr\x64\release\ssai_herorobot.obj
e:\src\[src.cool]最后一战\server\sceneserver\ssbattlemgr\x64\release\ssai_hero.obj
e:\src\[src.cool]最后一战\server\sceneserver\ssbattlemgr\x64\release\ssai_building.obj
e:\src\[src.cool]最后一战\server\sceneserver\ssbattlemgr\x64\release\ssai.obj
e:\src\[src.cool]最后一战\server\sceneserver\ssbattlemgr\x64\release\sslogsession.obj
e:\src\[src.cool]最后一战\server\sceneserver\ssbattlemgr\x64\release\ssbattlenetsessionmgr.obj
e:\src\[src.cool]最后一战\server\sceneserver\ssbattlemgr\x64\release\gatesession.obj
e:\src\[src.cool]最后一战\server\sceneserver\ssbattlemgr\x64\release\centralsession.obj
e:\src\[src.cool]最后一战\server\sceneserver\ssbattlemgr\x64\release\main.obj
e:\src\[src.cool]最后一战\server\sceneserver\ssbattlemgr\x64\release\ssgamelogmgr.obj
e:\src\[src.cool]最后一战\server\sceneserver\ssbattlemgr\x64\release\ssbtreecon_dead.obj
e:\src\[src.cool]最后一战\server\sceneserver\ssbattlemgr\x64\release\ssbtreecon_attacking.obj
e:\src\[src.cool]最后一战\server\sceneserver\ssbattlemgr\x64\release\ssbtreecon_skillhascost.obj
e:\src\[src.cool]最后一战\server\sceneserver\ssbattlemgr\x64\release\ssbtreecon_random.obj
e:\src\[src.cool]最后一战\server\sceneserver\ssbattlemgr\x64\release\ssbtreecon_prepareskill.obj
e:\src\[src.cool]最后一战\server\sceneserver\ssbattlemgr\x64\release\ssbtreecon_notsilence.obj
e:\src\[src.cool]最后一战\server\sceneserver\ssbattlemgr\x64\release\ssbtreecon_notbehurt.obj
e:\src\[src.cool]最后一战\server\sceneserver\ssbattlemgr\x64\release\ssaltarsev.obj
e:\src\[src.cool]最后一战\server\sceneserver\ssbattlemgr\x64\release\ssightmgr.obj
e:\src\[src.cool]最后一战\server\sceneserver\ssbattlemgr\x64\release\ssightlight.obj
e:\src\[src.cool]最后一战\server\sceneserver\ssbattlemgr\x64\release\ssight.obj
e:\src\[src.cool]最后一战\server\sceneserver\ssbattlemgr\x64\release\ssguparametermgr.obj
e:\src\[src.cool]最后一战\server\sceneserver\ssbattlemgr\x64\release\ssguparameter.obj
e:\src\[src.cool]最后一战\server\sceneserver\ssbattlemgr\x64\release\ssguidebattle.obj
e:\src\[src.cool]最后一战\server\sceneserver\ssbattlemgr\x64\release\ssgsinfo.obj
e:\src\[src.cool]最后一战\server\sceneserver\ssbattlemgr\x64\release\sscfgmgrext.obj
e:\src\[src.cool]最后一战\server\sceneserver\ssbattlemgr\x64\release\ssbtreecon_usingskill.obj
e:\src\[src.cool]最后一战\server\sceneserver\ssbattlemgr\x64\release\ssbtreecon_transhome.obj
e:\src\[src.cool]最后一战\server\sceneserver\ssbattlemgr\x64\release\ssbtreecon_skilltypecheck.obj
e:\src\[src.cool]最后一战\server\sceneserver\ssbattlemgr\x64\release\ssbtreecon_skilloutdist.obj
e:\src\[src.cool]最后一战\server\sceneserver\ssbattlemgr\x64\release\ssbtreecon_skillnotcd.obj
e:\src\[src.cool]最后一战\server\sceneserver\ssbattlemgr\x64\release\ssbtreecon_skillindist.obj
e:\src\[src.cool]最后一战\server\sceneserver\ssbattlemgr\x64\release\ssbtreecon_restrain.obj
e:\src\[src.cool]最后一战\server\sceneserver\ssbattlemgr\x64\release\ssbtreecon_moving.obj
e:\src\[src.cool]最后一战\server\sceneserver\ssbattlemgr\x64\release\ssbtreecon_selfhplower.obj
e:\src\[src.cool]最后一战\server\sceneserver\ssbattlemgr\x64\release\ssbtreecon_heronumlower.obj
e:\src\[src.cool]最后一战\server\sceneserver\ssbattlemgr\x64\release\ssbtreecon_haveskillbytype.obj
e:\src\[src.cool]最后一战\server\sceneserver\ssbattlemgr\x64\release\ssobsev.obj
e:\src\[src.cool]最后一战\server\sceneserver\ssbattlemgr\x64\release\ssmovetool.obj
e:\src\[src.cool]最后一战\server\sceneserver\ssbattlemgr\x64\release\ssmovemgr.obj
e:\src\[src.cool]最后一战\server\sceneserver\ssbattlemgr\x64\release\sshero.obj
e:\src\[src.cool]最后一战\server\sceneserver\ssbattlemgr\x64\release\ssgameunit.obj
e:\src\[src.cool]最后一战\server\sceneserver\ssbattlemgr\x64\release\ssgameobject.obj
e:\src\[src.cool]最后一战\server\sceneserver\ssbattlemgr\x64\release\sseffectmgr.obj
e:\src\[src.cool]最后一战\server\sceneserver\ssbattlemgr\x64\release\sscfgmgr.obj
e:\src\[src.cool]最后一战\server\sceneserver\ssbattlemgr\x64\release\ssbattle_func.obj
e:\src\[src.cool]最后一战\server\sceneserver\ssbattlemgr\x64\release\ssbattle_script.obj
e:\src\[src.cool]最后一战\server\sceneserver\ssbattlemgr\x64\release\ssbattle_scene.obj
e:\src\[src.cool]最后一战\server\sceneserver\ssbattlemgr\x64\release\ssbattle_msgposter.obj
e:\src\[src.cool]最后一战\server\sceneserver\ssbattlemgr\x64\release\ssbattle_askhandler.obj
e:\src\[src.cool]最后一战\server\sceneserver\ssbattlemgr\x64\release\ssbattlemgr_msgposter.obj
e:\src\[src.cool]最后一战\server\sceneserver\ssbattlemgr\x64\release\ssbattlemgr_gsmsg.obj
e:\src\[src.cool]最后一战\server\sceneserver\ssbattlemgr\x64\release\ssbattlemgr_gcmsg.obj
e:\src\[src.cool]最后一战\server\sceneserver\ssbattlemgr\x64\release\ssbattlemgr_csmsg.obj
e:\src\[src.cool]最后一战\server\sceneserver\ssbattlemgr\x64\release\ssbattlemgr.obj
e:\src\[src.cool]最后一战\server\sceneserver\ssbattlemgr\x64\release\ssbattle.obj
e:\src\[src.cool]最后一战\server\sceneserver\ssbattlemgr\x64\release\ssastar.obj
e:\src\[src.cool]最后一战\server\sceneserver\ssbattlemgr\x64\release\ssskilleffect_switch.obj
e:\src\[src.cool]最后一战\server\sceneserver\ssbattlemgr\x64\release\ssskilleffect_summon.obj
e:\src\[src.cool]最后一战\server\sceneserver\ssbattlemgr\x64\release\ssskilleffect_range.obj
e:\src\[src.cool]最后一战\server\sceneserver\ssbattlemgr\x64\release\ssskilleffect_purification.obj
e:\src\[src.cool]最后一战\server\sceneserver\ssbattlemgr\x64\release\ssskilleffect_move.obj
e:\src\[src.cool]最后一战\server\sceneserver\ssbattlemgr\x64\release\ssskilleffect_link.obj
e:\src\[src.cool]最后一战\server\sceneserver\ssbattlemgr\x64\release\ssskilleffect_fly.obj
e:\src\[src.cool]最后一战\server\sceneserver\ssbattlemgr\x64\release\ssskilleffect_caculate.obj
e:\src\[src.cool]最后一战\server\sceneserver\ssbattlemgr\x64\release\ssskilleffect_buf.obj
e:\src\[src.cool]最后一战\server\sceneserver\ssbattlemgr\x64\release\ssskilleffect.obj
e:\src\[src.cool]最后一战\server\sceneserver\ssbattlemgr\x64\release\ssnpc.obj
e:\src\[src.cool]最后一战\server\sceneserver\ssbattlemgr\x64\release\ssskilleffect_leading.obj
e:\src\[src.cool]最后一战\server\sceneserver\ssbattlemgr\x64\release\ssskill.obj
e:\src\[src.cool]最后一战\server\sceneserver\ssbattlemgr\x64\release\ssprofilestatics.obj
e:\src\[src.cool]最后一战\server\sceneserver\ssbattlemgr\x64\release\sspassiveskillmgr.obj
e:\src\[src.cool]最后一战\server\sceneserver\ssbattlemgr\x64\release\sspassiveskill.obj
e:\src\[src.cool]最后一战\server\sceneserver\ssbattlemgr\x64\release\sspassitiveeffect_relive.obj
e:\src\[src.cool]最后一战\server\sceneserver\ssbattlemgr\x64\release\sspassitiveeffect_rebound.obj
e:\src\[src.cool]最后一战\server\sceneserver\ssbattlemgr\x64\release\sspassitiveeffect_bloodseek.obj
e:\src\[src.cool]最后一战\server\sceneserver\ssbattlemgr\x64\release\sspassitiveeffect.obj
e:\src\[src.cool]最后一战\server\sceneserver\ssbattlemgr\x64\release\stdafx.obj
e:\src\[src.cool]最后一战\server\sceneserver\ssbattlemgr\x64\release\ssworkthreadmgr.obj
e:\src\[src.cool]最后一战\server\sceneserver\ssbattlemgr\x64\release\ssvmmgr.obj
e:\src\[src.cool]最后一战\server\sceneserver\ssbattlemgr\x64\release\ssusermgr_gcmsg.obj
e:\src\[src.cool]最后一战\server\sceneserver\ssbattlemgr\x64\release\ssusermgr_csmsg.obj
e:\src\[src.cool]最后一战\server\sceneserver\ssbattlemgr\x64\release\ssusermgr.obj
e:\src\[src.cool]最后一战\server\sceneserver\ssbattlemgr\x64\release\ssuser.obj
e:\src\[src.cool]最后一战\server\sceneserver\ssbattlemgr\x64\release\sssoldersev.obj
e:\src\[src.cool]最后一战\server\sceneserver\ssbattlemgr\x64\release\vc100.pdb
e:\src\[src.cool]最后一战\server\sceneserver\ssbattlemgr\x64\release\lobject.obj
e:\src\[src.cool]最后一战\server\sceneserver\ssbattlemgr\x64\release\loadlib.obj
e:\src\[src.cool]最后一战\server\sceneserver\ssbattlemgr\x64\release\lmem.obj
e:\src\[src.cool]最后一战\server\sceneserver\ssbattlemgr\x64\release\lmathlib.obj
e:\src\[src.cool]最后一战\server\sceneserver\ssbattlemgr\x64\release\llex.obj
e:\src\[src.cool]最后一战\server\sceneserver\ssbattlemgr\x64\release\liolib.obj
e:\src\[src.cool]最后一战\server\sceneserver\ssbattlemgr\x64\release\linit.obj
e:\src\[src.cool]最后一战\server\sceneserver\ssbattlemgr\x64\release\lgc.obj
e:\src\[src.cool]最后一战\server\sceneserver\ssbattlemgr\x64\release\lfunc.obj
e:\src\[src.cool]最后一战\server\sceneserver\ssbattlemgr\x64\release\ldump.obj
e:\src\[src.cool]最后一战\server\sceneserver\ssbattlemgr\x64\release\ldo.obj
e:\src\[src.cool]最后一战\server\sceneserver\ssbattlemgr\x64\release\ldebug.obj
e:\src\[src.cool]最后一战\server\sceneserver\ssbattlemgr\x64\release\ldblib.obj
e:\src\[src.cool]最后一战\server\sceneserver\ssbattlemgr\x64\release\lcode.obj
e:\src\[src.cool]最后一战\server\sceneserver\ssbattlemgr\x64\release\lbaselib.obj
e:\src\[src.cool]最后一战\server\sceneserver\ssbattlemgr\x64\release\lauxlib.obj
e:\src\[src.cool]最后一战\server\sceneserver\ssbattlemgr\x64\release\lapi.obj
e:\src\[src.cool]最后一战\server\sceneserver\ssbattlemgr\x64\release\popen.obj
e:\src\[src.cool]最后一战\server\sceneserver\ssbattlemgr\x64\release\lwstrlib.obj
e:\src\[src.cool]最后一战\server\sceneserver\ssbattlemgr\x64\release\luaplusaddons.obj
e:\src\[src.cool]最后一战\server\sceneserver\ssbattlemgr\x64\release\print.obj
e:\src\[src.cool]最后一战\server\sceneserver\ssbattlemgr\x64\release\lzio.obj
e:\src\[src.cool]最后一战\server\sceneserver\ssbattlemgr\x64\release\lvm.obj
e:\src\[src.cool]最后一战\server\sceneserver\ssbattlemgr\x64\release\lundump.obj
e:\src\[src.cool]最后一战\server\sceneserver\ssbattlemgr\x64\release\lua.obj
e:\src\[src.cool]最后一战\server\sceneserver\ssbattlemgr\x64\release\ltm.obj
e:\src\[src.cool]最后一战\server\sceneserver\ssbattlemgr\x64\release\ltablib.obj
e:\src\[src.cool]最后一战\server\sceneserver\ssbattlemgr\x64\release\ltable.obj
e:\src\[src.cool]最后一战\server\sceneserver\ssbattlemgr\x64\release\lstrlib.obj
e:\src\[src.cool]最后一战\server\sceneserver\ssbattlemgr\x64\release\lstring.obj
e:\src\[src.cool]最后一战\server\sceneserver\ssbattlemgr\x64\release\lstate.obj
e:\src\[src.cool]最后一战\server\sceneserver\ssbattlemgr\x64\release\lparser.obj
e:\src\[src.cool]最后一战\server\sceneserver\ssbattlemgr\x64\release\loslib.obj
e:\src\[src.cool]最后一战\server\sceneserver\ssbattlemgr\x64\release\lopcodes.obj
f:\source\最后一战\server\bin\x64\release\ssbattlemgr.exe
f:\source\最后一战\server\sceneserver\ssbattlemgr\x64\release\ssbattlemgr.exe.intermediate.manifest
f:\source\最后一战\server\bin\x64\release\ssbattlemgr.pdb
e:\src\lastwar\server\bin\x64\release\ssbattlemgr.exe
e:\src\lastwar\server\sceneserver\ssbattlemgr\x64\release\ssbattlemgr.exe.intermediate.manifest
e:\src\lastwar\server\bin\x64\release\ssbattlemgr.pdb
e:\src\[src.cool]最后一战\server\bin\x64\release\ssbattlemgr.exe
e:\src\[src.cool]最后一战\server\sceneserver\ssbattlemgr\x64\release\ssbattlemgr.exe.intermediate.manifest
e:\src\[src.cool]最后一战\server\bin\x64\release\ssbattlemgr.pdb
d:\baidunetdiskdownload\最后一战\[moba手游]最后一战\[moba手游]最后一战\server\sceneserver\ssbattlemgr\x64\release\vc140.pdb
d:\baidunetdiskdownload\最后一战\[moba手游]最后一战\[moba手游]最后一战\server\sceneserver\ssbattlemgr\x64\release\gstoss.pb.obj
d:\baidunetdiskdownload\最后一战\[moba手游]最后一战\[moba手游]最后一战\server\sceneserver\ssbattlemgr\x64\release\gstogc.pb.obj
d:\baidunetdiskdownload\最后一战\[moba手游]最后一战\[moba手游]最后一战\server\sceneserver\ssbattlemgr\x64\release\gctoss.pb.obj
d:\baidunetdiskdownload\最后一战\[moba手游]最后一战\[moba手游]最后一战\server\sceneserver\ssbattlemgr\x64\release\cstoss.pb.obj
d:\baidunetdiskdownload\最后一战\[moba手游]最后一战\[moba手游]最后一战\server\sceneserver\ssbattlemgr\x64\release\luatableiterator.obj
d:\baidunetdiskdownload\最后一战\[moba手游]最后一战\[moba手游]最后一战\server\sceneserver\ssbattlemgr\x64\release\luastate_dumpobject.obj
d:\baidunetdiskdownload\最后一战\[moba手游]最后一战\[moba手游]最后一战\server\sceneserver\ssbattlemgr\x64\release\luastateoutfile.obj
d:\baidunetdiskdownload\最后一战\[moba手游]最后一战\[moba手游]最后一战\server\sceneserver\ssbattlemgr\x64\release\luastate.obj
d:\baidunetdiskdownload\最后一战\[moba手游]最后一战\[moba手游]最后一战\server\sceneserver\ssbattlemgr\x64\release\luaplus_libs.obj
d:\baidunetdiskdownload\最后一战\[moba手游]最后一战\[moba手游]最后一战\server\sceneserver\ssbattlemgr\x64\release\luaplus.obj
d:\baidunetdiskdownload\最后一战\[moba手游]最后一战\[moba手游]最后一战\server\sceneserver\ssbattlemgr\x64\release\luaobject.obj
d:\baidunetdiskdownload\最后一战\[moba手游]最后一战\[moba手游]最后一战\server\sceneserver\ssbattlemgr\x64\release\isrvclisession.obj
d:\baidunetdiskdownload\最后一战\[moba手游]最后一战\[moba手游]最后一战\server\sceneserver\ssbattlemgr\x64\release\inetsessionmgr.obj
d:\baidunetdiskdownload\最后一战\[moba手游]最后一战\[moba手游]最后一战\server\sceneserver\ssbattlemgr\x64\release\inetsession.obj
d:\baidunetdiskdownload\最后一战\[moba手游]最后一战\[moba手游]最后一战\server\sceneserver\ssbattlemgr\x64\release\imsghandle.obj
d:\baidunetdiskdownload\最后一战\[moba手游]最后一战\[moba手游]最后一战\server\sceneserver\ssbattlemgr\x64\release\iclisession.obj
d:\baidunetdiskdownload\最后一战\[moba手游]最后一战\[moba手游]最后一战\server\sceneserver\ssbattlemgr\x64\release\ssactive.obj
d:\baidunetdiskdownload\最后一战\[moba手游]最后一战\[moba手游]最后一战\server\sceneserver\ssbattlemgr\x64\release\deflogging.obj
d:\baidunetdiskdownload\最后一战\[moba手游]最后一战\[moba手游]最后一战\server\sceneserver\ssbattlemgr\x64\release\tolog.pb.obj
d:\baidunetdiskdownload\最后一战\[moba手游]最后一战\[moba手游]最后一战\server\sceneserver\ssbattlemgr\x64\release\sstogs.pb.obj
d:\baidunetdiskdownload\最后一战\[moba手游]最后一战\[moba手游]最后一战\server\sceneserver\ssbattlemgr\x64\release\sstocs.pb.obj
d:\baidunetdiskdownload\最后一战\[moba手游]最后一战\[moba手游]最后一战\server\sceneserver\ssbattlemgr\x64\release\parseproto.obj
d:\baidunetdiskdownload\最后一战\[moba手游]最后一战\[moba手游]最后一战\server\sceneserver\ssbattlemgr\x64\release\timer.obj
d:\baidunetdiskdownload\最后一战\[moba手游]最后一战\[moba手游]最后一战\server\sceneserver\ssbattlemgr\x64\release\battlelogicthreadactor.obj
d:\baidunetdiskdownload\最后一战\[moba手游]最后一战\[moba手游]最后一战\server\sceneserver\ssbattlemgr\x64\release\ssbattlemgr_csgmmsg.obj
d:\baidunetdiskdownload\最后一战\[moba手游]最后一战\[moba手游]最后一战\server\sceneserver\ssbattlemgr\x64\release\ssbattlemgr.vcxprojresolveassemblyreference.cache
d:\baidunetdiskdownload\最后一战\[moba手游]最后一战\[moba手游]最后一战\server\sceneserver\ssbattlemgr\x64\release\centralsession.obj
d:\baidunetdiskdownload\最后一战\[moba手游]最后一战\[moba手游]最后一战\server\sceneserver\ssbattlemgr\x64\release\commlog.obj
d:\baidunetdiskdownload\最后一战\[moba手游]最后一战\[moba手游]最后一战\server\sceneserver\ssbattlemgr\x64\release\gatesession.obj
d:\baidunetdiskdownload\最后一战\[moba手游]最后一战\[moba手游]最后一战\server\sceneserver\ssbattlemgr\x64\release\lapi.obj
d:\baidunetdiskdownload\最后一战\[moba手游]最后一战\[moba手游]最后一战\server\sceneserver\ssbattlemgr\x64\release\lauxlib.obj
d:\baidunetdiskdownload\最后一战\[moba手游]最后一战\[moba手游]最后一战\server\sceneserver\ssbattlemgr\x64\release\lbaselib.obj
d:\baidunetdiskdownload\最后一战\[moba手游]最后一战\[moba手游]最后一战\server\sceneserver\ssbattlemgr\x64\release\lcode.obj
d:\baidunetdiskdownload\最后一战\[moba手游]最后一战\[moba手游]最后一战\server\sceneserver\ssbattlemgr\x64\release\ldblib.obj
d:\baidunetdiskdownload\最后一战\[moba手游]最后一战\[moba手游]最后一战\server\sceneserver\ssbattlemgr\x64\release\ldebug.obj
d:\baidunetdiskdownload\最后一战\[moba手游]最后一战\[moba手游]最后一战\server\sceneserver\ssbattlemgr\x64\release\ldo.obj
d:\baidunetdiskdownload\最后一战\[moba手游]最后一战\[moba手游]最后一战\server\sceneserver\ssbattlemgr\x64\release\ldump.obj
d:\baidunetdiskdownload\最后一战\[moba手游]最后一战\[moba手游]最后一战\server\sceneserver\ssbattlemgr\x64\release\lfunc.obj
d:\baidunetdiskdownload\最后一战\[moba手游]最后一战\[moba手游]最后一战\server\sceneserver\ssbattlemgr\x64\release\lgc.obj
d:\baidunetdiskdownload\最后一战\[moba手游]最后一战\[moba手游]最后一战\server\sceneserver\ssbattlemgr\x64\release\linit.obj
d:\baidunetdiskdownload\最后一战\[moba手游]最后一战\[moba手游]最后一战\server\sceneserver\ssbattlemgr\x64\release\liolib.obj
d:\baidunetdiskdownload\最后一战\[moba手游]最后一战\[moba手游]最后一战\server\sceneserver\ssbattlemgr\x64\release\llex.obj
d:\baidunetdiskdownload\最后一战\[moba手游]最后一战\[moba手游]最后一战\server\sceneserver\ssbattlemgr\x64\release\lmathlib.obj
d:\baidunetdiskdownload\最后一战\[moba手游]最后一战\[moba手游]最后一战\server\sceneserver\ssbattlemgr\x64\release\lmem.obj
d:\baidunetdiskdownload\最后一战\[moba手游]最后一战\[moba手游]最后一战\server\sceneserver\ssbattlemgr\x64\release\loadlib.obj
d:\baidunetdiskdownload\最后一战\[moba手游]最后一战\[moba手游]最后一战\server\sceneserver\ssbattlemgr\x64\release\lobject.obj
d:\baidunetdiskdownload\最后一战\[moba手游]最后一战\[moba手游]最后一战\server\sceneserver\ssbattlemgr\x64\release\lopcodes.obj
d:\baidunetdiskdownload\最后一战\[moba手游]最后一战\[moba手游]最后一战\server\sceneserver\ssbattlemgr\x64\release\loslib.obj
d:\baidunetdiskdownload\最后一战\[moba手游]最后一战\[moba手游]最后一战\server\sceneserver\ssbattlemgr\x64\release\lparser.obj
d:\baidunetdiskdownload\最后一战\[moba手游]最后一战\[moba手游]最后一战\server\sceneserver\ssbattlemgr\x64\release\lstate.obj
d:\baidunetdiskdownload\最后一战\[moba手游]最后一战\[moba手游]最后一战\server\sceneserver\ssbattlemgr\x64\release\lstring.obj
d:\baidunetdiskdownload\最后一战\[moba手游]最后一战\[moba手游]最后一战\server\sceneserver\ssbattlemgr\x64\release\lstrlib.obj
d:\baidunetdiskdownload\最后一战\[moba手游]最后一战\[moba手游]最后一战\server\sceneserver\ssbattlemgr\x64\release\ltable.obj
d:\baidunetdiskdownload\最后一战\[moba手游]最后一战\[moba手游]最后一战\server\sceneserver\ssbattlemgr\x64\release\ltablib.obj
d:\baidunetdiskdownload\最后一战\[moba手游]最后一战\[moba手游]最后一战\server\sceneserver\ssbattlemgr\x64\release\ltm.obj
d:\baidunetdiskdownload\最后一战\[moba手游]最后一战\[moba手游]最后一战\server\sceneserver\ssbattlemgr\x64\release\lua.obj
d:\baidunetdiskdownload\最后一战\[moba手游]最后一战\[moba手游]最后一战\server\sceneserver\ssbattlemgr\x64\release\luaplusaddons.obj
d:\baidunetdiskdownload\最后一战\[moba手游]最后一战\[moba手游]最后一战\server\sceneserver\ssbattlemgr\x64\release\lundump.obj
d:\baidunetdiskdownload\最后一战\[moba手游]最后一战\[moba手游]最后一战\server\sceneserver\ssbattlemgr\x64\release\lvm.obj
d:\baidunetdiskdownload\最后一战\[moba手游]最后一战\[moba手游]最后一战\server\sceneserver\ssbattlemgr\x64\release\lwstrlib.obj
d:\baidunetdiskdownload\最后一战\[moba手游]最后一战\[moba手游]最后一战\server\sceneserver\ssbattlemgr\x64\release\lzio.obj
d:\baidunetdiskdownload\最后一战\[moba手游]最后一战\[moba手游]最后一战\server\sceneserver\ssbattlemgr\x64\release\main.obj
d:\baidunetdiskdownload\最后一战\[moba手游]最后一战\[moba手游]最后一战\server\sceneserver\ssbattlemgr\x64\release\popen.obj
d:\baidunetdiskdownload\最后一战\[moba手游]最后一战\[moba手游]最后一战\server\sceneserver\ssbattlemgr\x64\release\print.obj
d:\baidunetdiskdownload\最后一战\[moba手游]最后一战\[moba手游]最后一战\server\sceneserver\ssbattlemgr\x64\release\ssai.obj
d:\baidunetdiskdownload\最后一战\[moba手游]最后一战\[moba手游]最后一战\server\sceneserver\ssbattlemgr\x64\release\ssai_building.obj
d:\baidunetdiskdownload\最后一战\[moba手游]最后一战\[moba手游]最后一战\server\sceneserver\ssbattlemgr\x64\release\ssai_hero.obj
d:\baidunetdiskdownload\最后一战\[moba手游]最后一战\[moba手游]最后一战\server\sceneserver\ssbattlemgr\x64\release\ssai_herorobot.obj
d:\baidunetdiskdownload\最后一战\[moba手游]最后一战\[moba手游]最后一战\server\sceneserver\ssbattlemgr\x64\release\ssai_soldier.obj
d:\baidunetdiskdownload\最后一战\[moba手游]最后一战\[moba手游]最后一战\server\sceneserver\ssbattlemgr\x64\release\ssai_wild.obj
d:\baidunetdiskdownload\最后一战\[moba手游]最后一战\[moba手游]最后一战\server\sceneserver\ssbattlemgr\x64\release\ssaltarsev.obj
d:\baidunetdiskdownload\最后一战\[moba手游]最后一战\[moba手游]最后一战\server\sceneserver\ssbattlemgr\x64\release\ssastar.obj
d:\baidunetdiskdownload\最后一战\[moba手游]最后一战\[moba手游]最后一战\server\sceneserver\ssbattlemgr\x64\release\ssbattle.obj
d:\baidunetdiskdownload\最后一战\[moba手游]最后一战\[moba手游]最后一战\server\sceneserver\ssbattlemgr\x64\release\ssbattlemgr.obj
d:\baidunetdiskdownload\最后一战\[moba手游]最后一战\[moba手游]最后一战\server\sceneserver\ssbattlemgr\x64\release\ssbattlemgr_csmsg.obj
d:\baidunetdiskdownload\最后一战\[moba手游]最后一战\[moba手游]最后一战\server\sceneserver\ssbattlemgr\x64\release\ssbattlemgr_gcguidemsg.obj
d:\baidunetdiskdownload\最后一战\[moba手游]最后一战\[moba手游]最后一战\server\sceneserver\ssbattlemgr\x64\release\ssbattlemgr_gcmsg.obj
d:\baidunetdiskdownload\最后一战\[moba手游]最后一战\[moba手游]最后一战\server\sceneserver\ssbattlemgr\x64\release\ssbattlemgr_gsmsg.obj
d:\baidunetdiskdownload\最后一战\[moba手游]最后一战\[moba手游]最后一战\server\sceneserver\ssbattlemgr\x64\release\ssbattlemgr_msgposter.obj
d:\baidunetdiskdownload\最后一战\[moba手游]最后一战\[moba手游]最后一战\server\sceneserver\ssbattlemgr\x64\release\ssbattlenetsessionmgr.obj
d:\baidunetdiskdownload\最后一战\[moba手游]最后一战\[moba手游]最后一战\server\sceneserver\ssbattlemgr\x64\release\ssbattle_askhandler.obj
d:\baidunetdiskdownload\最后一战\[moba手游]最后一战\[moba手游]最后一战\server\sceneserver\ssbattlemgr\x64\release\ssbattle_func.obj
d:\baidunetdiskdownload\最后一战\[moba手游]最后一战\[moba手游]最后一战\server\sceneserver\ssbattlemgr\x64\release\ssbattle_log.obj
d:\baidunetdiskdownload\最后一战\[moba手游]最后一战\[moba手游]最后一战\server\sceneserver\ssbattlemgr\x64\release\ssbattle_msgposter.obj
d:\baidunetdiskdownload\最后一战\[moba手游]最后一战\[moba手游]最后一战\server\sceneserver\ssbattlemgr\x64\release\ssbattle_scene.obj
d:\baidunetdiskdownload\最后一战\[moba手游]最后一战\[moba手游]最后一战\server\sceneserver\ssbattlemgr\x64\release\ssbattle_script.obj
d:\baidunetdiskdownload\最后一战\[moba手游]最后一战\[moba手游]最后一战\server\sceneserver\ssbattlemgr\x64\release\ssbtreeact_absorb.obj
d:\baidunetdiskdownload\最后一战\[moba手游]最后一战\[moba手游]最后一战\server\sceneserver\ssbattlemgr\x64\release\ssbtreeact_buyitem.obj
d:\baidunetdiskdownload\最后一战\[moba手游]最后一战\[moba手游]最后一战\server\sceneserver\ssbattlemgr\x64\release\ssbtreeact_furyexpersion.obj
d:\baidunetdiskdownload\最后一战\[moba手游]最后一战\[moba手游]最后一战\server\sceneserver\ssbattlemgr\x64\release\ssbtreeact_movebypath.obj
d:\baidunetdiskdownload\最后一战\[moba手游]最后一战\[moba手游]最后一战\server\sceneserver\ssbattlemgr\x64\release\ssbtreeact_normalattack.obj
d:\baidunetdiskdownload\最后一战\[moba手游]最后一战\[moba手游]最后一战\server\sceneserver\ssbattlemgr\x64\release\ssbtreeact_putaltarmonster.obj
d:\baidunetdiskdownload\最后一战\[moba手游]最后一战\[moba手游]最后一战\server\sceneserver\ssbattlemgr\x64\release\ssbtreeact_transhome.obj
d:\baidunetdiskdownload\最后一战\[moba手游]最后一战\[moba手游]最后一战\server\sceneserver\ssbattlemgr\x64\release\ssbtreeact_useskill.obj
d:\baidunetdiskdownload\最后一战\[moba手游]最后一战\[moba手游]最后一战\server\sceneserver\ssbattlemgr\x64\release\ssbtreecon_absorbing.obj
d:\baidunetdiskdownload\最后一战\[moba手游]最后一战\[moba手游]最后一战\server\sceneserver\ssbattlemgr\x64\release\ssbtreecon_attacking.obj
d:\baidunetdiskdownload\最后一战\[moba手游]最后一战\[moba手游]最后一战\server\sceneserver\ssbattlemgr\x64\release\ssbtreecon_autoattacking.obj
d:\baidunetdiskdownload\最后一战\[moba手游]最后一战\[moba手游]最后一战\server\sceneserver\ssbattlemgr\x64\release\ssbtreecon_behurted.obj
d:\baidunetdiskdownload\最后一战\[moba手游]最后一战\[moba手游]最后一战\server\sceneserver\ssbattlemgr\x64\release\ssbtreecon_checkattacktarget.obj
d:\baidunetdiskdownload\最后一战\[moba手游]最后一战\[moba手游]最后一战\server\sceneserver\ssbattlemgr\x64\release\ssbtreecon_control.obj
d:\baidunetdiskdownload\最后一战\[moba手游]最后一战\[moba手游]最后一战\server\sceneserver\ssbattlemgr\x64\release\ssbtreecon_cpbigger.obj
d:\baidunetdiskdownload\最后一战\[moba手游]最后一战\[moba手游]最后一战\server\sceneserver\ssbattlemgr\x64\release\ssbtreecon_dead.obj
d:\baidunetdiskdownload\最后一战\[moba手游]最后一战\[moba手游]最后一战\server\sceneserver\ssbattlemgr\x64\release\ssbtreecon_enemyheroattackfriendhero.obj
d:\baidunetdiskdownload\最后一战\[moba手游]最后一战\[moba手游]最后一战\server\sceneserver\ssbattlemgr\x64\release\ssbtreecon_enemyherohplower.obj
d:\baidunetdiskdownload\最后一战\[moba手游]最后一战\[moba手游]最后一战\server\sceneserver\ssbattlemgr\x64\release\ssbtreecon_enemytargethplowerthanhit.obj
d:\baidunetdiskdownload\最后一战\[moba手游]最后一战\[moba手游]最后一战\server\sceneserver\ssbattlemgr\x64\release\ssbtreecon_friendherohurted.obj
d:\baidunetdiskdownload\最后一战\[moba手游]最后一战\[moba手游]最后一战\server\sceneserver\ssbattlemgr\x64\release\ssbtreecon_fullfury.obj
d:\baidunetdiskdownload\最后一战\[moba手游]最后一战\[moba手游]最后一战\server\sceneserver\ssbattlemgr\x64\release\ssbtreecon_gameinstarttime.obj
d:\baidunetdiskdownload\最后一战\[moba手游]最后一战\[moba手游]最后一战\server\sceneserver\ssbattlemgr\x64\release\ssbtreecon_hasabsorbmonster.obj
d:\baidunetdiskdownload\最后一战\[moba手游]最后一战\[moba手游]最后一战\server\sceneserver\ssbattlemgr\x64\release\ssbtreecon_hascpforabsorb.obj
d:\baidunetdiskdownload\最后一战\[moba手游]最后一战\[moba手游]最后一战\server\sceneserver\ssbattlemgr\x64\release\ssbtreecon_hascptobuyitem.obj
d:\baidunetdiskdownload\最后一战\[moba手游]最后一战\[moba手游]最后一战\server\sceneserver\ssbattlemgr\x64\release\ssbtreecon_hasemptyabsorbslot.obj
d:\baidunetdiskdownload\最后一战\[moba手游]最后一战\[moba手游]最后一战\server\sceneserver\ssbattlemgr\x64\release\ssbtreecon_hasenemyhero.obj
d:\baidunetdiskdownload\最后一战\[moba手游]最后一战\[moba手游]最后一战\server\sceneserver\ssbattlemgr\x64\release\ssbtreecon_hasitemtobuy.obj
d:\baidunetdiskdownload\最后一战\[moba手游]最后一战\[moba手游]最后一战\server\sceneserver\ssbattlemgr\x64\release\ssbtreecon_hasselfaltar.obj
d:\baidunetdiskdownload\最后一战\[moba手游]最后一战\[moba手游]最后一战\server\sceneserver\ssbattlemgr\x64\release\ssbtreecon_hastarget.obj
d:\baidunetdiskdownload\最后一战\[moba手游]最后一战\[moba手游]最后一战\server\sceneserver\ssbattlemgr\x64\release\ssbtreecon_haveskillbytype.obj
d:\baidunetdiskdownload\最后一战\[moba手游]最后一战\[moba手游]最后一战\server\sceneserver\ssbattlemgr\x64\release\ssbtreecon_heroinspring.obj
d:\baidunetdiskdownload\最后一战\[moba手游]最后一战\[moba手游]最后一战\server\sceneserver\ssbattlemgr\x64\release\ssbtreecon_heronumlower.obj
d:\baidunetdiskdownload\最后一战\[moba手游]最后一战\[moba手游]最后一战\server\sceneserver\ssbattlemgr\x64\release\ssbtreecon_levelbigger.obj
d:\baidunetdiskdownload\最后一战\[moba手游]最后一战\[moba手游]最后一战\server\sceneserver\ssbattlemgr\x64\release\ssbtreecon_monstertype.obj
d:\baidunetdiskdownload\最后一战\[moba手游]最后一战\[moba手游]最后一战\server\sceneserver\ssbattlemgr\x64\release\ssbtreecon_moving.obj
d:\baidunetdiskdownload\最后一战\[moba手游]最后一战\[moba手游]最后一战\server\sceneserver\ssbattlemgr\x64\release\ssbtreecon_noenemy.obj
d:\baidunetdiskdownload\最后一战\[moba手游]最后一战\[moba手游]最后一战\server\sceneserver\ssbattlemgr\x64\release\ssbtreecon_noenemyhero.obj
d:\baidunetdiskdownload\最后一战\[moba手游]最后一战\[moba手游]最后一战\server\sceneserver\ssbattlemgr\x64\release\ssbtreecon_notbehurt.obj
d:\baidunetdiskdownload\最后一战\[moba手游]最后一战\[moba手游]最后一战\server\sceneserver\ssbattlemgr\x64\release\ssbtreecon_notsilence.obj
d:\baidunetdiskdownload\最后一战\[moba手游]最后一战\[moba手游]最后一战\server\sceneserver\ssbattlemgr\x64\release\ssbtreecon_prepareskill.obj
d:\baidunetdiskdownload\最后一战\[moba手游]最后一战\[moba手游]最后一战\server\sceneserver\ssbattlemgr\x64\release\ssbtreecon_random.obj
d:\baidunetdiskdownload\最后一战\[moba手游]最后一战\[moba手游]最后一战\server\sceneserver\ssbattlemgr\x64\release\ssbtreecon_restrain.obj
d:\baidunetdiskdownload\最后一战\[moba手游]最后一战\[moba手游]最后一战\server\sceneserver\ssbattlemgr\x64\release\ssbtreecon_selfhplower.obj
d:\baidunetdiskdownload\最后一战\[moba手游]最后一战\[moba手游]最后一战\server\sceneserver\ssbattlemgr\x64\release\ssbtreecon_skillhascost.obj
d:\baidunetdiskdownload\最后一战\[moba手游]最后一战\[moba手游]最后一战\server\sceneserver\ssbattlemgr\x64\release\ssbtreecon_skillindist.obj
d:\baidunetdiskdownload\最后一战\[moba手游]最后一战\[moba手游]最后一战\server\sceneserver\ssbattlemgr\x64\release\ssbtreecon_skillnotcd.obj
d:\baidunetdiskdownload\最后一战\[moba手游]最后一战\[moba手游]最后一战\server\sceneserver\ssbattlemgr\x64\release\ssbtreecon_skilloutdist.obj
d:\baidunetdiskdownload\最后一战\[moba手游]最后一战\[moba手游]最后一战\server\sceneserver\ssbattlemgr\x64\release\ssbtreecon_skilltypecheck.obj
d:\baidunetdiskdownload\最后一战\[moba手游]最后一战\[moba手游]最后一战\server\sceneserver\ssbattlemgr\x64\release\ssbtreecon_transhome.obj
d:\baidunetdiskdownload\最后一战\[moba手游]最后一战\[moba手游]最后一战\server\sceneserver\ssbattlemgr\x64\release\ssbtreecon_usingskill.obj
d:\baidunetdiskdownload\最后一战\[moba手游]最后一战\[moba手游]最后一战\server\sceneserver\ssbattlemgr\x64\release\sscfgmgr.obj
d:\baidunetdiskdownload\最后一战\[moba手游]最后一战\[moba手游]最后一战\server\sceneserver\ssbattlemgr\x64\release\sscfgmgrext.obj
d:\baidunetdiskdownload\最后一战\[moba手游]最后一战\[moba手游]最后一战\server\sceneserver\ssbattlemgr\x64\release\sseffectmgr.obj
d:\baidunetdiskdownload\最后一战\[moba手游]最后一战\[moba手游]最后一战\server\sceneserver\ssbattlemgr\x64\release\ssgamelogmgr.obj
d:\baidunetdiskdownload\最后一战\[moba手游]最后一战\[moba手游]最后一战\server\sceneserver\ssbattlemgr\x64\release\ssgameobject.obj
d:\baidunetdiskdownload\最后一战\[moba手游]最后一战\[moba手游]最后一战\server\sceneserver\ssbattlemgr\x64\release\ssgameunit.obj
d:\baidunetdiskdownload\最后一战\[moba手游]最后一战\[moba手游]最后一战\server\sceneserver\ssbattlemgr\x64\release\ssgsinfo.obj
d:\baidunetdiskdownload\最后一战\[moba手游]最后一战\[moba手游]最后一战\server\sceneserver\ssbattlemgr\x64\release\ssguidebattle.obj
d:\baidunetdiskdownload\最后一战\[moba手游]最后一战\[moba手游]最后一战\server\sceneserver\ssbattlemgr\x64\release\ssguparameter.obj
d:\baidunetdiskdownload\最后一战\[moba手游]最后一战\[moba手游]最后一战\server\sceneserver\ssbattlemgr\x64\release\ssguparametermgr.obj
d:\baidunetdiskdownload\最后一战\[moba手游]最后一战\[moba手游]最后一战\server\sceneserver\ssbattlemgr\x64\release\sshero.obj
d:\baidunetdiskdownload\最后一战\[moba手游]最后一战\[moba手游]最后一战\server\sceneserver\ssbattlemgr\x64\release\ssight.obj
d:\baidunetdiskdownload\最后一战\[moba手游]最后一战\[moba手游]最后一战\server\sceneserver\ssbattlemgr\x64\release\ssightlight.obj
d:\baidunetdiskdownload\最后一战\[moba手游]最后一战\[moba手游]最后一战\server\sceneserver\ssbattlemgr\x64\release\ssightmgr.obj
d:\baidunetdiskdownload\最后一战\[moba手游]最后一战\[moba手游]最后一战\server\sceneserver\ssbattlemgr\x64\release\sslogsession.obj
d:\baidunetdiskdownload\最后一战\[moba手游]最后一战\[moba手游]最后一战\server\sceneserver\ssbattlemgr\x64\release\ssmovemgr.obj
d:\baidunetdiskdownload\最后一战\[moba手游]最后一战\[moba手游]最后一战\server\sceneserver\ssbattlemgr\x64\release\ssmovetool.obj
d:\baidunetdiskdownload\最后一战\[moba手游]最后一战\[moba手游]最后一战\server\sceneserver\ssbattlemgr\x64\release\ssnpc.obj
d:\baidunetdiskdownload\最后一战\[moba手游]最后一战\[moba手游]最后一战\server\sceneserver\ssbattlemgr\x64\release\ssobsev.obj
d:\baidunetdiskdownload\最后一战\[moba手游]最后一战\[moba手游]最后一战\server\sceneserver\ssbattlemgr\x64\release\sspassitiveeffect.obj
d:\baidunetdiskdownload\最后一战\[moba手游]最后一战\[moba手游]最后一战\server\sceneserver\ssbattlemgr\x64\release\sspassitiveeffect_bloodseek.obj
d:\baidunetdiskdownload\最后一战\[moba手游]最后一战\[moba手游]最后一战\server\sceneserver\ssbattlemgr\x64\release\sspassitiveeffect_rebound.obj
d:\baidunetdiskdownload\最后一战\[moba手游]最后一战\[moba手游]最后一战\server\sceneserver\ssbattlemgr\x64\release\sspassitiveeffect_relive.obj
d:\baidunetdiskdownload\最后一战\[moba手游]最后一战\[moba手游]最后一战\server\sceneserver\ssbattlemgr\x64\release\sspassiveskill.obj
d:\baidunetdiskdownload\最后一战\[moba手游]最后一战\[moba手游]最后一战\server\sceneserver\ssbattlemgr\x64\release\sspassiveskillmgr.obj
d:\baidunetdiskdownload\最后一战\[moba手游]最后一战\[moba手游]最后一战\server\sceneserver\ssbattlemgr\x64\release\ssprofilestatics.obj
d:\baidunetdiskdownload\最后一战\[moba手游]最后一战\[moba手游]最后一战\server\sceneserver\ssbattlemgr\x64\release\ssskill.obj
d:\baidunetdiskdownload\最后一战\[moba手游]最后一战\[moba手游]最后一战\server\sceneserver\ssbattlemgr\x64\release\ssskilleffect.obj
d:\baidunetdiskdownload\最后一战\[moba手游]最后一战\[moba手游]最后一战\server\sceneserver\ssbattlemgr\x64\release\ssskilleffect_buf.obj
d:\baidunetdiskdownload\最后一战\[moba手游]最后一战\[moba手游]最后一战\server\sceneserver\ssbattlemgr\x64\release\ssskilleffect_caculate.obj
d:\baidunetdiskdownload\最后一战\[moba手游]最后一战\[moba手游]最后一战\server\sceneserver\ssbattlemgr\x64\release\ssskilleffect_fly.obj
d:\baidunetdiskdownload\最后一战\[moba手游]最后一战\[moba手游]最后一战\server\sceneserver\ssbattlemgr\x64\release\ssskilleffect_leading.obj
d:\baidunetdiskdownload\最后一战\[moba手游]最后一战\[moba手游]最后一战\server\sceneserver\ssbattlemgr\x64\release\ssskilleffect_link.obj
d:\baidunetdiskdownload\最后一战\[moba手游]最后一战\[moba手游]最后一战\server\sceneserver\ssbattlemgr\x64\release\ssskilleffect_move.obj
d:\baidunetdiskdownload\最后一战\[moba手游]最后一战\[moba手游]最后一战\server\sceneserver\ssbattlemgr\x64\release\ssskilleffect_purification.obj
d:\baidunetdiskdownload\最后一战\[moba手游]最后一战\[moba手游]最后一战\server\sceneserver\ssbattlemgr\x64\release\ssskilleffect_range.obj
d:\baidunetdiskdownload\最后一战\[moba手游]最后一战\[moba手游]最后一战\server\sceneserver\ssbattlemgr\x64\release\ssskilleffect_summon.obj
d:\baidunetdiskdownload\最后一战\[moba手游]最后一战\[moba手游]最后一战\server\sceneserver\ssbattlemgr\x64\release\ssskilleffect_switch.obj
d:\baidunetdiskdownload\最后一战\[moba手游]最后一战\[moba手游]最后一战\server\sceneserver\ssbattlemgr\x64\release\sssoldersev.obj
d:\baidunetdiskdownload\最后一战\[moba手游]最后一战\[moba手游]最后一战\server\sceneserver\ssbattlemgr\x64\release\ssuser.obj
d:\baidunetdiskdownload\最后一战\[moba手游]最后一战\[moba手游]最后一战\server\sceneserver\ssbattlemgr\x64\release\ssusermgr.obj
d:\baidunetdiskdownload\最后一战\[moba手游]最后一战\[moba手游]最后一战\server\sceneserver\ssbattlemgr\x64\release\ssusermgr_csmsg.obj
d:\baidunetdiskdownload\最后一战\[moba手游]最后一战\[moba手游]最后一战\server\sceneserver\ssbattlemgr\x64\release\ssusermgr_gcmsg.obj
d:\baidunetdiskdownload\最后一战\[moba手游]最后一战\[moba手游]最后一战\server\sceneserver\ssbattlemgr\x64\release\ssvmmgr.obj
d:\baidunetdiskdownload\最后一战\[moba手游]最后一战\[moba手游]最后一战\server\sceneserver\ssbattlemgr\x64\release\ssworkthreadmgr.obj
d:\baidunetdiskdownload\最后一战\[moba手游]最后一战\[moba手游]最后一战\server\sceneserver\ssbattlemgr\x64\release\stdafx.obj
d:\baidunetdiskdownload\最后一战\[moba手游]最后一战\[moba手游]最后一战\server\sceneserver\ssbattlemgr\x64\release\cl.command.1.tlog
d:\baidunetdiskdownload\最后一战\[moba手游]最后一战\[moba手游]最后一战\server\sceneserver\ssbattlemgr\x64\release\cl.read.1.tlog
d:\baidunetdiskdownload\最后一战\[moba手游]最后一战\[moba手游]最后一战\server\sceneserver\ssbattlemgr\x64\release\cl.write.1.tlog
d:\baidunetdiskdownload\最后一战\[moba手游]最后一战\[moba手游]最后一战\server\sceneserver\ssbattlemgr\x64\release\link.13372.read.1.tlog
d:\baidunetdiskdownload\最后一战\[moba手游]最后一战\[moba手游]最后一战\server\sceneserver\ssbattlemgr\x64\release\link.13372.write.1.tlog
d:\baidunetdiskdownload\最后一战\[moba手游]最后一战\[moba手游]最后一战\server\sceneserver\ssbattlemgr\x64\release\link.35600.read.1.tlog
d:\baidunetdiskdownload\最后一战\[moba手游]最后一战\[moba手游]最后一战\server\sceneserver\ssbattlemgr\x64\release\link.35600.write.1.tlog
d:\baidunetdiskdownload\最后一战\[moba手游]最后一战\[moba手游]最后一战\server\sceneserver\ssbattlemgr\x64\release\link.44148.read.1.tlog
d:\baidunetdiskdownload\最后一战\[moba手游]最后一战\[moba手游]最后一战\server\sceneserver\ssbattlemgr\x64\release\link.44148.write.1.tlog
d:\baidunetdiskdownload\最后一战\[moba手游]最后一战\[moba手游]最后一战\server\sceneserver\ssbattlemgr\x64\release\link.command.1.tlog
d:\baidunetdiskdownload\最后一战\[moba手游]最后一战\[moba手游]最后一战\server\sceneserver\ssbattlemgr\x64\release\link.read.1.tlog
d:\baidunetdiskdownload\最后一战\[moba手游]最后一战\[moba手游]最后一战\server\sceneserver\ssbattlemgr\x64\release\link.write.1.tlog
d:\baidunetdiskdownload\最后一战\[moba手游]最后一战\[moba手游]最后一战\server\sceneserver\ssbattlemgr\x64\release\mt.command.1.tlog
d:\baidunetdiskdownload\最后一战\[moba手游]最后一战\[moba手游]最后一战\server\sceneserver\ssbattlemgr\x64\release\mt.read.1.tlog
d:\baidunetdiskdownload\最后一战\[moba手游]最后一战\[moba手游]最后一战\server\sceneserver\ssbattlemgr\x64\release\mt.write.1.tlog
d:\baidunetdiskdownload\最后一战\[moba手游]最后一战\[moba手游]最后一战\server\sceneserver\ssbattlemgr\x64\release\ssbattlemgr.write.1.tlog
d:\baidunetdiskdownload\最后一战\[moba手游]最后一战\[moba手游]最后一战\server\sceneserver\ssbattlemgr\x64\release\ssbattlemgr.exe.intermediate.manifest
d:\baidunetdiskdownload\最后一战\[moba手游]最后一战\[moba手游]最后一战\server\sceneserver\ssbattlemgr\x64\release\vc100.pdb
d:\baidunetdiskdownload\最后一战\[moba手游]最后一战\[moba手游]最后一战\server\sceneserver\ssbattlemgr\..\..\bin\x64\release\ssbattlemgr.exe
d:\baidunetdiskdownload\最后一战\[moba手游]最后一战\[moba手游]最后一战\server\sceneserver\ssbattlemgr\x64\release\ssbattlemgr.tlog\cl.command.1.tlog
d:\baidunetdiskdownload\最后一战\[moba手游]最后一战\[moba手游]最后一战\server\sceneserver\ssbattlemgr\x64\release\ssbattlemgr.tlog\cl.read.1.tlog
d:\baidunetdiskdownload\最后一战\[moba手游]最后一战\[moba手游]最后一战\server\sceneserver\ssbattlemgr\x64\release\ssbattlemgr.tlog\cl.write.1.tlog
