f:\source\最后一战\server\gateserver\gskernel\x64\release\sstocs.pb.obj
f:\source\最后一战\server\gateserver\gskernel\x64\release\parseproto.obj
f:\source\最后一战\server\gateserver\gskernel\x64\release\gstoss.pb.obj
f:\source\最后一战\server\gateserver\gskernel\x64\release\gstogc.pb.obj
f:\source\最后一战\server\gateserver\gskernel\x64\release\gstocs.pb.obj
f:\source\最后一战\server\gateserver\gskernel\x64\release\gstobs.pb.obj
f:\source\最后一战\server\gateserver\gskernel\x64\release\gctoss.pb.obj
f:\source\最后一战\server\gateserver\gskernel\x64\release\gctocs.pb.obj
f:\source\最后一战\server\gateserver\gskernel\x64\release\gctobs.pb.obj
f:\source\最后一战\server\gateserver\gskernel\x64\release\cstoss.pb.obj
f:\source\最后一战\server\gateserver\gskernel\x64\release\cstogs.pb.obj
f:\source\最后一战\server\gateserver\gskernel\x64\release\bstogs.pb.obj
f:\source\最后一战\server\gateserver\gskernel\x64\release\bstogc.pb.obj
f:\source\最后一战\server\gateserver\gskernel\x64\release\isrvclisession.obj
f:\source\最后一战\server\gateserver\gskernel\x64\release\inetsessionmgr.obj
f:\source\最后一战\server\gateserver\gskernel\x64\release\inetsession.obj
f:\source\最后一战\server\gateserver\gskernel\x64\release\imsghandle.obj
f:\source\最后一战\server\gateserver\gskernel\x64\release\iclisession.obj
f:\source\最后一战\server\gateserver\gskernel\x64\release\logger.obj
f:\source\最后一战\server\gateserver\gskernel\x64\release\deflogging.obj
f:\source\最后一战\server\gateserver\gskernel\x64\release\stdafx.obj
f:\source\最后一战\server\gateserver\gskernel\x64\release\m2ssession.obj
f:\source\最后一战\server\gateserver\gskernel\x64\release\m2csession.obj
f:\source\最后一战\server\gateserver\gskernel\x64\release\m2bsession.obj
f:\source\最后一战\server\gateserver\gskernel\x64\release\gsnetsessionmgr.obj
f:\source\最后一战\server\gateserver\gskernel\x64\release\clientsession.obj
f:\source\最后一战\server\gateserver\gskernel\x64\release\main.obj
f:\source\最后一战\server\gateserver\gskernel\x64\release\gsssinfo.obj
f:\source\最后一战\server\gateserver\gskernel\x64\release\gskernel_mainthread_ssmsghandler.obj
f:\source\最后一战\server\gateserver\gskernel\x64\release\gskernel_mainthread_gcmsghandler.obj
f:\source\最后一战\server\gateserver\gskernel\x64\release\gskernel_mainthread_csmsghandler.obj
f:\source\最后一战\server\gateserver\gskernel\x64\release\gskernel_mainthread.obj
f:\source\最后一战\server\gateserver\gskernel\x64\release\gskernel.obj
f:\source\最后一战\server\gateserver\gskernel\x64\release\sstogs.pb.obj
f:\source\最后一战\server\gateserver\gskernel\x64\release\vc100.pdb
e:\src\lastwar\server\gateserver\gskernel\x64\release\sstocs.pb.obj
e:\src\lastwar\server\gateserver\gskernel\x64\release\parseproto.obj
e:\src\lastwar\server\gateserver\gskernel\x64\release\gstoss.pb.obj
e:\src\lastwar\server\gateserver\gskernel\x64\release\gstogc.pb.obj
e:\src\lastwar\server\gateserver\gskernel\x64\release\gstocs.pb.obj
e:\src\lastwar\server\gateserver\gskernel\x64\release\gstobs.pb.obj
e:\src\lastwar\server\gateserver\gskernel\x64\release\gctoss.pb.obj
e:\src\lastwar\server\gateserver\gskernel\x64\release\gctocs.pb.obj
e:\src\lastwar\server\gateserver\gskernel\x64\release\gctobs.pb.obj
e:\src\lastwar\server\gateserver\gskernel\x64\release\cstoss.pb.obj
e:\src\lastwar\server\gateserver\gskernel\x64\release\cstogs.pb.obj
e:\src\lastwar\server\gateserver\gskernel\x64\release\bstogs.pb.obj
e:\src\lastwar\server\gateserver\gskernel\x64\release\bstogc.pb.obj
e:\src\lastwar\server\gateserver\gskernel\x64\release\isrvclisession.obj
e:\src\lastwar\server\gateserver\gskernel\x64\release\inetsessionmgr.obj
e:\src\lastwar\server\gateserver\gskernel\x64\release\inetsession.obj
e:\src\lastwar\server\gateserver\gskernel\x64\release\imsghandle.obj
e:\src\lastwar\server\gateserver\gskernel\x64\release\iclisession.obj
e:\src\lastwar\server\gateserver\gskernel\x64\release\logger.obj
e:\src\lastwar\server\gateserver\gskernel\x64\release\deflogging.obj
e:\src\lastwar\server\gateserver\gskernel\x64\release\stdafx.obj
e:\src\lastwar\server\gateserver\gskernel\x64\release\m2ssession.obj
e:\src\lastwar\server\gateserver\gskernel\x64\release\m2csession.obj
e:\src\lastwar\server\gateserver\gskernel\x64\release\m2bsession.obj
e:\src\lastwar\server\gateserver\gskernel\x64\release\gsnetsessionmgr.obj
e:\src\lastwar\server\gateserver\gskernel\x64\release\clientsession.obj
e:\src\lastwar\server\gateserver\gskernel\x64\release\main.obj
e:\src\lastwar\server\gateserver\gskernel\x64\release\gsssinfo.obj
e:\src\lastwar\server\gateserver\gskernel\x64\release\gskernel_mainthread_ssmsghandler.obj
e:\src\lastwar\server\gateserver\gskernel\x64\release\gskernel_mainthread_gcmsghandler.obj
e:\src\lastwar\server\gateserver\gskernel\x64\release\gskernel_mainthread_csmsghandler.obj
e:\src\lastwar\server\gateserver\gskernel\x64\release\gskernel_mainthread.obj
e:\src\lastwar\server\gateserver\gskernel\x64\release\gskernel.obj
e:\src\lastwar\server\gateserver\gskernel\x64\release\sstogs.pb.obj
e:\src\lastwar\server\gateserver\gskernel\x64\release\vc100.pdb
e:\src\[src.cool]最后一战\server\gateserver\gskernel\x64\release\sstocs.pb.obj
e:\src\[src.cool]最后一战\server\gateserver\gskernel\x64\release\parseproto.obj
e:\src\[src.cool]最后一战\server\gateserver\gskernel\x64\release\gstoss.pb.obj
e:\src\[src.cool]最后一战\server\gateserver\gskernel\x64\release\gstogc.pb.obj
e:\src\[src.cool]最后一战\server\gateserver\gskernel\x64\release\gstocs.pb.obj
e:\src\[src.cool]最后一战\server\gateserver\gskernel\x64\release\gstobs.pb.obj
e:\src\[src.cool]最后一战\server\gateserver\gskernel\x64\release\gctoss.pb.obj
e:\src\[src.cool]最后一战\server\gateserver\gskernel\x64\release\gctocs.pb.obj
e:\src\[src.cool]最后一战\server\gateserver\gskernel\x64\release\gctobs.pb.obj
e:\src\[src.cool]最后一战\server\gateserver\gskernel\x64\release\cstoss.pb.obj
e:\src\[src.cool]最后一战\server\gateserver\gskernel\x64\release\cstogs.pb.obj
e:\src\[src.cool]最后一战\server\gateserver\gskernel\x64\release\bstogs.pb.obj
e:\src\[src.cool]最后一战\server\gateserver\gskernel\x64\release\bstogc.pb.obj
e:\src\[src.cool]最后一战\server\gateserver\gskernel\x64\release\isrvclisession.obj
e:\src\[src.cool]最后一战\server\gateserver\gskernel\x64\release\inetsessionmgr.obj
e:\src\[src.cool]最后一战\server\gateserver\gskernel\x64\release\inetsession.obj
e:\src\[src.cool]最后一战\server\gateserver\gskernel\x64\release\imsghandle.obj
e:\src\[src.cool]最后一战\server\gateserver\gskernel\x64\release\iclisession.obj
e:\src\[src.cool]最后一战\server\gateserver\gskernel\x64\release\logger.obj
e:\src\[src.cool]最后一战\server\gateserver\gskernel\x64\release\deflogging.obj
e:\src\[src.cool]最后一战\server\gateserver\gskernel\x64\release\stdafx.obj
e:\src\[src.cool]最后一战\server\gateserver\gskernel\x64\release\m2ssession.obj
e:\src\[src.cool]最后一战\server\gateserver\gskernel\x64\release\m2csession.obj
e:\src\[src.cool]最后一战\server\gateserver\gskernel\x64\release\m2bsession.obj
e:\src\[src.cool]最后一战\server\gateserver\gskernel\x64\release\gsnetsessionmgr.obj
e:\src\[src.cool]最后一战\server\gateserver\gskernel\x64\release\clientsession.obj
e:\src\[src.cool]最后一战\server\gateserver\gskernel\x64\release\main.obj
e:\src\[src.cool]最后一战\server\gateserver\gskernel\x64\release\gsssinfo.obj
e:\src\[src.cool]最后一战\server\gateserver\gskernel\x64\release\gskernel_mainthread_ssmsghandler.obj
e:\src\[src.cool]最后一战\server\gateserver\gskernel\x64\release\gskernel_mainthread_gcmsghandler.obj
e:\src\[src.cool]最后一战\server\gateserver\gskernel\x64\release\gskernel_mainthread_csmsghandler.obj
e:\src\[src.cool]最后一战\server\gateserver\gskernel\x64\release\gskernel_mainthread.obj
e:\src\[src.cool]最后一战\server\gateserver\gskernel\x64\release\gskernel.obj
e:\src\[src.cool]最后一战\server\gateserver\gskernel\x64\release\sstogs.pb.obj
e:\src\[src.cool]最后一战\server\gateserver\gskernel\x64\release\vc100.pdb
f:\source\最后一战\server\bin\x64\release\gskernel.exe
f:\source\最后一战\server\gateserver\gskernel\x64\release\gskernel.exe.intermediate.manifest
f:\source\最后一战\server\bin\x64\release\gskernel.pdb
e:\src\lastwar\server\bin\x64\release\gskernel.exe
e:\src\lastwar\server\gateserver\gskernel\x64\release\gskernel.exe.intermediate.manifest
e:\src\lastwar\server\bin\x64\release\gskernel.pdb
e:\src\[src.cool]最后一战\server\bin\x64\release\gskernel.exe
e:\src\[src.cool]最后一战\server\gateserver\gskernel\x64\release\gskernel.exe.intermediate.manifest
e:\src\[src.cool]最后一战\server\bin\x64\release\gskernel.pdb
d:\baidunetdiskdownload\最后一战\[moba手游]最后一战\[moba手游]最后一战\server\gateserver\gskernel\x64\release\vc140.pdb
d:\baidunetdiskdownload\最后一战\[moba手游]最后一战\[moba手游]最后一战\server\gateserver\gskernel\x64\release\sstocs.pb.obj
d:\baidunetdiskdownload\最后一战\[moba手游]最后一战\[moba手游]最后一战\server\gateserver\gskernel\x64\release\parseproto.obj
d:\baidunetdiskdownload\最后一战\[moba手游]最后一战\[moba手游]最后一战\server\gateserver\gskernel\x64\release\gstoss.pb.obj
d:\baidunetdiskdownload\最后一战\[moba手游]最后一战\[moba手游]最后一战\server\gateserver\gskernel\x64\release\gstogc.pb.obj
d:\baidunetdiskdownload\最后一战\[moba手游]最后一战\[moba手游]最后一战\server\gateserver\gskernel\x64\release\gstocs.pb.obj
d:\baidunetdiskdownload\最后一战\[moba手游]最后一战\[moba手游]最后一战\server\gateserver\gskernel\x64\release\gstobs.pb.obj
d:\baidunetdiskdownload\最后一战\[moba手游]最后一战\[moba手游]最后一战\server\gateserver\gskernel\x64\release\gctoss.pb.obj
d:\baidunetdiskdownload\最后一战\[moba手游]最后一战\[moba手游]最后一战\server\gateserver\gskernel\x64\release\gctocs.pb.obj
d:\baidunetdiskdownload\最后一战\[moba手游]最后一战\[moba手游]最后一战\server\gateserver\gskernel\x64\release\gctobs.pb.obj
d:\baidunetdiskdownload\最后一战\[moba手游]最后一战\[moba手游]最后一战\server\gateserver\gskernel\x64\release\cstoss.pb.obj
d:\baidunetdiskdownload\最后一战\[moba手游]最后一战\[moba手游]最后一战\server\gateserver\gskernel\x64\release\cstogs.pb.obj
d:\baidunetdiskdownload\最后一战\[moba手游]最后一战\[moba手游]最后一战\server\gateserver\gskernel\x64\release\bstogs.pb.obj
d:\baidunetdiskdownload\最后一战\[moba手游]最后一战\[moba手游]最后一战\server\gateserver\gskernel\x64\release\bstogc.pb.obj
d:\baidunetdiskdownload\最后一战\[moba手游]最后一战\[moba手游]最后一战\server\gateserver\gskernel\x64\release\isrvclisession.obj
d:\baidunetdiskdownload\最后一战\[moba手游]最后一战\[moba手游]最后一战\server\gateserver\gskernel\x64\release\inetsessionmgr.obj
d:\baidunetdiskdownload\最后一战\[moba手游]最后一战\[moba手游]最后一战\server\gateserver\gskernel\x64\release\inetsession.obj
d:\baidunetdiskdownload\最后一战\[moba手游]最后一战\[moba手游]最后一战\server\gateserver\gskernel\x64\release\imsghandle.obj
d:\baidunetdiskdownload\最后一战\[moba手游]最后一战\[moba手游]最后一战\server\gateserver\gskernel\x64\release\iclisession.obj
d:\baidunetdiskdownload\最后一战\[moba手游]最后一战\[moba手游]最后一战\server\gateserver\gskernel\x64\release\logger.obj
d:\baidunetdiskdownload\最后一战\[moba手游]最后一战\[moba手游]最后一战\server\gateserver\gskernel\x64\release\deflogging.obj
d:\baidunetdiskdownload\最后一战\[moba手游]最后一战\[moba手游]最后一战\server\gateserver\gskernel\x64\release\gsnetsessionmgr.obj
d:\baidunetdiskdownload\最后一战\[moba手游]最后一战\[moba手游]最后一战\server\gateserver\gskernel\x64\release\sstogs.pb.obj
d:\baidunetdiskdownload\最后一战\[moba手游]最后一战\[moba手游]最后一战\server\gateserver\gskernel\x64\release\gskernel.obj
d:\baidunetdiskdownload\最后一战\[moba手游]最后一战\[moba手游]最后一战\server\gateserver\gskernel\x64\release\m2bsession.obj
d:\baidunetdiskdownload\最后一战\[moba手游]最后一战\[moba手游]最后一战\server\gateserver\gskernel\x64\release\gskernel_mainthread.obj
d:\baidunetdiskdownload\最后一战\[moba手游]最后一战\[moba手游]最后一战\server\gateserver\gskernel\x64\release\gskernel.vcxprojresolveassemblyreference.cache
d:\baidunetdiskdownload\最后一战\[moba手游]最后一战\[moba手游]最后一战\server\gateserver\gskernel\x64\release\clientsession.obj
d:\baidunetdiskdownload\最后一战\[moba手游]最后一战\[moba手游]最后一战\server\gateserver\gskernel\x64\release\gskernel_mainthread_csmsghandler.obj
d:\baidunetdiskdownload\最后一战\[moba手游]最后一战\[moba手游]最后一战\server\gateserver\gskernel\x64\release\gskernel_mainthread_gcmsghandler.obj
d:\baidunetdiskdownload\最后一战\[moba手游]最后一战\[moba手游]最后一战\server\gateserver\gskernel\x64\release\gskernel_mainthread_ssmsghandler.obj
d:\baidunetdiskdownload\最后一战\[moba手游]最后一战\[moba手游]最后一战\server\gateserver\gskernel\x64\release\gsssinfo.obj
d:\baidunetdiskdownload\最后一战\[moba手游]最后一战\[moba手游]最后一战\server\gateserver\gskernel\x64\release\m2csession.obj
d:\baidunetdiskdownload\最后一战\[moba手游]最后一战\[moba手游]最后一战\server\gateserver\gskernel\x64\release\m2ssession.obj
d:\baidunetdiskdownload\最后一战\[moba手游]最后一战\[moba手游]最后一战\server\gateserver\gskernel\x64\release\main.obj
d:\baidunetdiskdownload\最后一战\[moba手游]最后一战\[moba手游]最后一战\server\gateserver\gskernel\x64\release\stdafx.obj
d:\baidunetdiskdownload\最后一战\[moba手游]最后一战\[moba手游]最后一战\server\gateserver\gskernel\x64\release\cl.command.1.tlog
d:\baidunetdiskdownload\最后一战\[moba手游]最后一战\[moba手游]最后一战\server\gateserver\gskernel\x64\release\cl.read.1.tlog
d:\baidunetdiskdownload\最后一战\[moba手游]最后一战\[moba手游]最后一战\server\gateserver\gskernel\x64\release\cl.write.1.tlog
d:\baidunetdiskdownload\最后一战\[moba手游]最后一战\[moba手游]最后一战\server\gateserver\gskernel\x64\release\gskernel.write.1.tlog
d:\baidunetdiskdownload\最后一战\[moba手游]最后一战\[moba手游]最后一战\server\gateserver\gskernel\x64\release\link.command.1.tlog
d:\baidunetdiskdownload\最后一战\[moba手游]最后一战\[moba手游]最后一战\server\gateserver\gskernel\x64\release\link.read.1.tlog
d:\baidunetdiskdownload\最后一战\[moba手游]最后一战\[moba手游]最后一战\server\gateserver\gskernel\x64\release\link.write.1.tlog
d:\baidunetdiskdownload\最后一战\[moba手游]最后一战\[moba手游]最后一战\server\gateserver\gskernel\x64\release\mt.command.1.tlog
d:\baidunetdiskdownload\最后一战\[moba手游]最后一战\[moba手游]最后一战\server\gateserver\gskernel\x64\release\mt.read.1.tlog
d:\baidunetdiskdownload\最后一战\[moba手游]最后一战\[moba手游]最后一战\server\gateserver\gskernel\x64\release\mt.write.1.tlog
d:\baidunetdiskdownload\最后一战\[moba手游]最后一战\[moba手游]最后一战\server\gateserver\gskernel\x64\release\gskernel.exe.intermediate.manifest
d:\baidunetdiskdownload\最后一战\[moba手游]最后一战\[moba手游]最后一战\server\gateserver\gskernel\x64\release\vc100.pdb
d:\baidunetdiskdownload\最后一战\[moba手游]最后一战\[moba手游]最后一战\server\gateserver\gskernel\..\..\bin\x64\release\gskernel.exe
d:\baidunetdiskdownload\最后一战\[moba手游]最后一战\[moba手游]最后一战\server\gateserver\gskernel\x64\release\gskernel.tlog\cl.command.1.tlog
d:\baidunetdiskdownload\最后一战\[moba手游]最后一战\[moba手游]最后一战\server\gateserver\gskernel\x64\release\gskernel.tlog\cl.read.1.tlog
d:\baidunetdiskdownload\最后一战\[moba手游]最后一战\[moba手游]最后一战\server\gateserver\gskernel\x64\release\gskernel.tlog\cl.write.1.tlog
