f:\source\最后一战\server\logserver\logserver\x64\release\logserver.pch
f:\source\最后一战\server\logserver\logserver\x64\release\stdafx.obj
f:\source\最后一战\server\logserver\logserver\x64\release\vc100.pdb
f:\source\最后一战\server\logserver\logserver\x64\release\lognetsessionmgr.obj
f:\source\最后一战\server\logserver\logserver\x64\release\clientsession.obj
f:\source\最后一战\server\logserver\logserver\x64\release\logserver.obj
f:\source\最后一战\server\logserver\logserver\x64\release\loghandler.obj
f:\source\最后一战\server\logserver\logserver\x64\release\tolog.pb.obj
f:\source\最后一战\server\logserver\logserver\x64\release\parseproto.obj
f:\source\最后一战\server\logserver\logserver\x64\release\isrvclisession.obj
f:\source\最后一战\server\logserver\logserver\x64\release\inetsessionmgr.obj
f:\source\最后一战\server\logserver\logserver\x64\release\inetsession.obj
f:\source\最后一战\server\logserver\logserver\x64\release\imsghandle.obj
f:\source\最后一战\server\logserver\logserver\x64\release\iclisession.obj
f:\source\最后一战\server\logserver\logserver\x64\release\timer.obj
f:\source\最后一战\server\logserver\logserver\x64\release\ssactive.obj
f:\source\最后一战\server\logserver\logserver\x64\release\dbmgr.obj
f:\source\最后一战\server\logserver\logserver\x64\release\dbactivewrapper.obj
f:\source\最后一战\server\logserver\logserver\x64\release\csdatasource.obj
e:\src\lastwar\server\logserver\logserver\x64\release\logserver.pch
e:\src\lastwar\server\logserver\logserver\x64\release\stdafx.obj
e:\src\lastwar\server\logserver\logserver\x64\release\vc100.pdb
e:\src\lastwar\server\logserver\logserver\x64\release\lognetsessionmgr.obj
e:\src\lastwar\server\logserver\logserver\x64\release\clientsession.obj
e:\src\lastwar\server\logserver\logserver\x64\release\logserver.obj
e:\src\lastwar\server\logserver\logserver\x64\release\loghandler.obj
e:\src\lastwar\server\logserver\logserver\x64\release\tolog.pb.obj
e:\src\lastwar\server\logserver\logserver\x64\release\parseproto.obj
e:\src\lastwar\server\logserver\logserver\x64\release\isrvclisession.obj
e:\src\lastwar\server\logserver\logserver\x64\release\inetsessionmgr.obj
e:\src\lastwar\server\logserver\logserver\x64\release\inetsession.obj
e:\src\lastwar\server\logserver\logserver\x64\release\imsghandle.obj
e:\src\lastwar\server\logserver\logserver\x64\release\iclisession.obj
e:\src\lastwar\server\logserver\logserver\x64\release\timer.obj
e:\src\lastwar\server\logserver\logserver\x64\release\ssactive.obj
e:\src\lastwar\server\logserver\logserver\x64\release\dbmgr.obj
e:\src\lastwar\server\logserver\logserver\x64\release\dbactivewrapper.obj
e:\src\lastwar\server\logserver\logserver\x64\release\csdatasource.obj
e:\src\[src.cool]最后一战\server\logserver\logserver\x64\release\logserver.pch
e:\src\[src.cool]最后一战\server\logserver\logserver\x64\release\stdafx.obj
e:\src\[src.cool]最后一战\server\logserver\logserver\x64\release\vc100.pdb
e:\src\[src.cool]最后一战\server\logserver\logserver\x64\release\lognetsessionmgr.obj
e:\src\[src.cool]最后一战\server\logserver\logserver\x64\release\clientsession.obj
e:\src\[src.cool]最后一战\server\logserver\logserver\x64\release\logserver.obj
e:\src\[src.cool]最后一战\server\logserver\logserver\x64\release\loghandler.obj
e:\src\[src.cool]最后一战\server\logserver\logserver\x64\release\tolog.pb.obj
e:\src\[src.cool]最后一战\server\logserver\logserver\x64\release\parseproto.obj
e:\src\[src.cool]最后一战\server\logserver\logserver\x64\release\isrvclisession.obj
e:\src\[src.cool]最后一战\server\logserver\logserver\x64\release\inetsessionmgr.obj
e:\src\[src.cool]最后一战\server\logserver\logserver\x64\release\inetsession.obj
e:\src\[src.cool]最后一战\server\logserver\logserver\x64\release\imsghandle.obj
e:\src\[src.cool]最后一战\server\logserver\logserver\x64\release\iclisession.obj
e:\src\[src.cool]最后一战\server\logserver\logserver\x64\release\timer.obj
e:\src\[src.cool]最后一战\server\logserver\logserver\x64\release\ssactive.obj
e:\src\[src.cool]最后一战\server\logserver\logserver\x64\release\dbmgr.obj
e:\src\[src.cool]最后一战\server\logserver\logserver\x64\release\dbactivewrapper.obj
e:\src\[src.cool]最后一战\server\logserver\logserver\x64\release\csdatasource.obj
f:\source\最后一战\server\bin\x64\release\logserver.exe
f:\source\最后一战\server\logserver\logserver\x64\release\logserver.exe.intermediate.manifest
f:\source\最后一战\server\bin\x64\release\logserver.pdb
e:\src\lastwar\server\bin\x64\release\logserver.exe
e:\src\lastwar\server\logserver\logserver\x64\release\logserver.exe.intermediate.manifest
e:\src\lastwar\server\bin\x64\release\logserver.pdb
e:\src\[src.cool]最后一战\server\bin\x64\release\logserver.exe
e:\src\[src.cool]最后一战\server\logserver\logserver\x64\release\logserver.exe.intermediate.manifest
e:\src\[src.cool]最后一战\server\bin\x64\release\logserver.pdb
d:\baidunetdiskdownload\最后一战\[moba手游]最后一战\[moba手游]最后一战\server\logserver\logserver\x64\release\logserver.pch
d:\baidunetdiskdownload\最后一战\[moba手游]最后一战\[moba手游]最后一战\server\logserver\logserver\x64\release\vc140.pdb
d:\baidunetdiskdownload\最后一战\[moba手游]最后一战\[moba手游]最后一战\server\logserver\logserver\x64\release\stdafx.obj
d:\baidunetdiskdownload\最后一战\[moba手游]最后一战\[moba手游]最后一战\server\logserver\logserver\x64\release\lognetsessionmgr.obj
d:\baidunetdiskdownload\最后一战\[moba手游]最后一战\[moba手游]最后一战\server\logserver\logserver\x64\release\tolog.pb.obj
d:\baidunetdiskdownload\最后一战\[moba手游]最后一战\[moba手游]最后一战\server\logserver\logserver\x64\release\parseproto.obj
d:\baidunetdiskdownload\最后一战\[moba手游]最后一战\[moba手游]最后一战\server\logserver\logserver\x64\release\isrvclisession.obj
d:\baidunetdiskdownload\最后一战\[moba手游]最后一战\[moba手游]最后一战\server\logserver\logserver\x64\release\inetsessionmgr.obj
d:\baidunetdiskdownload\最后一战\[moba手游]最后一战\[moba手游]最后一战\server\logserver\logserver\x64\release\inetsession.obj
d:\baidunetdiskdownload\最后一战\[moba手游]最后一战\[moba手游]最后一战\server\logserver\logserver\x64\release\imsghandle.obj
d:\baidunetdiskdownload\最后一战\[moba手游]最后一战\[moba手游]最后一战\server\logserver\logserver\x64\release\iclisession.obj
d:\baidunetdiskdownload\最后一战\[moba手游]最后一战\[moba手游]最后一战\server\logserver\logserver\x64\release\ssactive.obj
d:\baidunetdiskdownload\最后一战\[moba手游]最后一战\[moba手游]最后一战\server\logserver\logserver\x64\release\timer.obj
d:\baidunetdiskdownload\最后一战\[moba手游]最后一战\[moba手游]最后一战\server\logserver\logserver\x64\release\loghandler.obj
d:\baidunetdiskdownload\最后一战\[moba手游]最后一战\[moba手游]最后一战\server\logserver\logserver\x64\release\logserver.vcxprojresolveassemblyreference.cache
d:\baidunetdiskdownload\最后一战\[moba手游]最后一战\[moba手游]最后一战\server\logserver\logserver\x64\release\clientsession.obj
d:\baidunetdiskdownload\最后一战\[moba手游]最后一战\[moba手游]最后一战\server\logserver\logserver\x64\release\csdatasource.obj
d:\baidunetdiskdownload\最后一战\[moba手游]最后一战\[moba手游]最后一战\server\logserver\logserver\x64\release\dbactivewrapper.obj
d:\baidunetdiskdownload\最后一战\[moba手游]最后一战\[moba手游]最后一战\server\logserver\logserver\x64\release\dbmgr.obj
d:\baidunetdiskdownload\最后一战\[moba手游]最后一战\[moba手游]最后一战\server\logserver\logserver\x64\release\logserver.obj
d:\baidunetdiskdownload\最后一战\[moba手游]最后一战\[moba手游]最后一战\server\logserver\logserver\x64\release\cl.command.1.tlog
d:\baidunetdiskdownload\最后一战\[moba手游]最后一战\[moba手游]最后一战\server\logserver\logserver\x64\release\cl.read.1.tlog
d:\baidunetdiskdownload\最后一战\[moba手游]最后一战\[moba手游]最后一战\server\logserver\logserver\x64\release\cl.write.1.tlog
d:\baidunetdiskdownload\最后一战\[moba手游]最后一战\[moba手游]最后一战\server\logserver\logserver\x64\release\link.command.1.tlog
d:\baidunetdiskdownload\最后一战\[moba手游]最后一战\[moba手游]最后一战\server\logserver\logserver\x64\release\link.read.1.tlog
d:\baidunetdiskdownload\最后一战\[moba手游]最后一战\[moba手游]最后一战\server\logserver\logserver\x64\release\link.write.1.tlog
d:\baidunetdiskdownload\最后一战\[moba手游]最后一战\[moba手游]最后一战\server\logserver\logserver\x64\release\logserver.write.1.tlog
d:\baidunetdiskdownload\最后一战\[moba手游]最后一战\[moba手游]最后一战\server\logserver\logserver\x64\release\mt.command.1.tlog
d:\baidunetdiskdownload\最后一战\[moba手游]最后一战\[moba手游]最后一战\server\logserver\logserver\x64\release\mt.read.1.tlog
d:\baidunetdiskdownload\最后一战\[moba手游]最后一战\[moba手游]最后一战\server\logserver\logserver\x64\release\mt.write.1.tlog
d:\baidunetdiskdownload\最后一战\[moba手游]最后一战\[moba手游]最后一战\server\logserver\logserver\x64\release\logserver.exe.intermediate.manifest
d:\baidunetdiskdownload\最后一战\[moba手游]最后一战\[moba手游]最后一战\server\logserver\logserver\x64\release\vc100.pdb
d:\baidunetdiskdownload\最后一战\[moba手游]最后一战\[moba手游]最后一战\server\logserver\logserver\..\..\bin\x64\release\logserver.exe
d:\baidunetdiskdownload\最后一战\[moba手游]最后一战\[moba手游]最后一战\server\logserver\logserver\x64\release\logserver.tlog\cl.command.1.tlog
d:\baidunetdiskdownload\最后一战\[moba手游]最后一战\[moba手游]最后一战\server\logserver\logserver\x64\release\logserver.tlog\cl.read.1.tlog
d:\baidunetdiskdownload\最后一战\[moba手游]最后一战\[moba手游]最后一战\server\logserver\logserver\x64\release\logserver.tlog\cl.write.1.tlog
